TN:
SF:/home/honeybadger/playground/oz_unittest/test/OpenZeppelin/contracts/Context.sol
FN:16,constructor
FN:19,_msgSender
FN:23,_msgData
FNF:3
FNH:2
FNDA:25,constructor
FNDA:88,_msgSender
FNDA:0,_msgData
DA:20,88
DA:24,0
DA:25,0
LF:3
LH:1
BRF:0
BRH:0
end_of_record
TN:
SF:/home/honeybadger/playground/oz_unittest/test/OpenZeppelin/contracts/ERC20.sol
FN:44,totalSupply
FN:51,balanceOf
FN:63,transfer
FN:71,allowance
FN:82,approve
FN:99,transferFrom
FN:117,increaseAllowance
FN:136,decreaseAllowance
FN:155,_transfer
FN:173,_mint
FN:192,_burn
FN:213,_approve
FN:227,_burnFrom
FNF:13
FNH:9
FNDA:1,totalSupply
FNDA:8,balanceOf
FNDA:8,transfer
FNDA:6,allowance
FNDA:18,approve
FNDA:14,transferFrom
FNDA:0,increaseAllowance
FNDA:0,decreaseAllowance
FNDA:22,_transfer
FNDA:25,_mint
FNDA:0,_burn
FNDA:22,_approve
FNDA:0,_burnFrom
DA:45,1
DA:52,8
DA:64,8
DA:65,4
DA:72,6
DA:83,18
DA:84,16
DA:100,14
DA:101,6
DA:102,4
DA:118,0
DA:119,0
DA:137,0
DA:138,0
DA:156,22
DA:157,20
DA:159,16
DA:160,10
DA:161,10
DA:174,25
DA:176,25
DA:177,25
DA:178,25
DA:193,0
DA:195,0
DA:196,0
DA:197,0
DA:214,22
DA:215,22
DA:217,20
DA:218,20
DA:228,0
DA:229,0
LF:33
LH:23
BRDA:156,1,0,20
BRDA:156,1,1,2
BRDA:157,2,0,16
BRDA:157,2,1,4
BRDA:174,3,0,25
BRDA:174,3,1,0
BRDA:193,4,0,0
BRDA:193,4,1,0
BRDA:214,5,0,22
BRDA:214,5,1,0
BRDA:215,6,0,20
BRDA:215,6,1,2
BRF:12
BRH:8
end_of_record
TN:
SF:/home/honeybadger/playground/oz_unittest/test/OpenZeppelin/contracts/ERC20Detailed.sol
FN:18,constructor
FN:27,name
FN:35,symbol
FN:51,decimals
FNF:4
FNH:1
FNDA:25,constructor
FNDA:0,name
FNDA:0,symbol
FNDA:0,decimals
DA:19,25
DA:20,25
DA:21,25
DA:28,0
DA:36,0
DA:52,0
LF:6
LH:3
BRF:0
BRH:0
end_of_record
TN:
SF:/home/honeybadger/playground/oz_unittest/test/OpenZeppelin/contracts/ERC20Mintable.sol
FN:20,mint
FNF:1
FNH:0
FNDA:0,mint
DA:21,0
DA:22,0
LF:2
LH:0
BRF:0
BRH:0
end_of_record
TN:
SF:/home/honeybadger/playground/oz_unittest/test/OpenZeppelin/contracts/ERC20Mock.sol
FN:7,constructor
FN:11,mint
FN:15,burn
FN:19,burnFrom
FN:23,transferInternal
FN:27,approveInternal
FNF:6
FNH:0
FNDA:0,constructor
FNDA:0,mint
FNDA:0,burn
FNDA:0,burnFrom
FNDA:0,transferInternal
FNDA:0,approveInternal
DA:8,0
DA:12,0
DA:16,0
DA:20,0
DA:24,0
DA:28,0
LF:6
LH:0
BRF:0
BRH:0
end_of_record
TN:
SF:/home/honeybadger/playground/oz_unittest/test/OpenZeppelin/contracts/MinterRole.sol
FN:14,constructor
FN:18,onlyMinter
FN:23,isMinter
FN:27,addMinter
FN:31,renounceMinter
FN:35,_addMinter
FN:40,_removeMinter
FNF:7
FNH:2
FNDA:25,constructor
FNDA:0,onlyMinter
FNDA:0,isMinter
FNDA:0,addMinter
FNDA:0,renounceMinter
FNDA:25,_addMinter
FNDA:0,_removeMinter
DA:15,25
DA:19,0
DA:20,0
DA:24,0
DA:28,0
DA:32,0
DA:36,25
DA:37,25
DA:41,0
DA:42,0
LF:10
LH:3
BRDA:19,1,0,0
BRDA:19,1,1,0
BRF:2
BRH:0
end_of_record
TN:
SF:/home/honeybadger/playground/oz_unittest/test/OpenZeppelin/contracts/OpenZeppelin.sol
FN:12,constructor
FNF:1
FNH:1
FNDA:25,constructor
DA:13,25
LF:1
LH:1
BRF:0
BRH:0
end_of_record
TN:
SF:/home/honeybadger/playground/oz_unittest/test/OpenZeppelin/contracts/Ownable.sol
FN:21,constructor
FN:30,owner
FN:37,onlyOwner
FN:45,isOwner
FN:56,renounceOwnership
FN:65,transferOwnership
FN:72,_transferOwnership
FNF:7
FNH:1
FNDA:25,constructor
FNDA:0,owner
FNDA:0,onlyOwner
FNDA:0,isOwner
FNDA:0,renounceOwnership
FNDA:0,transferOwnership
FNDA:0,_transferOwnership
DA:22,25
DA:23,25
DA:24,25
DA:31,0
DA:38,0
DA:39,0
DA:46,0
DA:57,0
DA:58,0
DA:66,0
DA:73,0
DA:74,0
DA:75,0
LF:13
LH:3
BRDA:38,1,0,0
BRDA:38,1,1,0
BRDA:73,2,0,0
BRDA:73,2,1,0
BRF:4
BRH:0
end_of_record
TN:
SF:/home/honeybadger/playground/oz_unittest/test/OpenZeppelin/contracts/Roles.sol
FN:15,add
FN:23,remove
FN:32,has
FNF:3
FNH:2
FNDA:25,add
FNDA:0,remove
FNDA:25,has
DA:16,25
DA:17,25
DA:24,0
DA:25,0
DA:33,25
DA:34,25
LF:6
LH:4
BRDA:16,1,0,25
BRDA:16,1,1,0
BRDA:24,2,0,0
BRDA:24,2,1,0
BRDA:33,3,0,25
BRDA:33,3,1,0
BRF:6
BRH:2
end_of_record
TN:
SF:/home/honeybadger/playground/oz_unittest/test/OpenZeppelin/contracts/SafeMath.sol
FN:26,add
FN:42,sub
FN:57,sub
FN:73,mul
FN:98,div
FN:115,div
FN:135,mod
FN:152,mod
FNF:8
FNH:2
FNDA:60,add
FNDA:0,sub
FNDA:22,sub
FNDA:0,mul
FNDA:0,div
FNDA:0,div
FNDA:0,mod
FNDA:0,mod
DA:27,60
DA:28,60
DA:30,60
DA:43,0
DA:58,22
DA:59,14
DA:61,14
DA:77,0
DA:78,0
DA:81,0
DA:82,0
DA:84,0
DA:99,0
DA:117,0
DA:118,0
DA:121,0
DA:136,0
DA:153,0
DA:154,0
LF:19
LH:6
BRDA:28,1,0,60
BRDA:28,1,1,0
BRDA:58,2,0,14
BRDA:58,2,1,8
BRDA:77,3,0,0
BRDA:77,3,1,0
BRDA:82,4,0,0
BRDA:82,4,1,0
BRDA:117,5,0,0
BRDA:117,5,1,0
BRDA:153,6,0,0
BRDA:153,6,1,0
BRF:12
BRH:3
end_of_record
