{
"contracts/BitAseanToken.sol":{"l":{"12":20,"16":0,"17":0,"50":20,"51":20,"52":20,"53":20,"54":20,"59":0,"60":0,"61":0,"62":0,"63":0,"69":14,"70":14,"76":0,"77":0,"78":0,"79":0,"85":0,"86":0,"87":0,"88":0,"89":0,"90":0,"91":0,"92":0,"97":0,"119":6,"120":4,"121":4,"122":4,"123":4,"124":4,"130":9,"131":9,"132":5,"133":5,"134":3,"135":3,"136":3,"137":3,"138":3,"142":0,"143":0,"144":0,"145":0,"149":0,"150":0},"path":"/home/honeybadger/playground/oz_unittest/test/BitAseanToken/contracts/BitAseanToken.sol","s":{"1":20,"2":0,"3":0,"4":20,"5":20,"6":20,"7":20,"8":20,"9":0,"10":0,"11":0,"12":0,"13":0,"14":0,"15":0,"16":14,"17":14,"18":0,"19":0,"20":0,"21":0,"22":0,"23":0,"24":0,"25":0,"26":0,"27":0,"28":0,"29":0,"30":0,"31":0,"32":0,"33":0,"34":6,"35":2,"36":4,"37":0,"38":4,"39":0,"40":4,"41":4,"42":4,"43":9,"44":0,"45":9,"46":4,"47":5,"48":0,"49":5,"50":2,"51":3,"52":3,"53":3,"54":3,"55":3,"56":0,"57":0,"58":0,"59":0,"60":0,"61":0},"b":{"1":[0,0],"2":[0,0],"3":[0,0],"4":[0,0],"5":[0,0],"6":[0,0],"7":[0,0],"8":[2,4],"9":[0,4],"10":[0,4],"11":[0,9],"12":[4,5],"13":[0,5],"14":[2,3]},"f":{"1":20,"2":0,"3":20,"4":0,"5":14,"6":0,"7":0,"8":0,"9":20,"10":6,"11":9,"12":0,"13":0},"fnMap":{"1":{"name":"constructor","line":11,"loc":{"start":{"line":11,"column":4},"end":{"line":11,"column":18}}},"2":{"name":"onlyOwner","line":15,"loc":{"start":{"line":15,"column":4},"end":{"line":15,"column":20}}},"3":{"name":"constructor","line":44,"loc":{"start":{"line":44,"column":4},"end":{"line":49,"column":11}}},"4":{"name":"transfer","line":58,"loc":{"start":{"line":58,"column":4},"end":{"line":58,"column":48}}},"5":{"name":"approve","line":67,"loc":{"start":{"line":67,"column":4},"end":{"line":68,"column":32}}},"6":{"name":"approveAndCall","line":74,"loc":{"start":{"line":74,"column":4},"end":{"line":75,"column":32}}},"7":{"name":"transferFrom","line":84,"loc":{"start":{"line":84,"column":4},"end":{"line":84,"column":90}}},"8":{"name":"","line":96,"loc":{"start":{"line":96,"column":4},"end":{"line":96,"column":13}}},"9":{"name":"constructor","line":114,"loc":{"start":{"line":114,"column":64},"end":{"line":114,"column":3}}},"10":{"name":"transfer","line":118,"loc":{"start":{"line":118,"column":4},"end":{"line":118,"column":48}}},"11":{"name":"transferFrom","line":129,"loc":{"start":{"line":129,"column":4},"end":{"line":129,"column":90}}},"12":{"name":"mintToken","line":141,"loc":{"start":{"line":141,"column":69},"end":{"line":141,"column":3}}},"13":{"name":"freezeAccount","line":148,"loc":{"start":{"line":148,"column":64},"end":{"line":148,"column":3}}}},"statementMap":{"1":{"start":{"line":12,"column":8},"end":{"line":12,"column":25}},"2":{"start":{"line":16,"column":8},"end":{"line":16,"column":41}},"3":{"start":{"line":16,"column":33},"end":{"line":16,"column":40}},"4":{"start":{"line":50,"column":8},"end":{"line":50,"column":44}},"5":{"start":{"line":51,"column":8},"end":{"line":51,"column":34}},"6":{"start":{"line":52,"column":8},"end":{"line":52,"column":23}},"7":{"start":{"line":53,"column":8},"end":{"line":53,"column":27}},"8":{"start":{"line":54,"column":8},"end":{"line":54,"column":30}},"9":{"start":{"line":59,"column":8},"end":{"line":59,"column":52}},"10":{"start":{"line":59,"column":44},"end":{"line":59,"column":51}},"11":{"start":{"line":60,"column":8},"end":{"line":60,"column":62}},"12":{"start":{"line":60,"column":54},"end":{"line":60,"column":61}},"13":{"start":{"line":61,"column":8},"end":{"line":61,"column":38}},"14":{"start":{"line":62,"column":8},"end":{"line":62,"column":31}},"15":{"start":{"line":63,"column":8},"end":{"line":63,"column":40}},"16":{"start":{"line":69,"column":8},"end":{"line":69,"column":47}},"17":{"start":{"line":70,"column":8},"end":{"line":70,"column":19}},"18":{"start":{"line":76,"column":8},"end":{"line":76,"column":57}},"19":{"start":{"line":77,"column":8},"end":{"line":77,"column":2812}},"20":{"start":{"line":78,"column":12},"end":{"line":78,"column":72}},"21":{"start":{"line":79,"column":12},"end":{"line":79,"column":23}},"22":{"start":{"line":85,"column":8},"end":{"line":85,"column":47}},"23":{"start":{"line":85,"column":39},"end":{"line":85,"column":46}},"24":{"start":{"line":86,"column":8},"end":{"line":86,"column":62}},"25":{"start":{"line":86,"column":54},"end":{"line":86,"column":61}},"26":{"start":{"line":87,"column":8},"end":{"line":87,"column":59}},"27":{"start":{"line":87,"column":51},"end":{"line":87,"column":58}},"28":{"start":{"line":88,"column":8},"end":{"line":88,"column":33}},"29":{"start":{"line":89,"column":8},"end":{"line":89,"column":31}},"30":{"start":{"line":90,"column":8},"end":{"line":90,"column":45}},"31":{"start":{"line":91,"column":8},"end":{"line":91,"column":35}},"32":{"start":{"line":92,"column":8},"end":{"line":92,"column":19}},"33":{"start":{"line":97,"column":8},"end":{"line":97,"column":15}},"34":{"start":{"line":119,"column":8},"end":{"line":119,"column":52}},"35":{"start":{"line":119,"column":44},"end":{"line":119,"column":51}},"36":{"start":{"line":120,"column":8},"end":{"line":120,"column":62}},"37":{"start":{"line":120,"column":54},"end":{"line":120,"column":61}},"38":{"start":{"line":121,"column":8},"end":{"line":121,"column":47}},"39":{"start":{"line":121,"column":39},"end":{"line":121,"column":46}},"40":{"start":{"line":122,"column":8},"end":{"line":122,"column":38}},"41":{"start":{"line":123,"column":8},"end":{"line":123,"column":31}},"42":{"start":{"line":124,"column":8},"end":{"line":124,"column":40}},"43":{"start":{"line":130,"column":8},"end":{"line":130,"column":42}},"44":{"start":{"line":130,"column":34},"end":{"line":130,"column":41}},"45":{"start":{"line":131,"column":8},"end":{"line":131,"column":47}},"46":{"start":{"line":131,"column":39},"end":{"line":131,"column":46}},"47":{"start":{"line":132,"column":8},"end":{"line":132,"column":62}},"48":{"start":{"line":132,"column":54},"end":{"line":132,"column":61}},"49":{"start":{"line":133,"column":8},"end":{"line":133,"column":59}},"50":{"start":{"line":133,"column":51},"end":{"line":133,"column":58}},"51":{"start":{"line":134,"column":8},"end":{"line":134,"column":33}},"52":{"start":{"line":135,"column":8},"end":{"line":135,"column":31}},"53":{"start":{"line":136,"column":8},"end":{"line":136,"column":45}},"54":{"start":{"line":137,"column":8},"end":{"line":137,"column":35}},"55":{"start":{"line":138,"column":8},"end":{"line":138,"column":19}},"56":{"start":{"line":142,"column":8},"end":{"line":142,"column":40}},"57":{"start":{"line":143,"column":8},"end":{"line":143,"column":34}},"58":{"start":{"line":144,"column":8},"end":{"line":144,"column":38}},"59":{"start":{"line":145,"column":8},"end":{"line":145,"column":43}},"60":{"start":{"line":149,"column":8},"end":{"line":149,"column":37}},"61":{"start":{"line":150,"column":8},"end":{"line":150,"column":34}}},"branchMap":{"1":{"line":16,"type":"if","locations":[{"start":{"line":16,"column":8},"end":{"line":16,"column":8}},{"start":{"line":16,"column":8},"end":{"line":16,"column":8}}]},"2":{"line":59,"type":"if","locations":[{"start":{"line":59,"column":8},"end":{"line":59,"column":8}},{"start":{"line":59,"column":8},"end":{"line":59,"column":8}}]},"3":{"line":60,"type":"if","locations":[{"start":{"line":60,"column":8},"end":{"line":60,"column":8}},{"start":{"line":60,"column":8},"end":{"line":60,"column":8}}]},"4":{"line":77,"type":"if","locations":[{"start":{"line":77,"column":8},"end":{"line":77,"column":8}},{"start":{"line":77,"column":8},"end":{"line":77,"column":8}}]},"5":{"line":85,"type":"if","locations":[{"start":{"line":85,"column":8},"end":{"line":85,"column":8}},{"start":{"line":85,"column":8},"end":{"line":85,"column":8}}]},"6":{"line":86,"type":"if","locations":[{"start":{"line":86,"column":8},"end":{"line":86,"column":8}},{"start":{"line":86,"column":8},"end":{"line":86,"column":8}}]},"7":{"line":87,"type":"if","locations":[{"start":{"line":87,"column":8},"end":{"line":87,"column":8}},{"start":{"line":87,"column":8},"end":{"line":87,"column":8}}]},"8":{"line":119,"type":"if","locations":[{"start":{"line":119,"column":8},"end":{"line":119,"column":8}},{"start":{"line":119,"column":8},"end":{"line":119,"column":8}}]},"9":{"line":120,"type":"if","locations":[{"start":{"line":120,"column":8},"end":{"line":120,"column":8}},{"start":{"line":120,"column":8},"end":{"line":120,"column":8}}]},"10":{"line":121,"type":"if","locations":[{"start":{"line":121,"column":8},"end":{"line":121,"column":8}},{"start":{"line":121,"column":8},"end":{"line":121,"column":8}}]},"11":{"line":130,"type":"if","locations":[{"start":{"line":130,"column":8},"end":{"line":130,"column":8}},{"start":{"line":130,"column":8},"end":{"line":130,"column":8}}]},"12":{"line":131,"type":"if","locations":[{"start":{"line":131,"column":8},"end":{"line":131,"column":8}},{"start":{"line":131,"column":8},"end":{"line":131,"column":8}}]},"13":{"line":132,"type":"if","locations":[{"start":{"line":132,"column":8},"end":{"line":132,"column":8}},{"start":{"line":132,"column":8},"end":{"line":132,"column":8}}]},"14":{"line":133,"type":"if","locations":[{"start":{"line":133,"column":8},"end":{"line":133,"column":8}},{"start":{"line":133,"column":8},"end":{"line":133,"column":8}}]}}}}
