TN:
SF:/home/honeybadger/playground/oz_unittest/test/BitAseanToken/contracts/BitAseanToken.sol
FN:11,constructor
FN:15,onlyOwner
FN:44,constructor
FN:58,transfer
FN:67,approve
FN:74,approveAndCall
FN:84,transferFrom
FN:96,
FN:114,constructor
FN:118,transfer
FN:129,transferFrom
FN:141,mintToken
FN:148,freezeAccount
FNF:13
FNH:6
FNDA:20,constructor
FNDA:0,onlyOwner
FNDA:20,constructor
FNDA:0,transfer
FNDA:14,approve
FNDA:0,approveAndCall
FNDA:0,transferFrom
FNDA:0,
FNDA:20,constructor
FNDA:6,transfer
FNDA:9,transferFrom
FNDA:0,mintToken
FNDA:0,freezeAccount
DA:12,20
DA:16,0
DA:17,0
DA:50,20
DA:51,20
DA:52,20
DA:53,20
DA:54,20
DA:59,0
DA:60,0
DA:61,0
DA:62,0
DA:63,0
DA:69,14
DA:70,14
DA:76,0
DA:77,0
DA:78,0
DA:79,0
DA:85,0
DA:86,0
DA:87,0
DA:88,0
DA:89,0
DA:90,0
DA:91,0
DA:92,0
DA:97,0
DA:119,6
DA:120,4
DA:121,4
DA:122,4
DA:123,4
DA:124,4
DA:130,9
DA:131,9
DA:132,5
DA:133,5
DA:134,3
DA:135,3
DA:136,3
DA:137,3
DA:138,3
DA:142,0
DA:143,0
DA:144,0
DA:145,0
DA:149,0
DA:150,0
LF:49
LH:23
BRDA:16,1,0,0
BRDA:16,1,1,0
BRDA:59,2,0,0
BRDA:59,2,1,0
BRDA:60,3,0,0
BRDA:60,3,1,0
BRDA:77,4,0,0
BRDA:77,4,1,0
BRDA:85,5,0,0
BRDA:85,5,1,0
BRDA:86,6,0,0
BRDA:86,6,1,0
BRDA:87,7,0,0
BRDA:87,7,1,0
BRDA:119,8,0,2
BRDA:119,8,1,4
BRDA:120,9,0,0
BRDA:120,9,1,4
BRDA:121,10,0,0
BRDA:121,10,1,4
BRDA:130,11,0,0
BRDA:130,11,1,9
BRDA:131,12,0,4
BRDA:131,12,1,5
BRDA:132,13,0,0
BRDA:132,13,1,5
BRDA:133,14,0,2
BRDA:133,14,1,3
BRF:28
BRH:10
end_of_record
