{"contracts/AmberToken.sol":{"l":{"28":0,"29":0,"35":0,"36":0,"68":0,"69":0,"70":0,"79":0,"80":0,"81":0,"90":0,"91":0,"92":0,"102":0,"103":0,"104":0,"111":0,"112":0,"113":0,"114":0,"115":0,"116":0,"126":0,"127":0,"128":0,"130":0,"140":0,"141":0,"142":0,"143":0,"145":0,"155":0,"156":0,"157":0,"159":0,"164":0,"172":0,"177":0,"178":0,"183":0,"184":0,"189":0,"190":0,"218":0,"291":0,"292":0,"293":0,"294":0,"309":0,"310":0,"313":0,"314":0,"315":0,"316":0,"317":0,"330":0,"343":0,"358":0,"359":0,"360":0,"361":0,"362":0,"372":0,"376":0,"379":0,"380":0,"382":0,"383":0,"385":0,"386":0,"388":0,"389":0,"391":0,"404":0,"405":0,"418":0,"419":0,"434":0,"435":0,"436":0,"452":0,"453":0,"454":0,"470":0,"471":0,"472":0,"486":0},"path":"/home/honeybadger/playground/oz_unittest/contracts/AmberToken.sol","s":{"1":0,"2":0,"3":0,"4":0,"5":0,"6":0,"7":0,"8":0,"9":0,"10":0,"11":0,"12":0,"13":0,"14":0,"15":0,"16":0,"17":0,"18":0,"19":0,"20":0,"21":0,"22":0,"23":0,"24":0,"25":0,"26":0,"27":0,"28":0,"29":0,"30":0,"31":0,"32":0,"33":0,"34":0,"35":0,"36":0,"37":0,"38":0,"39":0,"40":0,"41":0,"42":0,"43":0,"44":0,"45":0,"46":0,"47":0,"48":0,"49":0,"50":0,"51":0,"52":0,"53":0,"54":0,"55":0,"56":0,"57":0,"58":0,"59":0,"60":0,"61":0,"62":0,"63":0,"64":0,"65":0,"66":0,"67":0,"68":0,"69":0,"70":0,"71":0,"72":0,"73":0,"74":0,"75":0,"76":0,"77":0,"78":0,"79":0,"80":0,"81":0,"82":0,"83":0,"84":0,"85":0,"86":0,"87":0,"88":0,"89":0,"90":0,"91":0,"92":0,"93":0,"94":0,"95":0,"96":0},"b":{"1":[0,0],"2":[0,0],"3":[0,0],"4":[0,0],"5":[0,0],"6":[0,0],"7":[0,0],"8":[0,0],"9":[0,0],"10":[0,0],"11":[0,0],"12":[0,0],"13":[0,0],"14":[0,0],"15":[0,0],"16":[0,0],"17":[0,0],"18":[0,0],"19":[0,0],"20":[0,0],"21":[0,0],"22":[0,0],"23":[0,0],"24":[0,0],"25":[0,0],"26":[0,0]},"f":{"1":0,"2":0,"3":0,"4":0,"5":0,"6":0,"7":0,"8":0,"9":0,"10":0,"11":0,"12":0,"13":0,"14":0,"15":0,"16":0,"17":0,"18":0,"19":0,"20":0,"21":0,"22":0,"23":0,"24":0,"25":0,"26":0,"27":0,"28":0,"29":0,"30":0,"31":0,"32":0,"33":0,"34":0,"35":0,"36":0,"37":0,"38":0,"39":0,"40":0,"41":0,"42":0},"fnMap":{"1":{"name":"only_owner","line":27,"loc":{"start":{"line":27,"column":1},"end":{"line":27,"column":21}}},"2":{"name":"setOwner","line":34,"loc":{"start":{"line":34,"column":42},"end":{"line":34,"column":3}}},"3":{"name":"constructor","line":60,"loc":{"start":{"line":60,"column":1},"end":{"line":60,"column":23}}},"4":{"name":"mint","line":65,"loc":{"start":{"line":65,"column":11},"end":{"line":67,"column":2}}},"5":{"name":"mintLocked","line":76,"loc":{"start":{"line":76,"column":11},"end":{"line":78,"column":2}}},"6":{"name":"finalise","line":87,"loc":{"start":{"line":87,"column":11},"end":{"line":89,"column":2}}},"7":{"name":"currentPhase","line":97,"loc":{"start":{"line":97,"column":1},"end":{"line":101,"column":2}}},"8":{"name":"unlockTokens","line":108,"loc":{"start":{"line":108,"column":1},"end":{"line":110,"column":2}}},"9":{"name":"transfer","line":123,"loc":{"start":{"line":123,"column":12},"end":{"line":125,"column":2}}},"10":{"name":"transferFrom","line":137,"loc":{"start":{"line":137,"column":12},"end":{"line":139,"column":2}}},"11":{"name":"approve","line":150,"loc":{"start":{"line":150,"column":12},"end":{"line":152,"column":2}}},"12":{"name":"balanceOf","line":163,"loc":{"start":{"line":163,"column":1},"end":{"line":163,"column":61}}},"13":{"name":"allowance","line":168,"loc":{"start":{"line":168,"column":1},"end":{"line":171,"column":2}}},"14":{"name":"when_owns","line":176,"loc":{"start":{"line":176,"column":1},"end":{"line":176,"column":50}}},"15":{"name":"when_has_allowance","line":182,"loc":{"start":{"line":182,"column":1},"end":{"line":182,"column":77}}},"16":{"name":"when_liquid","line":188,"loc":{"start":{"line":188,"column":1},"end":{"line":188,"column":22}}},"17":{"name":"constructor","line":217,"loc":{"start":{"line":217,"column":1},"end":{"line":217,"column":25}}},"18":{"name":"only_admin","line":222,"loc":{"start":{"line":222,"column":1},"end":{"line":222,"column":21}}},"19":{"name":"only_prepurchaser","line":224,"loc":{"start":{"line":224,"column":1},"end":{"line":224,"column":28}}},"20":{"name":"is_valid_buyin","line":227,"loc":{"start":{"line":227,"column":1},"end":{"line":227,"column":25}}},"21":{"name":"is_under_cap_with","line":229,"loc":{"start":{"line":229,"column":1},"end":{"line":229,"column":40}}},"22":{"name":"only_certified","line":231,"loc":{"start":{"line":231,"column":1},"end":{"line":231,"column":38}}},"23":{"name":"only_before_period","line":243,"loc":{"start":{"line":243,"column":1},"end":{"line":243,"column":29}}},"24":{"name":"only_during_period","line":245,"loc":{"start":{"line":245,"column":1},"end":{"line":245,"column":29}}},"25":{"name":"only_during_paused_period","line":247,"loc":{"start":{"line":247,"column":1},"end":{"line":247,"column":36}}},"26":{"name":"only_after_sale","line":249,"loc":{"start":{"line":249,"column":1},"end":{"line":249,"column":26}}},"27":{"name":"when_allocations_uninitialised","line":259,"loc":{"start":{"line":259,"column":1},"end":{"line":259,"column":41}}},"28":{"name":"when_allocatable_liquid","line":261,"loc":{"start":{"line":261,"column":1},"end":{"line":261,"column":47}}},"29":{"name":"when_allocatable_locked","line":263,"loc":{"start":{"line":263,"column":1},"end":{"line":263,"column":47}}},"30":{"name":"when_allocations_complete","line":265,"loc":{"start":{"line":265,"column":1},"end":{"line":265,"column":36}}},"31":{"name":"notePrepurchase","line":287,"loc":{"start":{"line":287,"column":19},"end":{"line":289,"column":2}}},"32":{"name":"specialPurchase","line":305,"loc":{"start":{"line":305,"column":29},"end":{"line":308,"column":2}}},"33":{"name":"","line":326,"loc":{"start":{"line":326,"column":27},"end":{"line":329,"column":2}}},"34":{"name":"purchaseTo","line":339,"loc":{"start":{"line":339,"column":27},"end":{"line":342,"column":2}}},"35":{"name":"processPurchase","line":354,"loc":{"start":{"line":354,"column":29},"end":{"line":356,"column":2}}},"36":{"name":"buyinReturn","line":366,"loc":{"start":{"line":366,"column":1},"end":{"line":370,"column":2}}},"37":{"name":"pause","line":401,"loc":{"start":{"line":401,"column":19},"end":{"line":403,"column":2}}},"38":{"name":"unpause","line":415,"loc":{"start":{"line":415,"column":26},"end":{"line":417,"column":2}}},"39":{"name":"initialiseAllocations","line":432,"loc":{"start":{"line":432,"column":31},"end":{"line":433,"column":2}}},"40":{"name":"allocateLiquid","line":448,"loc":{"start":{"line":448,"column":32},"end":{"line":450,"column":2}}},"41":{"name":"allocateLocked","line":466,"loc":{"start":{"line":466,"column":32},"end":{"line":468,"column":2}}},"42":{"name":"finalise","line":483,"loc":{"start":{"line":483,"column":26},"end":{"line":485,"column":2}}}},"statementMap":{"1":{"start":{"line":28,"column":2},"end":{"line":28,"column":30}},"2":{"start":{"line":35,"column":2},"end":{"line":35,"column":22}},"3":{"start":{"line":36,"column":2},"end":{"line":36,"column":13}},"4":{"start":{"line":68,"column":2},"end":{"line":68,"column":33}},"5":{"start":{"line":69,"column":2},"end":{"line":69,"column":22}},"6":{"start":{"line":70,"column":2},"end":{"line":70,"column":21}},"7":{"start":{"line":79,"column":2},"end":{"line":79,"column":56}},"8":{"start":{"line":80,"column":2},"end":{"line":80,"column":22}},"9":{"start":{"line":81,"column":2},"end":{"line":81,"column":27}},"10":{"start":{"line":90,"column":2},"end":{"line":90,"column":15}},"11":{"start":{"line":91,"column":2},"end":{"line":91,"column":10}},"12":{"start":{"line":92,"column":2},"end":{"line":92,"column":17}},"13":{"start":{"line":102,"column":2},"end":{"line":102,"column":25}},"14":{"start":{"line":103,"column":2},"end":{"line":103,"column":46}},"15":{"start":{"line":104,"column":2},"end":{"line":104,"column":46}},"16":{"start":{"line":111,"column":2},"end":{"line":111,"column":29}},"17":{"start":{"line":112,"column":2},"end":{"line":112,"column":45}},"18":{"start":{"line":113,"column":2},"end":{"line":113,"column":43}},"19":{"start":{"line":114,"column":2},"end":{"line":114,"column":3299}},"20":{"start":{"line":115,"column":3},"end":{"line":115,"column":56}},"21":{"start":{"line":116,"column":3},"end":{"line":116,"column":34}},"22":{"start":{"line":126,"column":2},"end":{"line":126,"column":34}},"23":{"start":{"line":127,"column":2},"end":{"line":127,"column":39}},"24":{"start":{"line":128,"column":2},"end":{"line":128,"column":32}},"25":{"start":{"line":130,"column":2},"end":{"line":130,"column":13}},"26":{"start":{"line":140,"column":2},"end":{"line":140,"column":29}},"27":{"start":{"line":141,"column":2},"end":{"line":141,"column":50}},"28":{"start":{"line":142,"column":2},"end":{"line":142,"column":34}},"29":{"start":{"line":143,"column":2},"end":{"line":143,"column":32}},"30":{"start":{"line":145,"column":2},"end":{"line":145,"column":13}},"31":{"start":{"line":155,"column":2},"end":{"line":155,"column":73}},"32":{"start":{"line":156,"column":2},"end":{"line":156,"column":39}},"33":{"start":{"line":157,"column":2},"end":{"line":157,"column":52}},"34":{"start":{"line":159,"column":2},"end":{"line":159,"column":13}},"35":{"start":{"line":164,"column":2},"end":{"line":164,"column":31}},"36":{"start":{"line":172,"column":2},"end":{"line":172,"column":47}},"37":{"start":{"line":177,"column":2},"end":{"line":177,"column":46}},"38":{"start":{"line":183,"column":2},"end":{"line":183,"column":60}},"39":{"start":{"line":189,"column":2},"end":{"line":189,"column":18}},"40":{"start":{"line":218,"column":2},"end":{"line":218,"column":26}},"41":{"start":{"line":222,"column":23},"end":{"line":222,"column":59}},"42":{"start":{"line":224,"column":30},"end":{"line":224,"column":65}},"43":{"start":{"line":227,"column":27},"end":{"line":227,"column":102}},"44":{"start":{"line":229,"column":42},"end":{"line":229,"column":85}},"45":{"start":{"line":231,"column":40},"end":{"line":231,"column":73}},"46":{"start":{"line":243,"column":31},"end":{"line":243,"column":56}},"47":{"start":{"line":245,"column":31},"end":{"line":245,"column":88}},"48":{"start":{"line":247,"column":38},"end":{"line":247,"column":94}},"49":{"start":{"line":249,"column":28},"end":{"line":249,"column":82}},"50":{"start":{"line":259,"column":43},"end":{"line":259,"column":75}},"51":{"start":{"line":261,"column":49},"end":{"line":261,"column":85}},"52":{"start":{"line":263,"column":49},"end":{"line":263,"column":85}},"53":{"start":{"line":265,"column":38},"end":{"line":265,"column":121}},"54":{"start":{"line":291,"column":2},"end":{"line":291,"column":30}},"55":{"start":{"line":292,"column":2},"end":{"line":292,"column":26}},"56":{"start":{"line":293,"column":2},"end":{"line":293,"column":24}},"57":{"start":{"line":294,"column":2},"end":{"line":294,"column":43}},"58":{"start":{"line":309,"column":2},"end":{"line":309,"column":54}},"59":{"start":{"line":310,"column":2},"end":{"line":310,"column":21}},"60":{"start":{"line":313,"column":2},"end":{"line":313,"column":32}},"61":{"start":{"line":314,"column":2},"end":{"line":314,"column":29}},"62":{"start":{"line":315,"column":2},"end":{"line":315,"column":25}},"63":{"start":{"line":316,"column":2},"end":{"line":316,"column":20}},"64":{"start":{"line":317,"column":2},"end":{"line":317,"column":48}},"65":{"start":{"line":330,"column":2},"end":{"line":330,"column":28}},"66":{"start":{"line":343,"column":2},"end":{"line":343,"column":28}},"67":{"start":{"line":358,"column":2},"end":{"line":358,"column":52}},"68":{"start":{"line":359,"column":2},"end":{"line":359,"column":29}},"69":{"start":{"line":360,"column":2},"end":{"line":360,"column":25}},"70":{"start":{"line":361,"column":2},"end":{"line":361,"column":40}},"71":{"start":{"line":362,"column":2},"end":{"line":362,"column":33}},"72":{"start":{"line":372,"column":2},"end":{"line":372,"column":11440}},"73":{"start":{"line":376,"column":3},"end":{"line":376,"column":32}},"74":{"start":{"line":379,"column":2},"end":{"line":379,"column":11623}},"75":{"start":{"line":380,"column":3},"end":{"line":380,"column":24}},"76":{"start":{"line":382,"column":2},"end":{"line":382,"column":11702}},"77":{"start":{"line":383,"column":3},"end":{"line":383,"column":22}},"78":{"start":{"line":385,"column":2},"end":{"line":385,"column":11781}},"79":{"start":{"line":386,"column":3},"end":{"line":386,"column":22}},"80":{"start":{"line":388,"column":2},"end":{"line":388,"column":11860}},"81":{"start":{"line":389,"column":3},"end":{"line":389,"column":22}},"82":{"start":{"line":391,"column":2},"end":{"line":391,"column":10}},"83":{"start":{"line":404,"column":2},"end":{"line":404,"column":16}},"84":{"start":{"line":405,"column":2},"end":{"line":405,"column":9}},"85":{"start":{"line":418,"column":2},"end":{"line":418,"column":17}},"86":{"start":{"line":419,"column":2},"end":{"line":419,"column":11}},"87":{"start":{"line":434,"column":2},"end":{"line":434,"column":30}},"88":{"start":{"line":435,"column":2},"end":{"line":435,"column":77}},"89":{"start":{"line":436,"column":2},"end":{"line":436,"column":77}},"90":{"start":{"line":452,"column":2},"end":{"line":452,"column":26}},"91":{"start":{"line":453,"column":2},"end":{"line":453,"column":28}},"92":{"start":{"line":454,"column":2},"end":{"line":454,"column":30}},"93":{"start":{"line":470,"column":2},"end":{"line":470,"column":32}},"94":{"start":{"line":471,"column":2},"end":{"line":471,"column":28}},"95":{"start":{"line":472,"column":2},"end":{"line":472,"column":31}},"96":{"start":{"line":486,"column":2},"end":{"line":486,"column":18}}},"branchMap":{"1":{"line":28,"type":"if","locations":[{"start":{"line":28,"column":2},"end":{"line":28,"column":2}},{"start":{"line":28,"column":2},"end":{"line":28,"column":2}}]},"2":{"line":102,"type":"if","locations":[{"start":{"line":102,"column":2},"end":{"line":102,"column":2}},{"start":{"line":102,"column":2},"end":{"line":102,"column":2}}]},"3":{"line":114,"type":"if","locations":[{"start":{"line":114,"column":2},"end":{"line":114,"column":2}},{"start":{"line":114,"column":2},"end":{"line":114,"column":2}}]},"4":{"line":155,"type":"if","locations":[{"start":{"line":155,"column":2},"end":{"line":155,"column":2}},{"start":{"line":155,"column":2},"end":{"line":155,"column":2}}]},"5":{"line":177,"type":"if","locations":[{"start":{"line":177,"column":2},"end":{"line":177,"column":2}},{"start":{"line":177,"column":2},"end":{"line":177,"column":2}}]},"6":{"line":183,"type":"if","locations":[{"start":{"line":183,"column":2},"end":{"line":183,"column":2}},{"start":{"line":183,"column":2},"end":{"line":183,"column":2}}]},"7":{"line":189,"type":"if","locations":[{"start":{"line":189,"column":2},"end":{"line":189,"column":2}},{"start":{"line":189,"column":2},"end":{"line":189,"column":2}}]},"8":{"line":222,"type":"if","locations":[{"start":{"line":222,"column":23},"end":{"line":222,"column":23}},{"start":{"line":222,"column":23},"end":{"line":222,"column":23}}]},"9":{"line":224,"type":"if","locations":[{"start":{"line":224,"column":30},"end":{"line":224,"column":30}},{"start":{"line":224,"column":30},"end":{"line":224,"column":30}}]},"10":{"line":227,"type":"if","locations":[{"start":{"line":227,"column":27},"end":{"line":227,"column":27}},{"start":{"line":227,"column":27},"end":{"line":227,"column":27}}]},"11":{"line":229,"type":"if","locations":[{"start":{"line":229,"column":42},"end":{"line":229,"column":42}},{"start":{"line":229,"column":42},"end":{"line":229,"column":42}}]},"12":{"line":231,"type":"if","locations":[{"start":{"line":231,"column":40},"end":{"line":231,"column":40}},{"start":{"line":231,"column":40},"end":{"line":231,"column":40}}]},"13":{"line":243,"type":"if","locations":[{"start":{"line":243,"column":31},"end":{"line":243,"column":31}},{"start":{"line":243,"column":31},"end":{"line":243,"column":31}}]},"14":{"line":245,"type":"if","locations":[{"start":{"line":245,"column":31},"end":{"line":245,"column":31}},{"start":{"line":245,"column":31},"end":{"line":245,"column":31}}]},"15":{"line":247,"type":"if","locations":[{"start":{"line":247,"column":38},"end":{"line":247,"column":38}},{"start":{"line":247,"column":38},"end":{"line":247,"column":38}}]},"16":{"line":249,"type":"if","locations":[{"start":{"line":249,"column":28},"end":{"line":249,"column":28}},{"start":{"line":249,"column":28},"end":{"line":249,"column":28}}]},"17":{"line":259,"type":"if","locations":[{"start":{"line":259,"column":43},"end":{"line":259,"column":43}},{"start":{"line":259,"column":43},"end":{"line":259,"column":43}}]},"18":{"line":261,"type":"if","locations":[{"start":{"line":261,"column":49},"end":{"line":261,"column":49}},{"start":{"line":261,"column":49},"end":{"line":261,"column":49}}]},"19":{"line":263,"type":"if","locations":[{"start":{"line":263,"column":49},"end":{"line":263,"column":49}},{"start":{"line":263,"column":49},"end":{"line":263,"column":49}}]},"20":{"line":265,"type":"if","locations":[{"start":{"line":265,"column":38},"end":{"line":265,"column":38}},{"start":{"line":265,"column":38},"end":{"line":265,"column":38}}]},"21":{"line":310,"type":"if","locations":[{"start":{"line":310,"column":2},"end":{"line":310,"column":2}},{"start":{"line":310,"column":2},"end":{"line":310,"column":2}}]},"22":{"line":372,"type":"if","locations":[{"start":{"line":372,"column":2},"end":{"line":372,"column":2}},{"start":{"line":372,"column":2},"end":{"line":372,"column":2}}]},"23":{"line":379,"type":"if","locations":[{"start":{"line":379,"column":2},"end":{"line":379,"column":2}},{"start":{"line":379,"column":2},"end":{"line":379,"column":2}}]},"24":{"line":382,"type":"if","locations":[{"start":{"line":382,"column":2},"end":{"line":382,"column":2}},{"start":{"line":382,"column":2},"end":{"line":382,"column":2}}]},"25":{"line":385,"type":"if","locations":[{"start":{"line":385,"column":2},"end":{"line":385,"column":2}},{"start":{"line":385,"column":2},"end":{"line":385,"column":2}}]},"26":{"line":388,"type":"if","locations":[{"start":{"line":388,"column":2},"end":{"line":388,"column":2}},{"start":{"line":388,"column":2},"end":{"line":388,"column":2}}]}}},"contracts/BitAseanToken.sol":{"l":{"12":0,"16":0,"17":0,"50":0,"51":0,"52":0,"53":0,"54":0,"59":0,"60":0,"61":0,"62":0,"63":0,"69":0,"70":0,"76":0,"77":0,"78":0,"79":0,"85":0,"86":0,"87":0,"88":0,"89":0,"90":0,"91":0,"92":0,"97":0,"119":0,"120":0,"121":0,"122":0,"123":0,"124":0,"130":0,"131":0,"132":0,"133":0,"134":0,"135":0,"136":0,"137":0,"138":0,"142":0,"143":0,"144":0,"145":0,"149":0,"150":0},"path":"/home/honeybadger/playground/oz_unittest/contracts/BitAseanToken.sol","s":{"1":0,"2":0,"3":0,"4":0,"5":0,"6":0,"7":0,"8":0,"9":0,"10":0,"11":0,"12":0,"13":0,"14":0,"15":0,"16":0,"17":0,"18":0,"19":0,"20":0,"21":0,"22":0,"23":0,"24":0,"25":0,"26":0,"27":0,"28":0,"29":0,"30":0,"31":0,"32":0,"33":0,"34":0,"35":0,"36":0,"37":0,"38":0,"39":0,"40":0,"41":0,"42":0,"43":0,"44":0,"45":0,"46":0,"47":0,"48":0,"49":0,"50":0,"51":0,"52":0,"53":0,"54":0,"55":0,"56":0,"57":0,"58":0,"59":0,"60":0,"61":0},"b":{"1":[0,0],"2":[0,0],"3":[0,0],"4":[0,0],"5":[0,0],"6":[0,0],"7":[0,0],"8":[0,0],"9":[0,0],"10":[0,0],"11":[0,0],"12":[0,0],"13":[0,0],"14":[0,0]},"f":{"1":0,"2":0,"3":0,"4":0,"5":0,"6":0,"7":0,"8":0,"9":0,"10":0,"11":0,"12":0,"13":0},"fnMap":{"1":{"name":"constructor","line":11,"loc":{"start":{"line":11,"column":4},"end":{"line":11,"column":18}}},"2":{"name":"onlyOwner","line":15,"loc":{"start":{"line":15,"column":4},"end":{"line":15,"column":20}}},"3":{"name":"constructor","line":44,"loc":{"start":{"line":44,"column":4},"end":{"line":49,"column":11}}},"4":{"name":"transfer","line":58,"loc":{"start":{"line":58,"column":4},"end":{"line":58,"column":48}}},"5":{"name":"approve","line":67,"loc":{"start":{"line":67,"column":4},"end":{"line":68,"column":32}}},"6":{"name":"approveAndCall","line":74,"loc":{"start":{"line":74,"column":4},"end":{"line":75,"column":32}}},"7":{"name":"transferFrom","line":84,"loc":{"start":{"line":84,"column":4},"end":{"line":84,"column":90}}},"8":{"name":"","line":96,"loc":{"start":{"line":96,"column":4},"end":{"line":96,"column":13}}},"9":{"name":"constructor","line":114,"loc":{"start":{"line":114,"column":64},"end":{"line":114,"column":3}}},"10":{"name":"transfer","line":118,"loc":{"start":{"line":118,"column":4},"end":{"line":118,"column":48}}},"11":{"name":"transferFrom","line":129,"loc":{"start":{"line":129,"column":4},"end":{"line":129,"column":90}}},"12":{"name":"mintToken","line":141,"loc":{"start":{"line":141,"column":69},"end":{"line":141,"column":3}}},"13":{"name":"freezeAccount","line":148,"loc":{"start":{"line":148,"column":64},"end":{"line":148,"column":3}}}},"statementMap":{"1":{"start":{"line":12,"column":8},"end":{"line":12,"column":25}},"2":{"start":{"line":16,"column":8},"end":{"line":16,"column":41}},"3":{"start":{"line":16,"column":33},"end":{"line":16,"column":40}},"4":{"start":{"line":50,"column":8},"end":{"line":50,"column":44}},"5":{"start":{"line":51,"column":8},"end":{"line":51,"column":34}},"6":{"start":{"line":52,"column":8},"end":{"line":52,"column":23}},"7":{"start":{"line":53,"column":8},"end":{"line":53,"column":27}},"8":{"start":{"line":54,"column":8},"end":{"line":54,"column":30}},"9":{"start":{"line":59,"column":8},"end":{"line":59,"column":52}},"10":{"start":{"line":59,"column":44},"end":{"line":59,"column":51}},"11":{"start":{"line":60,"column":8},"end":{"line":60,"column":62}},"12":{"start":{"line":60,"column":54},"end":{"line":60,"column":61}},"13":{"start":{"line":61,"column":8},"end":{"line":61,"column":38}},"14":{"start":{"line":62,"column":8},"end":{"line":62,"column":31}},"15":{"start":{"line":63,"column":8},"end":{"line":63,"column":40}},"16":{"start":{"line":69,"column":8},"end":{"line":69,"column":47}},"17":{"start":{"line":70,"column":8},"end":{"line":70,"column":19}},"18":{"start":{"line":76,"column":8},"end":{"line":76,"column":57}},"19":{"start":{"line":77,"column":8},"end":{"line":77,"column":2812}},"20":{"start":{"line":78,"column":12},"end":{"line":78,"column":72}},"21":{"start":{"line":79,"column":12},"end":{"line":79,"column":23}},"22":{"start":{"line":85,"column":8},"end":{"line":85,"column":47}},"23":{"start":{"line":85,"column":39},"end":{"line":85,"column":46}},"24":{"start":{"line":86,"column":8},"end":{"line":86,"column":62}},"25":{"start":{"line":86,"column":54},"end":{"line":86,"column":61}},"26":{"start":{"line":87,"column":8},"end":{"line":87,"column":59}},"27":{"start":{"line":87,"column":51},"end":{"line":87,"column":58}},"28":{"start":{"line":88,"column":8},"end":{"line":88,"column":33}},"29":{"start":{"line":89,"column":8},"end":{"line":89,"column":31}},"30":{"start":{"line":90,"column":8},"end":{"line":90,"column":45}},"31":{"start":{"line":91,"column":8},"end":{"line":91,"column":35}},"32":{"start":{"line":92,"column":8},"end":{"line":92,"column":19}},"33":{"start":{"line":97,"column":8},"end":{"line":97,"column":15}},"34":{"start":{"line":119,"column":8},"end":{"line":119,"column":52}},"35":{"start":{"line":119,"column":44},"end":{"line":119,"column":51}},"36":{"start":{"line":120,"column":8},"end":{"line":120,"column":62}},"37":{"start":{"line":120,"column":54},"end":{"line":120,"column":61}},"38":{"start":{"line":121,"column":8},"end":{"line":121,"column":47}},"39":{"start":{"line":121,"column":39},"end":{"line":121,"column":46}},"40":{"start":{"line":122,"column":8},"end":{"line":122,"column":38}},"41":{"start":{"line":123,"column":8},"end":{"line":123,"column":31}},"42":{"start":{"line":124,"column":8},"end":{"line":124,"column":40}},"43":{"start":{"line":130,"column":8},"end":{"line":130,"column":42}},"44":{"start":{"line":130,"column":34},"end":{"line":130,"column":41}},"45":{"start":{"line":131,"column":8},"end":{"line":131,"column":47}},"46":{"start":{"line":131,"column":39},"end":{"line":131,"column":46}},"47":{"start":{"line":132,"column":8},"end":{"line":132,"column":62}},"48":{"start":{"line":132,"column":54},"end":{"line":132,"column":61}},"49":{"start":{"line":133,"column":8},"end":{"line":133,"column":59}},"50":{"start":{"line":133,"column":51},"end":{"line":133,"column":58}},"51":{"start":{"line":134,"column":8},"end":{"line":134,"column":33}},"52":{"start":{"line":135,"column":8},"end":{"line":135,"column":31}},"53":{"start":{"line":136,"column":8},"end":{"line":136,"column":45}},"54":{"start":{"line":137,"column":8},"end":{"line":137,"column":35}},"55":{"start":{"line":138,"column":8},"end":{"line":138,"column":19}},"56":{"start":{"line":142,"column":8},"end":{"line":142,"column":40}},"57":{"start":{"line":143,"column":8},"end":{"line":143,"column":34}},"58":{"start":{"line":144,"column":8},"end":{"line":144,"column":38}},"59":{"start":{"line":145,"column":8},"end":{"line":145,"column":43}},"60":{"start":{"line":149,"column":8},"end":{"line":149,"column":37}},"61":{"start":{"line":150,"column":8},"end":{"line":150,"column":34}}},"branchMap":{"1":{"line":16,"type":"if","locations":[{"start":{"line":16,"column":8},"end":{"line":16,"column":8}},{"start":{"line":16,"column":8},"end":{"line":16,"column":8}}]},"2":{"line":59,"type":"if","locations":[{"start":{"line":59,"column":8},"end":{"line":59,"column":8}},{"start":{"line":59,"column":8},"end":{"line":59,"column":8}}]},"3":{"line":60,"type":"if","locations":[{"start":{"line":60,"column":8},"end":{"line":60,"column":8}},{"start":{"line":60,"column":8},"end":{"line":60,"column":8}}]},"4":{"line":77,"type":"if","locations":[{"start":{"line":77,"column":8},"end":{"line":77,"column":8}},{"start":{"line":77,"column":8},"end":{"line":77,"column":8}}]},"5":{"line":85,"type":"if","locations":[{"start":{"line":85,"column":8},"end":{"line":85,"column":8}},{"start":{"line":85,"column":8},"end":{"line":85,"column":8}}]},"6":{"line":86,"type":"if","locations":[{"start":{"line":86,"column":8},"end":{"line":86,"column":8}},{"start":{"line":86,"column":8},"end":{"line":86,"column":8}}]},"7":{"line":87,"type":"if","locations":[{"start":{"line":87,"column":8},"end":{"line":87,"column":8}},{"start":{"line":87,"column":8},"end":{"line":87,"column":8}}]},"8":{"line":119,"type":"if","locations":[{"start":{"line":119,"column":8},"end":{"line":119,"column":8}},{"start":{"line":119,"column":8},"end":{"line":119,"column":8}}]},"9":{"line":120,"type":"if","locations":[{"start":{"line":120,"column":8},"end":{"line":120,"column":8}},{"start":{"line":120,"column":8},"end":{"line":120,"column":8}}]},"10":{"line":121,"type":"if","locations":[{"start":{"line":121,"column":8},"end":{"line":121,"column":8}},{"start":{"line":121,"column":8},"end":{"line":121,"column":8}}]},"11":{"line":130,"type":"if","locations":[{"start":{"line":130,"column":8},"end":{"line":130,"column":8}},{"start":{"line":130,"column":8},"end":{"line":130,"column":8}}]},"12":{"line":131,"type":"if","locations":[{"start":{"line":131,"column":8},"end":{"line":131,"column":8}},{"start":{"line":131,"column":8},"end":{"line":131,"column":8}}]},"13":{"line":132,"type":"if","locations":[{"start":{"line":132,"column":8},"end":{"line":132,"column":8}},{"start":{"line":132,"column":8},"end":{"line":132,"column":8}}]},"14":{"line":133,"type":"if","locations":[{"start":{"line":133,"column":8},"end":{"line":133,"column":8}},{"start":{"line":133,"column":8},"end":{"line":133,"column":8}}]}}},"contracts/FuturXe.sol":{"l":{"31":25,"36":0,"38":0,"42":0,"66":25,"67":25,"68":25,"69":25,"70":25,"75":8,"82":6,"85":6,"87":5,"90":5,"92":5,"95":5,"97":5,"105":9,"108":9,"111":7,"114":1,"116":1,"117":1,"118":1,"121":1,"123":1,"128":6,"133":17,"134":17,"135":17,"140":0,"141":0,"143":0,"144":0,"149":0,"150":0,"155":0,"160":0,"165":0},"path":"/home/honeybadger/playground/oz_unittest/contracts/FuturXe.sol","s":{"1":25,"2":0,"3":0,"4":25,"5":25,"6":25,"7":25,"8":25,"9":8,"10":6,"11":0,"12":6,"13":1,"14":5,"15":0,"16":5,"17":5,"18":5,"19":5,"20":9,"21":0,"22":9,"23":2,"24":7,"25":6,"26":1,"27":0,"28":1,"29":1,"30":1,"31":1,"32":1,"33":6,"34":17,"35":17,"36":17,"37":0,"38":0,"39":0,"40":0,"41":0,"42":0,"43":0,"44":0,"45":0},"b":{"1":[0,0],"2":[0,6],"3":[1,5],"4":[0,5],"5":[0,9],"6":[2,7],"7":[6,1],"8":[0,1]},"f":{"1":25,"2":0,"3":0,"4":25,"5":8,"6":6,"7":9,"8":6,"9":17,"10":0,"11":0,"12":0,"13":0,"14":0},"fnMap":{"1":{"name":"constructor","line":30,"loc":{"start":{"line":30,"column":4},"end":{"line":30,"column":18}}},"2":{"name":"onlyOwner","line":35,"loc":{"start":{"line":35,"column":4},"end":{"line":35,"column":22}}},"3":{"name":"transferOwnership","line":41,"loc":{"start":{"line":41,"column":58},"end":{"line":41,"column":3}}},"4":{"name":"constructor","line":65,"loc":{"start":{"line":65,"column":4},"end":{"line":65,"column":88}}},"5":{"name":"balanceOf","line":74,"loc":{"start":{"line":74,"column":4},"end":{"line":74,"column":71}}},"6":{"name":"transfer","line":79,"loc":{"start":{"line":79,"column":4},"end":{"line":79,"column":66}}},"7":{"name":"transferFrom","line":102,"loc":{"start":{"line":102,"column":4},"end":{"line":102,"column":84}}},"8":{"name":"allowance","line":127,"loc":{"start":{"line":127,"column":4},"end":{"line":127,"column":91}}},"9":{"name":"approve","line":132,"loc":{"start":{"line":132,"column":4},"end":{"line":132,"column":76}}},"10":{"name":"mintToken","line":139,"loc":{"start":{"line":139,"column":69},"end":{"line":139,"column":2}}},"11":{"name":"freezeAccount","line":148,"loc":{"start":{"line":148,"column":64},"end":{"line":148,"column":3}}},"12":{"name":"changeName","line":154,"loc":{"start":{"line":154,"column":46},"end":{"line":154,"column":3}}},"13":{"name":"changeSymbol","line":159,"loc":{"start":{"line":159,"column":50},"end":{"line":159,"column":3}}},"14":{"name":"changeDecimals","line":164,"loc":{"start":{"line":164,"column":53},"end":{"line":164,"column":3}}}},"statementMap":{"1":{"start":{"line":31,"column":8},"end":{"line":31,"column":25}},"2":{"start":{"line":36,"column":8},"end":{"line":36,"column":37}},"3":{"start":{"line":42,"column":8},"end":{"line":42,"column":24}},"4":{"start":{"line":66,"column":8},"end":{"line":66,"column":45}},"5":{"start":{"line":67,"column":8},"end":{"line":67,"column":36}},"6":{"start":{"line":68,"column":8},"end":{"line":68,"column":38}},"7":{"start":{"line":69,"column":8},"end":{"line":69,"column":39}},"8":{"start":{"line":70,"column":8},"end":{"line":70,"column":45}},"9":{"start":{"line":75,"column":8},"end":{"line":75,"column":31}},"10":{"start":{"line":82,"column":8},"end":{"line":82,"column":51}},"11":{"start":{"line":82,"column":39},"end":{"line":82,"column":51}},"12":{"start":{"line":85,"column":8},"end":{"line":85,"column":53}},"13":{"start":{"line":85,"column":41},"end":{"line":85,"column":53}},"14":{"start":{"line":87,"column":8},"end":{"line":87,"column":60}},"15":{"start":{"line":87,"column":48},"end":{"line":87,"column":60}},"16":{"start":{"line":90,"column":8},"end":{"line":90,"column":36}},"17":{"start":{"line":92,"column":8},"end":{"line":92,"column":28}},"18":{"start":{"line":95,"column":8},"end":{"line":95,"column":38}},"19":{"start":{"line":97,"column":8},"end":{"line":97,"column":19}},"20":{"start":{"line":105,"column":8},"end":{"line":105,"column":51}},"21":{"start":{"line":105,"column":39},"end":{"line":105,"column":51}},"22":{"start":{"line":108,"column":8},"end":{"line":108,"column":47}},"23":{"start":{"line":108,"column":35},"end":{"line":108,"column":47}},"24":{"start":{"line":111,"column":8},"end":{"line":111,"column":61}},"25":{"start":{"line":111,"column":49},"end":{"line":111,"column":61}},"26":{"start":{"line":114,"column":8},"end":{"line":114,"column":60}},"27":{"start":{"line":114,"column":48},"end":{"line":114,"column":60}},"28":{"start":{"line":116,"column":8},"end":{"line":116,"column":30}},"29":{"start":{"line":117,"column":8},"end":{"line":117,"column":41}},"30":{"start":{"line":118,"column":8},"end":{"line":118,"column":28}},"31":{"start":{"line":121,"column":8},"end":{"line":121,"column":32}},"32":{"start":{"line":123,"column":8},"end":{"line":123,"column":19}},"33":{"start":{"line":128,"column":8},"end":{"line":128,"column":40}},"34":{"start":{"line":133,"column":8},"end":{"line":133,"column":46}},"35":{"start":{"line":134,"column":8},"end":{"line":134,"column":46}},"36":{"start":{"line":135,"column":8},"end":{"line":135,"column":19}},"37":{"start":{"line":140,"column":8},"end":{"line":140,"column":39}},"38":{"start":{"line":141,"column":8},"end":{"line":141,"column":34}},"39":{"start":{"line":143,"column":8},"end":{"line":143,"column":37}},"40":{"start":{"line":144,"column":8},"end":{"line":144,"column":42}},"41":{"start":{"line":149,"column":8},"end":{"line":149,"column":37}},"42":{"start":{"line":150,"column":8},"end":{"line":150,"column":34}},"43":{"start":{"line":155,"column":8},"end":{"line":155,"column":19}},"44":{"start":{"line":160,"column":8},"end":{"line":160,"column":23}},"45":{"start":{"line":165,"column":8},"end":{"line":165,"column":27}}},"branchMap":{"1":{"line":36,"type":"if","locations":[{"start":{"line":36,"column":8},"end":{"line":36,"column":8}},{"start":{"line":36,"column":8},"end":{"line":36,"column":8}}]},"2":{"line":82,"type":"if","locations":[{"start":{"line":82,"column":8},"end":{"line":82,"column":8}},{"start":{"line":82,"column":8},"end":{"line":82,"column":8}}]},"3":{"line":85,"type":"if","locations":[{"start":{"line":85,"column":8},"end":{"line":85,"column":8}},{"start":{"line":85,"column":8},"end":{"line":85,"column":8}}]},"4":{"line":87,"type":"if","locations":[{"start":{"line":87,"column":8},"end":{"line":87,"column":8}},{"start":{"line":87,"column":8},"end":{"line":87,"column":8}}]},"5":{"line":105,"type":"if","locations":[{"start":{"line":105,"column":8},"end":{"line":105,"column":8}},{"start":{"line":105,"column":8},"end":{"line":105,"column":8}}]},"6":{"line":108,"type":"if","locations":[{"start":{"line":108,"column":8},"end":{"line":108,"column":8}},{"start":{"line":108,"column":8},"end":{"line":108,"column":8}}]},"7":{"line":111,"type":"if","locations":[{"start":{"line":111,"column":8},"end":{"line":111,"column":8}},{"start":{"line":111,"column":8},"end":{"line":111,"column":8}}]},"8":{"line":114,"type":"if","locations":[{"start":{"line":114,"column":8},"end":{"line":114,"column":8}},{"start":{"line":114,"column":8},"end":{"line":114,"column":8}}]}}},"contracts/INT.sol":{"l":{"7":0,"11":0,"12":0,"16":0,"38":0,"39":0,"40":0,"41":0,"42":0,"47":0,"48":0,"49":0,"50":0,"51":0,"52":0,"59":0,"67":0,"68":0,"69":0,"70":0,"78":0,"79":0,"88":0,"89":0,"90":0,"91":0,"98":0,"99":0,"100":0,"101":0,"102":0,"106":0,"107":0,"108":0,"109":0,"110":0,"111":0,"112":0,"134":0,"135":0,"136":0,"137":0,"138":0,"139":0,"140":0,"141":0,"148":0,"149":0,"150":0,"151":0,"158":0,"159":0,"166":0,"167":0,"172":0,"173":0,"179":0,"180":0,"181":0},"path":"/home/honeybadger/playground/oz_unittest/contracts/INT.sol","s":{"1":0,"2":0,"3":0,"4":0,"5":0,"6":0,"7":0,"8":0,"9":0,"10":0,"11":0,"12":0,"13":0,"14":0,"15":0,"16":0,"17":0,"18":0,"19":0,"20":0,"21":0,"22":0,"23":0,"24":0,"25":0,"26":0,"27":0,"28":0,"29":0,"30":0,"31":0,"32":0,"33":0,"34":0,"35":0,"36":0,"37":0,"38":0,"39":0,"40":0,"41":0,"42":0,"43":0,"44":0,"45":0,"46":0,"47":0,"48":0,"49":0,"50":0,"51":0,"52":0,"53":0,"54":0,"55":0,"56":0,"57":0,"58":0},"b":{"1":[0,0],"2":[0,0],"3":[0,0],"4":[0,0],"5":[0,0],"6":[0,0],"7":[0,0],"8":[0,0],"9":[0,0],"10":[0,0],"11":[0,0],"12":[0,0],"13":[0,0],"14":[0,0],"15":[0,0]},"f":{"1":0,"2":0,"3":0,"4":0,"5":0,"6":0,"7":0,"8":0,"9":0,"10":0,"11":0,"12":0,"13":0,"14":0,"15":0,"16":0,"17":0,"18":0},"fnMap":{"1":{"name":"constructor","line":6,"loc":{"start":{"line":6,"column":2},"end":{"line":6,"column":18}}},"2":{"name":"onlyOwner","line":10,"loc":{"start":{"line":10,"column":2},"end":{"line":10,"column":20}}},"3":{"name":"transferOwnership","line":15,"loc":{"start":{"line":15,"column":55},"end":{"line":15,"column":3}}},"4":{"name":"constructor","line":32,"loc":{"start":{"line":32,"column":2},"end":{"line":37,"column":9}}},"5":{"name":"_transfer","line":46,"loc":{"start":{"line":46,"column":2},"end":{"line":46,"column":70}}},"6":{"name":"transfer","line":58,"loc":{"start":{"line":58,"column":2},"end":{"line":58,"column":48}}},"7":{"name":"transferFrom","line":66,"loc":{"start":{"line":66,"column":2},"end":{"line":66,"column":90}}},"8":{"name":"approve","line":76,"loc":{"start":{"line":76,"column":2},"end":{"line":77,"column":30}}},"9":{"name":"approveAndCall","line":86,"loc":{"start":{"line":86,"column":2},"end":{"line":87,"column":30}}},"10":{"name":"burn","line":97,"loc":{"start":{"line":97,"column":2},"end":{"line":97,"column":54}}},"11":{"name":"burnFrom","line":105,"loc":{"start":{"line":105,"column":2},"end":{"line":105,"column":73}}},"12":{"name":"constructor","line":130,"loc":{"start":{"line":130,"column":62},"end":{"line":130,"column":3}}},"13":{"name":"_transfer","line":133,"loc":{"start":{"line":133,"column":2},"end":{"line":133,"column":70}}},"14":{"name":"mintToken","line":147,"loc":{"start":{"line":147,"column":67},"end":{"line":147,"column":3}}},"15":{"name":"freezeAccount","line":157,"loc":{"start":{"line":157,"column":62},"end":{"line":157,"column":3}}},"16":{"name":"setPrices","line":165,"loc":{"start":{"line":165,"column":72},"end":{"line":165,"column":3}}},"17":{"name":"buy","line":171,"loc":{"start":{"line":171,"column":2},"end":{"line":171,"column":24}}},"18":{"name":"sell","line":178,"loc":{"start":{"line":178,"column":2},"end":{"line":178,"column":31}}}},"statementMap":{"1":{"start":{"line":7,"column":6},"end":{"line":7,"column":23}},"2":{"start":{"line":11,"column":6},"end":{"line":11,"column":33}},"3":{"start":{"line":16,"column":6},"end":{"line":16,"column":21}},"4":{"start":{"line":38,"column":6},"end":{"line":38,"column":42}},"5":{"start":{"line":39,"column":6},"end":{"line":39,"column":32}},"6":{"start":{"line":40,"column":6},"end":{"line":40,"column":21}},"7":{"start":{"line":41,"column":6},"end":{"line":41,"column":25}},"8":{"start":{"line":42,"column":6},"end":{"line":42,"column":28}},"9":{"start":{"line":47,"column":6},"end":{"line":47,"column":25}},"10":{"start":{"line":48,"column":6},"end":{"line":48,"column":40}},"11":{"start":{"line":49,"column":6},"end":{"line":49,"column":55}},"12":{"start":{"line":50,"column":6},"end":{"line":50,"column":31}},"13":{"start":{"line":51,"column":6},"end":{"line":51,"column":29}},"14":{"start":{"line":52,"column":6},"end":{"line":52,"column":33}},"15":{"start":{"line":59,"column":6},"end":{"line":59,"column":39}},"16":{"start":{"line":67,"column":6},"end":{"line":67,"column":52}},"17":{"start":{"line":68,"column":6},"end":{"line":68,"column":43}},"18":{"start":{"line":69,"column":6},"end":{"line":69,"column":34}},"19":{"start":{"line":70,"column":6},"end":{"line":70,"column":17}},"20":{"start":{"line":78,"column":6},"end":{"line":78,"column":45}},"21":{"start":{"line":79,"column":6},"end":{"line":79,"column":17}},"22":{"start":{"line":88,"column":6},"end":{"line":88,"column":55}},"23":{"start":{"line":89,"column":6},"end":{"line":89,"column":3918}},"24":{"start":{"line":90,"column":10},"end":{"line":90,"column":70}},"25":{"start":{"line":91,"column":10},"end":{"line":91,"column":21}},"26":{"start":{"line":98,"column":6},"end":{"line":98,"column":45}},"27":{"start":{"line":99,"column":6},"end":{"line":99,"column":36}},"28":{"start":{"line":100,"column":6},"end":{"line":100,"column":26}},"29":{"start":{"line":101,"column":6},"end":{"line":101,"column":29}},"30":{"start":{"line":102,"column":6},"end":{"line":102,"column":17}},"31":{"start":{"line":106,"column":6},"end":{"line":106,"column":40}},"32":{"start":{"line":107,"column":6},"end":{"line":107,"column":52}},"33":{"start":{"line":108,"column":6},"end":{"line":108,"column":31}},"34":{"start":{"line":109,"column":6},"end":{"line":109,"column":43}},"35":{"start":{"line":110,"column":6},"end":{"line":110,"column":26}},"36":{"start":{"line":111,"column":6},"end":{"line":111,"column":24}},"37":{"start":{"line":112,"column":6},"end":{"line":112,"column":17}},"38":{"start":{"line":134,"column":6},"end":{"line":134,"column":25}},"39":{"start":{"line":135,"column":6},"end":{"line":135,"column":40}},"40":{"start":{"line":136,"column":6},"end":{"line":136,"column":55}},"41":{"start":{"line":137,"column":6},"end":{"line":137,"column":35}},"42":{"start":{"line":138,"column":6},"end":{"line":138,"column":33}},"43":{"start":{"line":139,"column":6},"end":{"line":139,"column":31}},"44":{"start":{"line":140,"column":6},"end":{"line":140,"column":29}},"45":{"start":{"line":141,"column":6},"end":{"line":141,"column":33}},"46":{"start":{"line":148,"column":6},"end":{"line":148,"column":38}},"47":{"start":{"line":149,"column":6},"end":{"line":149,"column":32}},"48":{"start":{"line":150,"column":6},"end":{"line":150,"column":36}},"49":{"start":{"line":151,"column":6},"end":{"line":151,"column":41}},"50":{"start":{"line":158,"column":6},"end":{"line":158,"column":35}},"51":{"start":{"line":159,"column":6},"end":{"line":159,"column":32}},"52":{"start":{"line":166,"column":6},"end":{"line":166,"column":29}},"53":{"start":{"line":167,"column":6},"end":{"line":167,"column":27}},"54":{"start":{"line":172,"column":6},"end":{"line":172,"column":40}},"55":{"start":{"line":173,"column":6},"end":{"line":173,"column":40}},"56":{"start":{"line":179,"column":6},"end":{"line":179,"column":48}},"57":{"start":{"line":180,"column":6},"end":{"line":180,"column":40}},"58":{"start":{"line":181,"column":6},"end":{"line":181,"column":44}}},"branchMap":{"1":{"line":11,"type":"if","locations":[{"start":{"line":11,"column":6},"end":{"line":11,"column":6}},{"start":{"line":11,"column":6},"end":{"line":11,"column":6}}]},"2":{"line":47,"type":"if","locations":[{"start":{"line":47,"column":6},"end":{"line":47,"column":6}},{"start":{"line":47,"column":6},"end":{"line":47,"column":6}}]},"3":{"line":48,"type":"if","locations":[{"start":{"line":48,"column":6},"end":{"line":48,"column":6}},{"start":{"line":48,"column":6},"end":{"line":48,"column":6}}]},"4":{"line":49,"type":"if","locations":[{"start":{"line":49,"column":6},"end":{"line":49,"column":6}},{"start":{"line":49,"column":6},"end":{"line":49,"column":6}}]},"5":{"line":67,"type":"if","locations":[{"start":{"line":67,"column":6},"end":{"line":67,"column":6}},{"start":{"line":67,"column":6},"end":{"line":67,"column":6}}]},"6":{"line":89,"type":"if","locations":[{"start":{"line":89,"column":6},"end":{"line":89,"column":6}},{"start":{"line":89,"column":6},"end":{"line":89,"column":6}}]},"7":{"line":98,"type":"if","locations":[{"start":{"line":98,"column":6},"end":{"line":98,"column":6}},{"start":{"line":98,"column":6},"end":{"line":98,"column":6}}]},"8":{"line":106,"type":"if","locations":[{"start":{"line":106,"column":6},"end":{"line":106,"column":6}},{"start":{"line":106,"column":6},"end":{"line":106,"column":6}}]},"9":{"line":107,"type":"if","locations":[{"start":{"line":107,"column":6},"end":{"line":107,"column":6}},{"start":{"line":107,"column":6},"end":{"line":107,"column":6}}]},"10":{"line":134,"type":"if","locations":[{"start":{"line":134,"column":6},"end":{"line":134,"column":6}},{"start":{"line":134,"column":6},"end":{"line":134,"column":6}}]},"11":{"line":135,"type":"if","locations":[{"start":{"line":135,"column":6},"end":{"line":135,"column":6}},{"start":{"line":135,"column":6},"end":{"line":135,"column":6}}]},"12":{"line":136,"type":"if","locations":[{"start":{"line":136,"column":6},"end":{"line":136,"column":6}},{"start":{"line":136,"column":6},"end":{"line":136,"column":6}}]},"13":{"line":137,"type":"if","locations":[{"start":{"line":137,"column":6},"end":{"line":137,"column":6}},{"start":{"line":137,"column":6},"end":{"line":137,"column":6}}]},"14":{"line":138,"type":"if","locations":[{"start":{"line":138,"column":6},"end":{"line":138,"column":6}},{"start":{"line":138,"column":6},"end":{"line":138,"column":6}}]},"15":{"line":179,"type":"if","locations":[{"start":{"line":179,"column":6},"end":{"line":179,"column":6}},{"start":{"line":179,"column":6},"end":{"line":179,"column":6}}]}}},"contracts/SwiftCoin.sol":{"l":{"10":0,"14":0,"15":0,"19":0,"47":0,"48":0,"49":0,"50":0,"51":0,"56":0,"57":0,"58":0,"59":0,"60":0,"66":0,"67":0,"73":0,"74":0,"75":0,"76":0,"82":0,"83":0,"84":0,"85":0,"86":0,"87":0,"88":0,"89":0,"94":0,"118":0,"119":0,"120":0,"121":0,"122":0,"123":0,"129":0,"130":0,"131":0,"132":0,"133":0,"134":0,"135":0,"136":0,"137":0,"141":0,"142":0,"143":0,"144":0,"148":0,"149":0,"153":0,"154":0,"158":0,"159":0,"160":0,"161":0,"162":0,"166":0,"167":0,"168":0,"169":0,"170":0,"172":0},"path":"/home/honeybadger/playground/oz_unittest/contracts/SwiftCoin.sol","s":{"1":0,"2":0,"3":0,"4":0,"5":0,"6":0,"7":0,"8":0,"9":0,"10":0,"11":0,"12":0,"13":0,"14":0,"15":0,"16":0,"17":0,"18":0,"19":0,"20":0,"21":0,"22":0,"23":0,"24":0,"25":0,"26":0,"27":0,"28":0,"29":0,"30":0,"31":0,"32":0,"33":0,"34":0,"35":0,"36":0,"37":0,"38":0,"39":0,"40":0,"41":0,"42":0,"43":0,"44":0,"45":0,"46":0,"47":0,"48":0,"49":0,"50":0,"51":0,"52":0,"53":0,"54":0,"55":0,"56":0,"57":0,"58":0,"59":0,"60":0},"b":{"1":[0,0],"2":[0,0],"3":[0,0],"4":[0,0],"5":[0,0],"6":[0,0],"7":[0,0],"8":[0,0],"9":[0,0],"10":[0,0],"11":[0,0],"12":[0,0],"13":[0,0],"14":[0,0],"15":[0,0],"16":[0,0],"17":[0,0]},"f":{"1":0,"2":0,"3":0,"4":0,"5":0,"6":0,"7":0,"8":0,"9":0,"10":0,"11":0,"12":0,"13":0,"14":0,"15":0,"16":0,"17":0},"fnMap":{"1":{"name":"constructor","line":9,"loc":{"start":{"line":9,"column":4},"end":{"line":9,"column":18}}},"2":{"name":"onlyOwner","line":13,"loc":{"start":{"line":13,"column":4},"end":{"line":13,"column":20}}},"3":{"name":"transferOwnership","line":18,"loc":{"start":{"line":18,"column":57},"end":{"line":18,"column":3}}},"4":{"name":"constructor","line":41,"loc":{"start":{"line":41,"column":4},"end":{"line":46,"column":11}}},"5":{"name":"transfer","line":55,"loc":{"start":{"line":55,"column":4},"end":{"line":55,"column":48}}},"6":{"name":"approve","line":64,"loc":{"start":{"line":64,"column":4},"end":{"line":65,"column":32}}},"7":{"name":"approveAndCall","line":71,"loc":{"start":{"line":71,"column":4},"end":{"line":72,"column":32}}},"8":{"name":"transferFrom","line":81,"loc":{"start":{"line":81,"column":4},"end":{"line":81,"column":90}}},"9":{"name":"","line":93,"loc":{"start":{"line":93,"column":4},"end":{"line":93,"column":13}}},"10":{"name":"constructor","line":114,"loc":{"start":{"line":114,"column":64},"end":{"line":114,"column":3}}},"11":{"name":"transfer","line":117,"loc":{"start":{"line":117,"column":4},"end":{"line":117,"column":48}}},"12":{"name":"transferFrom","line":128,"loc":{"start":{"line":128,"column":4},"end":{"line":128,"column":90}}},"13":{"name":"mintToken","line":140,"loc":{"start":{"line":140,"column":69},"end":{"line":140,"column":3}}},"14":{"name":"freezeAccount","line":147,"loc":{"start":{"line":147,"column":64},"end":{"line":147,"column":3}}},"15":{"name":"setPrices","line":152,"loc":{"start":{"line":152,"column":74},"end":{"line":152,"column":3}}},"16":{"name":"buy","line":157,"loc":{"start":{"line":157,"column":4},"end":{"line":157,"column":24}}},"17":{"name":"sell","line":165,"loc":{"start":{"line":165,"column":4},"end":{"line":165,"column":31}}}},"statementMap":{"1":{"start":{"line":10,"column":8},"end":{"line":10,"column":25}},"2":{"start":{"line":14,"column":8},"end":{"line":14,"column":38}},"3":{"start":{"line":19,"column":8},"end":{"line":19,"column":23}},"4":{"start":{"line":47,"column":8},"end":{"line":47,"column":44}},"5":{"start":{"line":48,"column":8},"end":{"line":48,"column":34}},"6":{"start":{"line":49,"column":8},"end":{"line":49,"column":23}},"7":{"start":{"line":50,"column":8},"end":{"line":50,"column":27}},"8":{"start":{"line":51,"column":8},"end":{"line":51,"column":30}},"9":{"start":{"line":56,"column":8},"end":{"line":56,"column":49}},"10":{"start":{"line":57,"column":8},"end":{"line":57,"column":59}},"11":{"start":{"line":58,"column":8},"end":{"line":58,"column":38}},"12":{"start":{"line":59,"column":8},"end":{"line":59,"column":31}},"13":{"start":{"line":60,"column":8},"end":{"line":60,"column":40}},"14":{"start":{"line":66,"column":8},"end":{"line":66,"column":47}},"15":{"start":{"line":67,"column":8},"end":{"line":67,"column":19}},"16":{"start":{"line":73,"column":8},"end":{"line":73,"column":57}},"17":{"start":{"line":74,"column":8},"end":{"line":74,"column":2822}},"18":{"start":{"line":75,"column":12},"end":{"line":75,"column":72}},"19":{"start":{"line":76,"column":12},"end":{"line":76,"column":23}},"20":{"start":{"line":82,"column":8},"end":{"line":82,"column":44}},"21":{"start":{"line":83,"column":8},"end":{"line":83,"column":59}},"22":{"start":{"line":84,"column":8},"end":{"line":84,"column":56}},"23":{"start":{"line":85,"column":8},"end":{"line":85,"column":33}},"24":{"start":{"line":86,"column":8},"end":{"line":86,"column":31}},"25":{"start":{"line":87,"column":8},"end":{"line":87,"column":45}},"26":{"start":{"line":88,"column":8},"end":{"line":88,"column":35}},"27":{"start":{"line":89,"column":8},"end":{"line":89,"column":19}},"28":{"start":{"line":118,"column":8},"end":{"line":118,"column":49}},"29":{"start":{"line":119,"column":8},"end":{"line":119,"column":59}},"30":{"start":{"line":120,"column":8},"end":{"line":120,"column":44}},"31":{"start":{"line":121,"column":8},"end":{"line":121,"column":38}},"32":{"start":{"line":122,"column":8},"end":{"line":122,"column":31}},"33":{"start":{"line":123,"column":8},"end":{"line":123,"column":40}},"34":{"start":{"line":129,"column":8},"end":{"line":129,"column":39}},"35":{"start":{"line":130,"column":8},"end":{"line":130,"column":44}},"36":{"start":{"line":131,"column":8},"end":{"line":131,"column":59}},"37":{"start":{"line":132,"column":8},"end":{"line":132,"column":56}},"38":{"start":{"line":133,"column":8},"end":{"line":133,"column":33}},"39":{"start":{"line":134,"column":8},"end":{"line":134,"column":31}},"40":{"start":{"line":135,"column":8},"end":{"line":135,"column":45}},"41":{"start":{"line":136,"column":8},"end":{"line":136,"column":35}},"42":{"start":{"line":137,"column":8},"end":{"line":137,"column":19}},"43":{"start":{"line":141,"column":8},"end":{"line":141,"column":40}},"44":{"start":{"line":142,"column":8},"end":{"line":142,"column":34}},"45":{"start":{"line":143,"column":8},"end":{"line":143,"column":38}},"46":{"start":{"line":144,"column":8},"end":{"line":144,"column":43}},"47":{"start":{"line":148,"column":8},"end":{"line":148,"column":37}},"48":{"start":{"line":149,"column":8},"end":{"line":149,"column":34}},"49":{"start":{"line":153,"column":8},"end":{"line":153,"column":31}},"50":{"start":{"line":154,"column":8},"end":{"line":154,"column":29}},"51":{"start":{"line":158,"column":8},"end":{"line":158,"column":42}},"52":{"start":{"line":159,"column":8},"end":{"line":159,"column":43}},"53":{"start":{"line":160,"column":8},"end":{"line":160,"column":38}},"54":{"start":{"line":161,"column":8},"end":{"line":161,"column":32}},"55":{"start":{"line":162,"column":8},"end":{"line":162,"column":41}},"56":{"start":{"line":166,"column":8},"end":{"line":166,"column":50}},"57":{"start":{"line":167,"column":8},"end":{"line":167,"column":32}},"58":{"start":{"line":168,"column":8},"end":{"line":168,"column":38}},"59":{"start":{"line":169,"column":8},"end":{"line":169,"column":7269}},"60":{"start":{"line":172,"column":12},"end":{"line":172,"column":45}}},"branchMap":{"1":{"line":14,"type":"if","locations":[{"start":{"line":14,"column":8},"end":{"line":14,"column":8}},{"start":{"line":14,"column":8},"end":{"line":14,"column":8}}]},"2":{"line":56,"type":"if","locations":[{"start":{"line":56,"column":8},"end":{"line":56,"column":8}},{"start":{"line":56,"column":8},"end":{"line":56,"column":8}}]},"3":{"line":57,"type":"if","locations":[{"start":{"line":57,"column":8},"end":{"line":57,"column":8}},{"start":{"line":57,"column":8},"end":{"line":57,"column":8}}]},"4":{"line":74,"type":"if","locations":[{"start":{"line":74,"column":8},"end":{"line":74,"column":8}},{"start":{"line":74,"column":8},"end":{"line":74,"column":8}}]},"5":{"line":82,"type":"if","locations":[{"start":{"line":82,"column":8},"end":{"line":82,"column":8}},{"start":{"line":82,"column":8},"end":{"line":82,"column":8}}]},"6":{"line":83,"type":"if","locations":[{"start":{"line":83,"column":8},"end":{"line":83,"column":8}},{"start":{"line":83,"column":8},"end":{"line":83,"column":8}}]},"7":{"line":84,"type":"if","locations":[{"start":{"line":84,"column":8},"end":{"line":84,"column":8}},{"start":{"line":84,"column":8},"end":{"line":84,"column":8}}]},"8":{"line":118,"type":"if","locations":[{"start":{"line":118,"column":8},"end":{"line":118,"column":8}},{"start":{"line":118,"column":8},"end":{"line":118,"column":8}}]},"9":{"line":119,"type":"if","locations":[{"start":{"line":119,"column":8},"end":{"line":119,"column":8}},{"start":{"line":119,"column":8},"end":{"line":119,"column":8}}]},"10":{"line":120,"type":"if","locations":[{"start":{"line":120,"column":8},"end":{"line":120,"column":8}},{"start":{"line":120,"column":8},"end":{"line":120,"column":8}}]},"11":{"line":129,"type":"if","locations":[{"start":{"line":129,"column":8},"end":{"line":129,"column":8}},{"start":{"line":129,"column":8},"end":{"line":129,"column":8}}]},"12":{"line":130,"type":"if","locations":[{"start":{"line":130,"column":8},"end":{"line":130,"column":8}},{"start":{"line":130,"column":8},"end":{"line":130,"column":8}}]},"13":{"line":131,"type":"if","locations":[{"start":{"line":131,"column":8},"end":{"line":131,"column":8}},{"start":{"line":131,"column":8},"end":{"line":131,"column":8}}]},"14":{"line":132,"type":"if","locations":[{"start":{"line":132,"column":8},"end":{"line":132,"column":8}},{"start":{"line":132,"column":8},"end":{"line":132,"column":8}}]},"15":{"line":159,"type":"if","locations":[{"start":{"line":159,"column":8},"end":{"line":159,"column":8}},{"start":{"line":159,"column":8},"end":{"line":159,"column":8}}]},"16":{"line":166,"type":"if","locations":[{"start":{"line":166,"column":8},"end":{"line":166,"column":8}},{"start":{"line":166,"column":8},"end":{"line":166,"column":8}}]},"17":{"line":169,"type":"if","locations":[{"start":{"line":169,"column":8},"end":{"line":169,"column":8}},{"start":{"line":169,"column":8},"end":{"line":169,"column":8}}]}}},"contracts/TetherToken.sol":{"l":{"13":0,"14":0,"16":0,"17":0,"18":0,"23":0,"25":0,"29":0,"30":0,"34":0,"35":0,"36":0,"53":0,"60":0,"61":0,"69":0,"70":0,"117":0,"118":0,"127":0,"128":0,"129":0,"131":0,"132":0,"133":0,"134":0,"135":0,"136":0,"138":0,"147":0,"172":0,"177":0,"178":0,"179":0,"181":0,"182":0,"184":0,"185":0,"186":0,"187":0,"188":0,"189":0,"191":0,"205":0,"207":0,"208":0,"218":0,"239":0,"240":0,"247":0,"248":0,"255":0,"256":0,"263":0,"264":0,"272":0,"276":0,"282":0,"283":0,"287":0,"288":0,"292":0,"293":0,"294":0,"295":0,"296":0,"331":0,"332":0,"333":0,"334":0,"335":0,"336":0,"341":0,"342":0,"343":0,"345":0,"351":0,"352":0,"353":0,"355":0,"361":0,"362":0,"364":0,"370":0,"371":0,"373":0,"379":0,"380":0,"382":0,"388":0,"389":0,"390":0,"395":0,"396":0,"398":0,"407":0,"408":0,"410":0,"411":0,"412":0,"421":0,"422":0,"424":0,"425":0,"426":0,"431":0,"432":0,"434":0,"435":0,"437":0},"path":"/home/honeybadger/playground/oz_unittest/contracts/TetherToken.sol","s":{"1":0,"2":0,"3":0,"4":0,"5":0,"6":0,"7":0,"8":0,"9":0,"10":0,"11":0,"12":0,"13":0,"14":0,"15":0,"16":0,"17":0,"18":0,"19":0,"20":0,"21":0,"22":0,"23":0,"24":0,"25":0,"26":0,"27":0,"28":0,"29":0,"30":0,"31":0,"32":0,"33":0,"34":0,"35":0,"36":0,"37":0,"38":0,"39":0,"40":0,"41":0,"42":0,"43":0,"44":0,"45":0,"46":0,"47":0,"48":0,"49":0,"50":0,"51":0,"52":0,"53":0,"54":0,"55":0,"56":0,"57":0,"58":0,"59":0,"60":0,"61":0,"62":0,"63":0,"64":0,"65":0,"66":0,"67":0,"68":0,"69":0,"70":0,"71":0,"72":0,"73":0,"74":0,"75":0,"76":0,"77":0,"78":0,"79":0,"80":0,"81":0,"82":0,"83":0,"84":0,"85":0,"86":0,"87":0,"88":0,"89":0,"90":0,"91":0,"92":0,"93":0,"94":0,"95":0,"96":0,"97":0,"98":0,"99":0,"100":0,"101":0,"102":0,"103":0,"104":0,"105":0,"106":0},"b":{"1":[0,0],"2":[0,0],"3":[0,0],"4":[0,0],"5":[0,0],"6":[0,0],"7":[0,0],"8":[0,0],"9":[0,0],"10":[0,0],"11":[0,0],"12":[0,0],"13":[0,0],"14":[0,0],"15":[0,0],"16":[0,0],"17":[0,0],"18":[0,0],"19":[0,0],"20":[0,0],"21":[0,0],"22":[0,0],"23":[0,0],"24":[0,0],"25":[0,0],"26":[0,0],"27":[0,0],"28":[0,0],"29":[0,0],"30":[0,0]},"f":{"1":0,"2":0,"3":0,"4":0,"5":0,"6":0,"7":0,"8":0,"9":0,"10":0,"11":0,"12":0,"13":0,"14":0,"15":0,"16":0,"17":0,"18":0,"19":0,"20":0,"21":0,"22":0,"23":0,"24":0,"25":0,"26":0,"27":0,"28":0,"29":0,"30":0,"31":0,"32":0,"33":0},"fnMap":{"1":{"name":"mul","line":12,"loc":{"start":{"line":12,"column":4},"end":{"line":12,"column":68}}},"2":{"name":"div","line":21,"loc":{"start":{"line":21,"column":4},"end":{"line":21,"column":68}}},"3":{"name":"sub","line":28,"loc":{"start":{"line":28,"column":4},"end":{"line":28,"column":68}}},"4":{"name":"add","line":33,"loc":{"start":{"line":33,"column":4},"end":{"line":33,"column":68}}},"5":{"name":"constructor","line":52,"loc":{"start":{"line":52,"column":4},"end":{"line":52,"column":27}}},"6":{"name":"onlyOwner","line":59,"loc":{"start":{"line":59,"column":4},"end":{"line":59,"column":22}}},"7":{"name":"transferOwnership","line":68,"loc":{"start":{"line":68,"column":64},"end":{"line":68,"column":3}}},"8":{"name":"onlyPayloadSize","line":116,"loc":{"start":{"line":116,"column":4},"end":{"line":116,"column":37}}},"9":{"name":"transfer","line":126,"loc":{"start":{"line":126,"column":77},"end":{"line":126,"column":3}}},"10":{"name":"balanceOf","line":146,"loc":{"start":{"line":146,"column":4},"end":{"line":146,"column":75}}},"11":{"name":"transferFrom","line":171,"loc":{"start":{"line":171,"column":96},"end":{"line":171,"column":3}}},"12":{"name":"approve","line":199,"loc":{"start":{"line":199,"column":81},"end":{"line":199,"column":3}}},"13":{"name":"allowance","line":217,"loc":{"start":{"line":217,"column":4},"end":{"line":217,"column":95}}},"14":{"name":"whenNotPaused","line":238,"loc":{"start":{"line":238,"column":2},"end":{"line":238,"column":26}}},"15":{"name":"whenPaused","line":246,"loc":{"start":{"line":246,"column":2},"end":{"line":246,"column":23}}},"16":{"name":"pause","line":254,"loc":{"start":{"line":254,"column":41},"end":{"line":254,"column":10}}},"17":{"name":"unpause","line":262,"loc":{"start":{"line":262,"column":40},"end":{"line":262,"column":10}}},"18":{"name":"getBlackListStatus","line":271,"loc":{"start":{"line":271,"column":4},"end":{"line":271,"column":78}}},"19":{"name":"getOwner","line":275,"loc":{"start":{"line":275,"column":4},"end":{"line":275,"column":57}}},"20":{"name":"addBlackList","line":281,"loc":{"start":{"line":281,"column":61},"end":{"line":281,"column":3}}},"21":{"name":"removeBlackList","line":286,"loc":{"start":{"line":286,"column":67},"end":{"line":286,"column":3}}},"22":{"name":"destroyBlackFunds","line":291,"loc":{"start":{"line":291,"column":73},"end":{"line":291,"column":3}}},"23":{"name":"constructor","line":330,"loc":{"start":{"line":330,"column":4},"end":{"line":330,"column":96}}},"24":{"name":"transfer","line":340,"loc":{"start":{"line":340,"column":67},"end":{"line":340,"column":3}}},"25":{"name":"transferFrom","line":350,"loc":{"start":{"line":350,"column":86},"end":{"line":350,"column":3}}},"26":{"name":"balanceOf","line":360,"loc":{"start":{"line":360,"column":4},"end":{"line":360,"column":64}}},"27":{"name":"approve","line":369,"loc":{"start":{"line":369,"column":81},"end":{"line":369,"column":3}}},"28":{"name":"allowance","line":378,"loc":{"start":{"line":378,"column":4},"end":{"line":378,"column":95}}},"29":{"name":"deprecate","line":387,"loc":{"start":{"line":387,"column":64},"end":{"line":387,"column":3}}},"30":{"name":"totalSupply","line":394,"loc":{"start":{"line":394,"column":4},"end":{"line":394,"column":55}}},"31":{"name":"issue","line":406,"loc":{"start":{"line":406,"column":47},"end":{"line":406,"column":3}}},"32":{"name":"redeem","line":420,"loc":{"start":{"line":420,"column":48},"end":{"line":420,"column":3}}},"33":{"name":"setParams","line":429,"loc":{"start":{"line":429,"column":75},"end":{"line":429,"column":3}}}},"statementMap":{"1":{"start":{"line":13,"column":8},"end":{"line":13,"column":292}},"2":{"start":{"line":14,"column":12},"end":{"line":14,"column":20}},"3":{"start":{"line":16,"column":8},"end":{"line":16,"column":25}},"4":{"start":{"line":17,"column":8},"end":{"line":17,"column":25}},"5":{"start":{"line":18,"column":8},"end":{"line":18,"column":16}},"6":{"start":{"line":23,"column":8},"end":{"line":23,"column":25}},"7":{"start":{"line":25,"column":8},"end":{"line":25,"column":16}},"8":{"start":{"line":29,"column":8},"end":{"line":29,"column":21}},"9":{"start":{"line":30,"column":8},"end":{"line":30,"column":20}},"10":{"start":{"line":34,"column":8},"end":{"line":34,"column":25}},"11":{"start":{"line":35,"column":8},"end":{"line":35,"column":21}},"12":{"start":{"line":36,"column":8},"end":{"line":36,"column":16}},"13":{"start":{"line":53,"column":8},"end":{"line":53,"column":25}},"14":{"start":{"line":60,"column":8},"end":{"line":60,"column":35}},"15":{"start":{"line":69,"column":8},"end":{"line":69,"column":1819}},"16":{"start":{"line":70,"column":12},"end":{"line":70,"column":27}},"17":{"start":{"line":117,"column":8},"end":{"line":117,"column":45}},"18":{"start":{"line":127,"column":8},"end":{"line":127,"column":59}},"19":{"start":{"line":128,"column":8},"end":{"line":128,"column":3600}},"20":{"start":{"line":129,"column":12},"end":{"line":129,"column":27}},"21":{"start":{"line":131,"column":8},"end":{"line":131,"column":41}},"22":{"start":{"line":132,"column":8},"end":{"line":132,"column":62}},"23":{"start":{"line":133,"column":8},"end":{"line":133,"column":52}},"24":{"start":{"line":134,"column":8},"end":{"line":134,"column":3835}},"25":{"start":{"line":135,"column":12},"end":{"line":135,"column":53}},"26":{"start":{"line":136,"column":12},"end":{"line":136,"column":43}},"27":{"start":{"line":138,"column":8},"end":{"line":138,"column":44}},"28":{"start":{"line":147,"column":8},"end":{"line":147,"column":31}},"29":{"start":{"line":172,"column":8},"end":{"line":172,"column":51}},"30":{"start":{"line":177,"column":8},"end":{"line":177,"column":59}},"31":{"start":{"line":178,"column":8},"end":{"line":178,"column":5427}},"32":{"start":{"line":179,"column":12},"end":{"line":179,"column":27}},"33":{"start":{"line":181,"column":8},"end":{"line":181,"column":5499}},"34":{"start":{"line":182,"column":12},"end":{"line":182,"column":62}},"35":{"start":{"line":184,"column":8},"end":{"line":184,"column":41}},"36":{"start":{"line":185,"column":8},"end":{"line":185,"column":52}},"37":{"start":{"line":186,"column":8},"end":{"line":186,"column":52}},"38":{"start":{"line":187,"column":8},"end":{"line":187,"column":5764}},"39":{"start":{"line":188,"column":12},"end":{"line":188,"column":53}},"40":{"start":{"line":189,"column":12},"end":{"line":189,"column":38}},"41":{"start":{"line":191,"column":8},"end":{"line":191,"column":39}},"42":{"start":{"line":205,"column":8},"end":{"line":205,"column":72}},"43":{"start":{"line":207,"column":8},"end":{"line":207,"column":45}},"44":{"start":{"line":208,"column":8},"end":{"line":208,"column":45}},"45":{"start":{"line":218,"column":8},"end":{"line":218,"column":40}},"46":{"start":{"line":239,"column":4},"end":{"line":239,"column":19}},"47":{"start":{"line":247,"column":4},"end":{"line":247,"column":18}},"48":{"start":{"line":255,"column":4},"end":{"line":255,"column":16}},"49":{"start":{"line":256,"column":4},"end":{"line":256,"column":10}},"50":{"start":{"line":263,"column":4},"end":{"line":263,"column":17}},"51":{"start":{"line":264,"column":4},"end":{"line":264,"column":12}},"52":{"start":{"line":272,"column":8},"end":{"line":272,"column":36}},"53":{"start":{"line":276,"column":8},"end":{"line":276,"column":20}},"54":{"start":{"line":282,"column":8},"end":{"line":282,"column":38}},"55":{"start":{"line":283,"column":8},"end":{"line":283,"column":32}},"56":{"start":{"line":287,"column":8},"end":{"line":287,"column":42}},"57":{"start":{"line":288,"column":8},"end":{"line":288,"column":37}},"58":{"start":{"line":292,"column":8},"end":{"line":292,"column":47}},"59":{"start":{"line":293,"column":8},"end":{"line":293,"column":53}},"60":{"start":{"line":294,"column":8},"end":{"line":294,"column":37}},"61":{"start":{"line":295,"column":8},"end":{"line":295,"column":33}},"62":{"start":{"line":296,"column":8},"end":{"line":296,"column":56}},"63":{"start":{"line":331,"column":8},"end":{"line":331,"column":36}},"64":{"start":{"line":332,"column":8},"end":{"line":332,"column":19}},"65":{"start":{"line":333,"column":8},"end":{"line":333,"column":23}},"66":{"start":{"line":334,"column":8},"end":{"line":334,"column":27}},"67":{"start":{"line":335,"column":8},"end":{"line":335,"column":39}},"68":{"start":{"line":336,"column":8},"end":{"line":336,"column":25}},"69":{"start":{"line":341,"column":8},"end":{"line":341,"column":42}},"70":{"start":{"line":342,"column":8},"end":{"line":342,"column":10719}},"71":{"start":{"line":343,"column":12},"end":{"line":343,"column":99}},"72":{"start":{"line":345,"column":12},"end":{"line":345,"column":46}},"73":{"start":{"line":351,"column":8},"end":{"line":351,"column":37}},"74":{"start":{"line":352,"column":8},"end":{"line":352,"column":11134}},"75":{"start":{"line":353,"column":12},"end":{"line":353,"column":110}},"76":{"start":{"line":355,"column":12},"end":{"line":355,"column":57}},"77":{"start":{"line":361,"column":8},"end":{"line":361,"column":11510}},"78":{"start":{"line":362,"column":12},"end":{"line":362,"column":72}},"79":{"start":{"line":364,"column":12},"end":{"line":364,"column":39}},"80":{"start":{"line":370,"column":8},"end":{"line":370,"column":11846}},"81":{"start":{"line":371,"column":12},"end":{"line":371,"column":103}},"82":{"start":{"line":373,"column":12},"end":{"line":373,"column":50}},"83":{"start":{"line":379,"column":8},"end":{"line":379,"column":12239}},"84":{"start":{"line":380,"column":12},"end":{"line":380,"column":77}},"85":{"start":{"line":382,"column":12},"end":{"line":382,"column":52}},"86":{"start":{"line":388,"column":8},"end":{"line":388,"column":24}},"87":{"start":{"line":389,"column":8},"end":{"line":389,"column":41}},"88":{"start":{"line":390,"column":8},"end":{"line":390,"column":34}},"89":{"start":{"line":395,"column":8},"end":{"line":395,"column":12789}},"90":{"start":{"line":396,"column":12},"end":{"line":396,"column":63}},"91":{"start":{"line":398,"column":12},"end":{"line":398,"column":31}},"92":{"start":{"line":407,"column":8},"end":{"line":407,"column":52}},"93":{"start":{"line":408,"column":8},"end":{"line":408,"column":58}},"94":{"start":{"line":410,"column":8},"end":{"line":410,"column":32}},"95":{"start":{"line":411,"column":8},"end":{"line":411,"column":29}},"96":{"start":{"line":412,"column":8},"end":{"line":412,"column":20}},"97":{"start":{"line":421,"column":8},"end":{"line":421,"column":38}},"98":{"start":{"line":422,"column":8},"end":{"line":422,"column":41}},"99":{"start":{"line":424,"column":8},"end":{"line":424,"column":29}},"100":{"start":{"line":425,"column":8},"end":{"line":425,"column":32}},"101":{"start":{"line":426,"column":8},"end":{"line":426,"column":21}},"102":{"start":{"line":431,"column":8},"end":{"line":431,"column":35}},"103":{"start":{"line":432,"column":8},"end":{"line":432,"column":30}},"104":{"start":{"line":434,"column":8},"end":{"line":434,"column":39}},"105":{"start":{"line":435,"column":8},"end":{"line":435,"column":47}},"106":{"start":{"line":437,"column":8},"end":{"line":437,"column":42}}},"branchMap":{"1":{"line":13,"type":"if","locations":[{"start":{"line":13,"column":8},"end":{"line":13,"column":8}},{"start":{"line":13,"column":8},"end":{"line":13,"column":8}}]},"2":{"line":17,"type":"if","locations":[{"start":{"line":17,"column":8},"end":{"line":17,"column":8}},{"start":{"line":17,"column":8},"end":{"line":17,"column":8}}]},"3":{"line":29,"type":"if","locations":[{"start":{"line":29,"column":8},"end":{"line":29,"column":8}},{"start":{"line":29,"column":8},"end":{"line":29,"column":8}}]},"4":{"line":35,"type":"if","locations":[{"start":{"line":35,"column":8},"end":{"line":35,"column":8}},{"start":{"line":35,"column":8},"end":{"line":35,"column":8}}]},"5":{"line":60,"type":"if","locations":[{"start":{"line":60,"column":8},"end":{"line":60,"column":8}},{"start":{"line":60,"column":8},"end":{"line":60,"column":8}}]},"6":{"line":69,"type":"if","locations":[{"start":{"line":69,"column":8},"end":{"line":69,"column":8}},{"start":{"line":69,"column":8},"end":{"line":69,"column":8}}]},"7":{"line":117,"type":"if","locations":[{"start":{"line":117,"column":8},"end":{"line":117,"column":8}},{"start":{"line":117,"column":8},"end":{"line":117,"column":8}}]},"8":{"line":128,"type":"if","locations":[{"start":{"line":128,"column":8},"end":{"line":128,"column":8}},{"start":{"line":128,"column":8},"end":{"line":128,"column":8}}]},"9":{"line":134,"type":"if","locations":[{"start":{"line":134,"column":8},"end":{"line":134,"column":8}},{"start":{"line":134,"column":8},"end":{"line":134,"column":8}}]},"10":{"line":178,"type":"if","locations":[{"start":{"line":178,"column":8},"end":{"line":178,"column":8}},{"start":{"line":178,"column":8},"end":{"line":178,"column":8}}]},"11":{"line":181,"type":"if","locations":[{"start":{"line":181,"column":8},"end":{"line":181,"column":8}},{"start":{"line":181,"column":8},"end":{"line":181,"column":8}}]},"12":{"line":187,"type":"if","locations":[{"start":{"line":187,"column":8},"end":{"line":187,"column":8}},{"start":{"line":187,"column":8},"end":{"line":187,"column":8}}]},"13":{"line":205,"type":"if","locations":[{"start":{"line":205,"column":8},"end":{"line":205,"column":8}},{"start":{"line":205,"column":8},"end":{"line":205,"column":8}}]},"14":{"line":239,"type":"if","locations":[{"start":{"line":239,"column":4},"end":{"line":239,"column":4}},{"start":{"line":239,"column":4},"end":{"line":239,"column":4}}]},"15":{"line":247,"type":"if","locations":[{"start":{"line":247,"column":4},"end":{"line":247,"column":4}},{"start":{"line":247,"column":4},"end":{"line":247,"column":4}}]},"16":{"line":292,"type":"if","locations":[{"start":{"line":292,"column":8},"end":{"line":292,"column":8}},{"start":{"line":292,"column":8},"end":{"line":292,"column":8}}]},"17":{"line":341,"type":"if","locations":[{"start":{"line":341,"column":8},"end":{"line":341,"column":8}},{"start":{"line":341,"column":8},"end":{"line":341,"column":8}}]},"18":{"line":342,"type":"if","locations":[{"start":{"line":342,"column":8},"end":{"line":342,"column":8}},{"start":{"line":342,"column":8},"end":{"line":342,"column":8}}]},"19":{"line":351,"type":"if","locations":[{"start":{"line":351,"column":8},"end":{"line":351,"column":8}},{"start":{"line":351,"column":8},"end":{"line":351,"column":8}}]},"20":{"line":352,"type":"if","locations":[{"start":{"line":352,"column":8},"end":{"line":352,"column":8}},{"start":{"line":352,"column":8},"end":{"line":352,"column":8}}]},"21":{"line":361,"type":"if","locations":[{"start":{"line":361,"column":8},"end":{"line":361,"column":8}},{"start":{"line":361,"column":8},"end":{"line":361,"column":8}}]},"22":{"line":370,"type":"if","locations":[{"start":{"line":370,"column":8},"end":{"line":370,"column":8}},{"start":{"line":370,"column":8},"end":{"line":370,"column":8}}]},"23":{"line":379,"type":"if","locations":[{"start":{"line":379,"column":8},"end":{"line":379,"column":8}},{"start":{"line":379,"column":8},"end":{"line":379,"column":8}}]},"24":{"line":395,"type":"if","locations":[{"start":{"line":395,"column":8},"end":{"line":395,"column":8}},{"start":{"line":395,"column":8},"end":{"line":395,"column":8}}]},"25":{"line":407,"type":"if","locations":[{"start":{"line":407,"column":8},"end":{"line":407,"column":8}},{"start":{"line":407,"column":8},"end":{"line":407,"column":8}}]},"26":{"line":408,"type":"if","locations":[{"start":{"line":408,"column":8},"end":{"line":408,"column":8}},{"start":{"line":408,"column":8},"end":{"line":408,"column":8}}]},"27":{"line":421,"type":"if","locations":[{"start":{"line":421,"column":8},"end":{"line":421,"column":8}},{"start":{"line":421,"column":8},"end":{"line":421,"column":8}}]},"28":{"line":422,"type":"if","locations":[{"start":{"line":422,"column":8},"end":{"line":422,"column":8}},{"start":{"line":422,"column":8},"end":{"line":422,"column":8}}]},"29":{"line":431,"type":"if","locations":[{"start":{"line":431,"column":8},"end":{"line":431,"column":8}},{"start":{"line":431,"column":8},"end":{"line":431,"column":8}}]},"30":{"line":432,"type":"if","locations":[{"start":{"line":432,"column":8},"end":{"line":432,"column":8}},{"start":{"line":432,"column":8},"end":{"line":432,"column":8}}]}}}}