{"contracts/AmberToken.sol":{"l":{"27":4,"28":4,"34":0,"35":0,"67":4,"68":4,"69":4,"78":0,"79":0,"80":0,"89":0,"90":0,"91":0,"101":0,"102":0,"103":0,"110":0,"111":0,"112":0,"113":0,"114":0,"115":0,"125":0,"126":0,"127":0,"129":0,"139":0,"140":0,"141":0,"142":0,"144":0,"154":0,"155":0,"156":0,"158":0,"163":3,"171":0,"176":14,"177":6,"182":2,"183":2,"188":26,"189":0,"217":0,"290":0,"291":0,"292":0,"293":0,"308":0,"309":0,"312":0,"313":0,"314":0,"315":0,"316":0,"329":0,"342":0,"357":0,"358":0,"359":0,"360":0,"361":0,"371":0,"375":0,"378":0,"379":0,"381":0,"382":0,"384":0,"385":0,"387":0,"388":0,"390":0,"403":0,"404":0,"417":0,"418":0,"433":0,"434":0,"435":0,"451":0,"452":0,"453":0,"469":0,"470":0,"471":0,"485":0},"path":"/home/honeybadger/playground/oz_unittest/contracts/AmberToken.sol","s":{"1":4,"2":0,"3":0,"4":4,"5":4,"6":4,"7":0,"8":0,"9":0,"10":0,"11":0,"12":0,"13":0,"14":0,"15":0,"16":0,"17":0,"18":0,"19":0,"20":0,"21":0,"22":0,"23":0,"24":0,"25":0,"26":0,"27":0,"28":0,"29":0,"30":0,"31":0,"32":0,"33":0,"34":0,"35":3,"36":0,"37":14,"38":2,"39":26,"40":0,"41":0,"42":0,"43":0,"44":0,"45":0,"46":0,"47":0,"48":0,"49":0,"50":0,"51":0,"52":0,"53":0,"54":0,"55":0,"56":0,"57":0,"58":0,"59":0,"60":0,"61":0,"62":0,"63":0,"64":0,"65":0,"66":0,"67":0,"68":0,"69":0,"70":0,"71":0,"72":0,"73":0,"74":0,"75":0,"76":0,"77":0,"78":0,"79":0,"80":0,"81":0,"82":0,"83":0,"84":0,"85":0,"86":0,"87":0,"88":0,"89":0,"90":0,"91":0,"92":0,"93":0,"94":0,"95":0,"96":0},"b":{"1":[4,0],"2":[0,0],"3":[0,0],"4":[0,0],"5":[6,8],"6":[2,0],"7":[0,26],"8":[0,0],"9":[0,0],"10":[0,0],"11":[0,0],"12":[0,0],"13":[0,0],"14":[0,0],"15":[0,0],"16":[0,0],"17":[0,0],"18":[0,0],"19":[0,0],"20":[0,0],"21":[0,0],"22":[0,0],"23":[0,0],"24":[0,0],"25":[0,0],"26":[0,0]},"f":{"1":4,"2":0,"3":28,"4":4,"5":0,"6":0,"7":0,"8":0,"9":0,"10":0,"11":0,"12":3,"13":0,"14":14,"15":2,"16":26,"17":0,"18":0,"19":0,"20":0,"21":0,"22":0,"23":0,"24":0,"25":0,"26":0,"27":0,"28":0,"29":0,"30":0,"31":0,"32":0,"33":0,"34":0,"35":0,"36":0,"37":0,"38":0,"39":0,"40":0,"41":0,"42":0},"fnMap":{"1":{"name":"only_owner","line":26,"loc":{"start":{"line":26,"column":1},"end":{"line":26,"column":21}}},"2":{"name":"setOwner","line":33,"loc":{"start":{"line":33,"column":42},"end":{"line":33,"column":3}}},"3":{"name":"constructor","line":59,"loc":{"start":{"line":59,"column":1},"end":{"line":59,"column":23}}},"4":{"name":"mint","line":64,"loc":{"start":{"line":64,"column":11},"end":{"line":66,"column":2}}},"5":{"name":"mintLocked","line":75,"loc":{"start":{"line":75,"column":11},"end":{"line":77,"column":2}}},"6":{"name":"finalise","line":86,"loc":{"start":{"line":86,"column":11},"end":{"line":88,"column":2}}},"7":{"name":"currentPhase","line":96,"loc":{"start":{"line":96,"column":1},"end":{"line":100,"column":2}}},"8":{"name":"unlockTokens","line":107,"loc":{"start":{"line":107,"column":1},"end":{"line":109,"column":2}}},"9":{"name":"transfer","line":122,"loc":{"start":{"line":122,"column":12},"end":{"line":124,"column":2}}},"10":{"name":"transferFrom","line":136,"loc":{"start":{"line":136,"column":12},"end":{"line":138,"column":2}}},"11":{"name":"approve","line":149,"loc":{"start":{"line":149,"column":12},"end":{"line":151,"column":2}}},"12":{"name":"balanceOf","line":162,"loc":{"start":{"line":162,"column":1},"end":{"line":162,"column":61}}},"13":{"name":"allowance","line":167,"loc":{"start":{"line":167,"column":1},"end":{"line":170,"column":2}}},"14":{"name":"when_owns","line":175,"loc":{"start":{"line":175,"column":1},"end":{"line":175,"column":50}}},"15":{"name":"when_has_allowance","line":181,"loc":{"start":{"line":181,"column":1},"end":{"line":181,"column":77}}},"16":{"name":"when_liquid","line":187,"loc":{"start":{"line":187,"column":1},"end":{"line":187,"column":22}}},"17":{"name":"constructor","line":216,"loc":{"start":{"line":216,"column":1},"end":{"line":216,"column":25}}},"18":{"name":"only_admin","line":221,"loc":{"start":{"line":221,"column":1},"end":{"line":221,"column":21}}},"19":{"name":"only_prepurchaser","line":223,"loc":{"start":{"line":223,"column":1},"end":{"line":223,"column":28}}},"20":{"name":"is_valid_buyin","line":226,"loc":{"start":{"line":226,"column":1},"end":{"line":226,"column":25}}},"21":{"name":"is_under_cap_with","line":228,"loc":{"start":{"line":228,"column":1},"end":{"line":228,"column":40}}},"22":{"name":"only_certified","line":230,"loc":{"start":{"line":230,"column":1},"end":{"line":230,"column":38}}},"23":{"name":"only_before_period","line":242,"loc":{"start":{"line":242,"column":1},"end":{"line":242,"column":29}}},"24":{"name":"only_during_period","line":244,"loc":{"start":{"line":244,"column":1},"end":{"line":244,"column":29}}},"25":{"name":"only_during_paused_period","line":246,"loc":{"start":{"line":246,"column":1},"end":{"line":246,"column":36}}},"26":{"name":"only_after_sale","line":248,"loc":{"start":{"line":248,"column":1},"end":{"line":248,"column":26}}},"27":{"name":"when_allocations_uninitialised","line":258,"loc":{"start":{"line":258,"column":1},"end":{"line":258,"column":41}}},"28":{"name":"when_allocatable_liquid","line":260,"loc":{"start":{"line":260,"column":1},"end":{"line":260,"column":47}}},"29":{"name":"when_allocatable_locked","line":262,"loc":{"start":{"line":262,"column":1},"end":{"line":262,"column":47}}},"30":{"name":"when_allocations_complete","line":264,"loc":{"start":{"line":264,"column":1},"end":{"line":264,"column":36}}},"31":{"name":"notePrepurchase","line":286,"loc":{"start":{"line":286,"column":19},"end":{"line":288,"column":2}}},"32":{"name":"specialPurchase","line":304,"loc":{"start":{"line":304,"column":29},"end":{"line":307,"column":2}}},"33":{"name":"","line":325,"loc":{"start":{"line":325,"column":27},"end":{"line":328,"column":2}}},"34":{"name":"purchaseTo","line":338,"loc":{"start":{"line":338,"column":27},"end":{"line":341,"column":2}}},"35":{"name":"processPurchase","line":353,"loc":{"start":{"line":353,"column":29},"end":{"line":355,"column":2}}},"36":{"name":"buyinReturn","line":365,"loc":{"start":{"line":365,"column":1},"end":{"line":369,"column":2}}},"37":{"name":"pause","line":400,"loc":{"start":{"line":400,"column":19},"end":{"line":402,"column":2}}},"38":{"name":"unpause","line":414,"loc":{"start":{"line":414,"column":26},"end":{"line":416,"column":2}}},"39":{"name":"initialiseAllocations","line":431,"loc":{"start":{"line":431,"column":31},"end":{"line":432,"column":2}}},"40":{"name":"allocateLiquid","line":447,"loc":{"start":{"line":447,"column":32},"end":{"line":449,"column":2}}},"41":{"name":"allocateLocked","line":465,"loc":{"start":{"line":465,"column":32},"end":{"line":467,"column":2}}},"42":{"name":"finalise","line":482,"loc":{"start":{"line":482,"column":26},"end":{"line":484,"column":2}}}},"statementMap":{"1":{"start":{"line":27,"column":2},"end":{"line":27,"column":30}},"2":{"start":{"line":34,"column":2},"end":{"line":34,"column":22}},"3":{"start":{"line":35,"column":2},"end":{"line":35,"column":13}},"4":{"start":{"line":67,"column":2},"end":{"line":67,"column":33}},"5":{"start":{"line":68,"column":2},"end":{"line":68,"column":22}},"6":{"start":{"line":69,"column":2},"end":{"line":69,"column":21}},"7":{"start":{"line":78,"column":2},"end":{"line":78,"column":56}},"8":{"start":{"line":79,"column":2},"end":{"line":79,"column":22}},"9":{"start":{"line":80,"column":2},"end":{"line":80,"column":27}},"10":{"start":{"line":89,"column":2},"end":{"line":89,"column":15}},"11":{"start":{"line":90,"column":2},"end":{"line":90,"column":10}},"12":{"start":{"line":91,"column":2},"end":{"line":91,"column":17}},"13":{"start":{"line":101,"column":2},"end":{"line":101,"column":25}},"14":{"start":{"line":102,"column":2},"end":{"line":102,"column":46}},"15":{"start":{"line":103,"column":2},"end":{"line":103,"column":46}},"16":{"start":{"line":110,"column":2},"end":{"line":110,"column":29}},"17":{"start":{"line":111,"column":2},"end":{"line":111,"column":45}},"18":{"start":{"line":112,"column":2},"end":{"line":112,"column":43}},"19":{"start":{"line":113,"column":2},"end":{"line":113,"column":3251}},"20":{"start":{"line":114,"column":3},"end":{"line":114,"column":56}},"21":{"start":{"line":115,"column":3},"end":{"line":115,"column":34}},"22":{"start":{"line":125,"column":2},"end":{"line":125,"column":34}},"23":{"start":{"line":126,"column":2},"end":{"line":126,"column":39}},"24":{"start":{"line":127,"column":2},"end":{"line":127,"column":32}},"25":{"start":{"line":129,"column":2},"end":{"line":129,"column":13}},"26":{"start":{"line":139,"column":2},"end":{"line":139,"column":29}},"27":{"start":{"line":140,"column":2},"end":{"line":140,"column":50}},"28":{"start":{"line":141,"column":2},"end":{"line":141,"column":34}},"29":{"start":{"line":142,"column":2},"end":{"line":142,"column":32}},"30":{"start":{"line":144,"column":2},"end":{"line":144,"column":13}},"31":{"start":{"line":154,"column":2},"end":{"line":154,"column":73}},"32":{"start":{"line":155,"column":2},"end":{"line":155,"column":39}},"33":{"start":{"line":156,"column":2},"end":{"line":156,"column":52}},"34":{"start":{"line":158,"column":2},"end":{"line":158,"column":13}},"35":{"start":{"line":163,"column":2},"end":{"line":163,"column":31}},"36":{"start":{"line":171,"column":2},"end":{"line":171,"column":47}},"37":{"start":{"line":176,"column":2},"end":{"line":176,"column":46}},"38":{"start":{"line":182,"column":2},"end":{"line":182,"column":60}},"39":{"start":{"line":188,"column":2},"end":{"line":188,"column":18}},"40":{"start":{"line":217,"column":2},"end":{"line":217,"column":26}},"41":{"start":{"line":221,"column":23},"end":{"line":221,"column":59}},"42":{"start":{"line":223,"column":30},"end":{"line":223,"column":65}},"43":{"start":{"line":226,"column":27},"end":{"line":226,"column":102}},"44":{"start":{"line":228,"column":42},"end":{"line":228,"column":85}},"45":{"start":{"line":230,"column":40},"end":{"line":230,"column":73}},"46":{"start":{"line":242,"column":31},"end":{"line":242,"column":56}},"47":{"start":{"line":244,"column":31},"end":{"line":244,"column":88}},"48":{"start":{"line":246,"column":38},"end":{"line":246,"column":94}},"49":{"start":{"line":248,"column":28},"end":{"line":248,"column":82}},"50":{"start":{"line":258,"column":43},"end":{"line":258,"column":75}},"51":{"start":{"line":260,"column":49},"end":{"line":260,"column":85}},"52":{"start":{"line":262,"column":49},"end":{"line":262,"column":85}},"53":{"start":{"line":264,"column":38},"end":{"line":264,"column":121}},"54":{"start":{"line":290,"column":2},"end":{"line":290,"column":30}},"55":{"start":{"line":291,"column":2},"end":{"line":291,"column":26}},"56":{"start":{"line":292,"column":2},"end":{"line":292,"column":24}},"57":{"start":{"line":293,"column":2},"end":{"line":293,"column":43}},"58":{"start":{"line":308,"column":2},"end":{"line":308,"column":54}},"59":{"start":{"line":309,"column":2},"end":{"line":309,"column":21}},"60":{"start":{"line":312,"column":2},"end":{"line":312,"column":32}},"61":{"start":{"line":313,"column":2},"end":{"line":313,"column":29}},"62":{"start":{"line":314,"column":2},"end":{"line":314,"column":25}},"63":{"start":{"line":315,"column":2},"end":{"line":315,"column":20}},"64":{"start":{"line":316,"column":2},"end":{"line":316,"column":48}},"65":{"start":{"line":329,"column":2},"end":{"line":329,"column":28}},"66":{"start":{"line":342,"column":2},"end":{"line":342,"column":28}},"67":{"start":{"line":357,"column":2},"end":{"line":357,"column":52}},"68":{"start":{"line":358,"column":2},"end":{"line":358,"column":29}},"69":{"start":{"line":359,"column":2},"end":{"line":359,"column":25}},"70":{"start":{"line":360,"column":2},"end":{"line":360,"column":40}},"71":{"start":{"line":361,"column":2},"end":{"line":361,"column":33}},"72":{"start":{"line":371,"column":2},"end":{"line":371,"column":11392}},"73":{"start":{"line":375,"column":3},"end":{"line":375,"column":32}},"74":{"start":{"line":378,"column":2},"end":{"line":378,"column":11575}},"75":{"start":{"line":379,"column":3},"end":{"line":379,"column":24}},"76":{"start":{"line":381,"column":2},"end":{"line":381,"column":11654}},"77":{"start":{"line":382,"column":3},"end":{"line":382,"column":22}},"78":{"start":{"line":384,"column":2},"end":{"line":384,"column":11733}},"79":{"start":{"line":385,"column":3},"end":{"line":385,"column":22}},"80":{"start":{"line":387,"column":2},"end":{"line":387,"column":11812}},"81":{"start":{"line":388,"column":3},"end":{"line":388,"column":22}},"82":{"start":{"line":390,"column":2},"end":{"line":390,"column":10}},"83":{"start":{"line":403,"column":2},"end":{"line":403,"column":16}},"84":{"start":{"line":404,"column":2},"end":{"line":404,"column":9}},"85":{"start":{"line":417,"column":2},"end":{"line":417,"column":17}},"86":{"start":{"line":418,"column":2},"end":{"line":418,"column":11}},"87":{"start":{"line":433,"column":2},"end":{"line":433,"column":30}},"88":{"start":{"line":434,"column":2},"end":{"line":434,"column":77}},"89":{"start":{"line":435,"column":2},"end":{"line":435,"column":77}},"90":{"start":{"line":451,"column":2},"end":{"line":451,"column":26}},"91":{"start":{"line":452,"column":2},"end":{"line":452,"column":28}},"92":{"start":{"line":453,"column":2},"end":{"line":453,"column":30}},"93":{"start":{"line":469,"column":2},"end":{"line":469,"column":32}},"94":{"start":{"line":470,"column":2},"end":{"line":470,"column":28}},"95":{"start":{"line":471,"column":2},"end":{"line":471,"column":31}},"96":{"start":{"line":485,"column":2},"end":{"line":485,"column":18}}},"branchMap":{"1":{"line":27,"type":"if","locations":[{"start":{"line":27,"column":2},"end":{"line":27,"column":2}},{"start":{"line":27,"column":2},"end":{"line":27,"column":2}}]},"2":{"line":101,"type":"if","locations":[{"start":{"line":101,"column":2},"end":{"line":101,"column":2}},{"start":{"line":101,"column":2},"end":{"line":101,"column":2}}]},"3":{"line":113,"type":"if","locations":[{"start":{"line":113,"column":2},"end":{"line":113,"column":2}},{"start":{"line":113,"column":2},"end":{"line":113,"column":2}}]},"4":{"line":154,"type":"if","locations":[{"start":{"line":154,"column":2},"end":{"line":154,"column":2}},{"start":{"line":154,"column":2},"end":{"line":154,"column":2}}]},"5":{"line":176,"type":"if","locations":[{"start":{"line":176,"column":2},"end":{"line":176,"column":2}},{"start":{"line":176,"column":2},"end":{"line":176,"column":2}}]},"6":{"line":182,"type":"if","locations":[{"start":{"line":182,"column":2},"end":{"line":182,"column":2}},{"start":{"line":182,"column":2},"end":{"line":182,"column":2}}]},"7":{"line":188,"type":"if","locations":[{"start":{"line":188,"column":2},"end":{"line":188,"column":2}},{"start":{"line":188,"column":2},"end":{"line":188,"column":2}}]},"8":{"line":221,"type":"if","locations":[{"start":{"line":221,"column":23},"end":{"line":221,"column":23}},{"start":{"line":221,"column":23},"end":{"line":221,"column":23}}]},"9":{"line":223,"type":"if","locations":[{"start":{"line":223,"column":30},"end":{"line":223,"column":30}},{"start":{"line":223,"column":30},"end":{"line":223,"column":30}}]},"10":{"line":226,"type":"if","locations":[{"start":{"line":226,"column":27},"end":{"line":226,"column":27}},{"start":{"line":226,"column":27},"end":{"line":226,"column":27}}]},"11":{"line":228,"type":"if","locations":[{"start":{"line":228,"column":42},"end":{"line":228,"column":42}},{"start":{"line":228,"column":42},"end":{"line":228,"column":42}}]},"12":{"line":230,"type":"if","locations":[{"start":{"line":230,"column":40},"end":{"line":230,"column":40}},{"start":{"line":230,"column":40},"end":{"line":230,"column":40}}]},"13":{"line":242,"type":"if","locations":[{"start":{"line":242,"column":31},"end":{"line":242,"column":31}},{"start":{"line":242,"column":31},"end":{"line":242,"column":31}}]},"14":{"line":244,"type":"if","locations":[{"start":{"line":244,"column":31},"end":{"line":244,"column":31}},{"start":{"line":244,"column":31},"end":{"line":244,"column":31}}]},"15":{"line":246,"type":"if","locations":[{"start":{"line":246,"column":38},"end":{"line":246,"column":38}},{"start":{"line":246,"column":38},"end":{"line":246,"column":38}}]},"16":{"line":248,"type":"if","locations":[{"start":{"line":248,"column":28},"end":{"line":248,"column":28}},{"start":{"line":248,"column":28},"end":{"line":248,"column":28}}]},"17":{"line":258,"type":"if","locations":[{"start":{"line":258,"column":43},"end":{"line":258,"column":43}},{"start":{"line":258,"column":43},"end":{"line":258,"column":43}}]},"18":{"line":260,"type":"if","locations":[{"start":{"line":260,"column":49},"end":{"line":260,"column":49}},{"start":{"line":260,"column":49},"end":{"line":260,"column":49}}]},"19":{"line":262,"type":"if","locations":[{"start":{"line":262,"column":49},"end":{"line":262,"column":49}},{"start":{"line":262,"column":49},"end":{"line":262,"column":49}}]},"20":{"line":264,"type":"if","locations":[{"start":{"line":264,"column":38},"end":{"line":264,"column":38}},{"start":{"line":264,"column":38},"end":{"line":264,"column":38}}]},"21":{"line":309,"type":"if","locations":[{"start":{"line":309,"column":2},"end":{"line":309,"column":2}},{"start":{"line":309,"column":2},"end":{"line":309,"column":2}}]},"22":{"line":371,"type":"if","locations":[{"start":{"line":371,"column":2},"end":{"line":371,"column":2}},{"start":{"line":371,"column":2},"end":{"line":371,"column":2}}]},"23":{"line":378,"type":"if","locations":[{"start":{"line":378,"column":2},"end":{"line":378,"column":2}},{"start":{"line":378,"column":2},"end":{"line":378,"column":2}}]},"24":{"line":381,"type":"if","locations":[{"start":{"line":381,"column":2},"end":{"line":381,"column":2}},{"start":{"line":381,"column":2},"end":{"line":381,"column":2}}]},"25":{"line":384,"type":"if","locations":[{"start":{"line":384,"column":2},"end":{"line":384,"column":2}},{"start":{"line":384,"column":2},"end":{"line":384,"column":2}}]},"26":{"line":387,"type":"if","locations":[{"start":{"line":387,"column":2},"end":{"line":387,"column":2}},{"start":{"line":387,"column":2},"end":{"line":387,"column":2}}]}}},"contracts/BitAseanToken.sol":{"l":{"11":33,"15":4,"16":4,"49":33,"50":33,"51":33,"52":33,"53":33,"58":0,"59":0,"60":0,"61":0,"62":0,"68":17,"69":17,"75":0,"76":0,"77":0,"78":0,"84":0,"85":0,"86":0,"87":0,"88":0,"89":0,"90":0,"91":0,"96":0,"118":10,"119":2,"120":2,"121":2,"122":2,"123":2,"129":17,"130":17,"131":1,"132":1,"133":1,"134":1,"135":1,"136":1,"137":1,"141":4,"142":4,"143":4,"144":4,"148":0,"149":0},"path":"/home/honeybadger/playground/oz_unittest/contracts/BitAseanToken.sol","s":{"1":33,"2":4,"3":0,"4":33,"5":33,"6":33,"7":33,"8":33,"9":0,"10":0,"11":0,"12":0,"13":0,"14":0,"15":0,"16":17,"17":17,"18":0,"19":0,"20":0,"21":0,"22":0,"23":0,"24":0,"25":0,"26":0,"27":0,"28":0,"29":0,"30":0,"31":0,"32":0,"33":0,"34":10,"35":8,"36":2,"37":0,"38":2,"39":0,"40":2,"41":2,"42":2,"43":17,"44":0,"45":17,"46":16,"47":1,"48":0,"49":1,"50":0,"51":1,"52":1,"53":1,"54":1,"55":1,"56":4,"57":4,"58":4,"59":4,"60":0,"61":0},"b":{"1":[0,4],"2":[0,0],"3":[0,0],"4":[0,0],"5":[0,0],"6":[0,0],"7":[0,0],"8":[8,2],"9":[0,2],"10":[0,2],"11":[0,17],"12":[16,1],"13":[0,1],"14":[0,1]},"f":{"1":33,"2":4,"3":33,"4":0,"5":17,"6":0,"7":0,"8":0,"9":33,"10":10,"11":17,"12":4,"13":0},"fnMap":{"1":{"name":"constructor","line":10,"loc":{"start":{"line":10,"column":4},"end":{"line":10,"column":18}}},"2":{"name":"onlyOwner","line":14,"loc":{"start":{"line":14,"column":4},"end":{"line":14,"column":20}}},"3":{"name":"constructor","line":43,"loc":{"start":{"line":43,"column":4},"end":{"line":48,"column":11}}},"4":{"name":"transfer","line":57,"loc":{"start":{"line":57,"column":4},"end":{"line":57,"column":48}}},"5":{"name":"approve","line":66,"loc":{"start":{"line":66,"column":4},"end":{"line":67,"column":32}}},"6":{"name":"approveAndCall","line":73,"loc":{"start":{"line":73,"column":4},"end":{"line":74,"column":32}}},"7":{"name":"transferFrom","line":83,"loc":{"start":{"line":83,"column":4},"end":{"line":83,"column":90}}},"8":{"name":"","line":95,"loc":{"start":{"line":95,"column":4},"end":{"line":95,"column":13}}},"9":{"name":"constructor","line":113,"loc":{"start":{"line":113,"column":64},"end":{"line":113,"column":3}}},"10":{"name":"transfer","line":117,"loc":{"start":{"line":117,"column":4},"end":{"line":117,"column":48}}},"11":{"name":"transferFrom","line":128,"loc":{"start":{"line":128,"column":4},"end":{"line":128,"column":90}}},"12":{"name":"mintToken","line":140,"loc":{"start":{"line":140,"column":69},"end":{"line":140,"column":3}}},"13":{"name":"freezeAccount","line":147,"loc":{"start":{"line":147,"column":64},"end":{"line":147,"column":3}}}},"statementMap":{"1":{"start":{"line":11,"column":8},"end":{"line":11,"column":25}},"2":{"start":{"line":15,"column":8},"end":{"line":15,"column":41}},"3":{"start":{"line":15,"column":33},"end":{"line":15,"column":40}},"4":{"start":{"line":49,"column":8},"end":{"line":49,"column":44}},"5":{"start":{"line":50,"column":8},"end":{"line":50,"column":34}},"6":{"start":{"line":51,"column":8},"end":{"line":51,"column":23}},"7":{"start":{"line":52,"column":8},"end":{"line":52,"column":27}},"8":{"start":{"line":53,"column":8},"end":{"line":53,"column":30}},"9":{"start":{"line":58,"column":8},"end":{"line":58,"column":52}},"10":{"start":{"line":58,"column":44},"end":{"line":58,"column":51}},"11":{"start":{"line":59,"column":8},"end":{"line":59,"column":62}},"12":{"start":{"line":59,"column":54},"end":{"line":59,"column":61}},"13":{"start":{"line":60,"column":8},"end":{"line":60,"column":38}},"14":{"start":{"line":61,"column":8},"end":{"line":61,"column":31}},"15":{"start":{"line":62,"column":8},"end":{"line":62,"column":40}},"16":{"start":{"line":68,"column":8},"end":{"line":68,"column":47}},"17":{"start":{"line":69,"column":8},"end":{"line":69,"column":19}},"18":{"start":{"line":75,"column":8},"end":{"line":75,"column":57}},"19":{"start":{"line":76,"column":8},"end":{"line":76,"column":2764}},"20":{"start":{"line":77,"column":12},"end":{"line":77,"column":72}},"21":{"start":{"line":78,"column":12},"end":{"line":78,"column":23}},"22":{"start":{"line":84,"column":8},"end":{"line":84,"column":47}},"23":{"start":{"line":84,"column":39},"end":{"line":84,"column":46}},"24":{"start":{"line":85,"column":8},"end":{"line":85,"column":62}},"25":{"start":{"line":85,"column":54},"end":{"line":85,"column":61}},"26":{"start":{"line":86,"column":8},"end":{"line":86,"column":59}},"27":{"start":{"line":86,"column":51},"end":{"line":86,"column":58}},"28":{"start":{"line":87,"column":8},"end":{"line":87,"column":33}},"29":{"start":{"line":88,"column":8},"end":{"line":88,"column":31}},"30":{"start":{"line":89,"column":8},"end":{"line":89,"column":45}},"31":{"start":{"line":90,"column":8},"end":{"line":90,"column":35}},"32":{"start":{"line":91,"column":8},"end":{"line":91,"column":19}},"33":{"start":{"line":96,"column":8},"end":{"line":96,"column":15}},"34":{"start":{"line":118,"column":8},"end":{"line":118,"column":52}},"35":{"start":{"line":118,"column":44},"end":{"line":118,"column":51}},"36":{"start":{"line":119,"column":8},"end":{"line":119,"column":62}},"37":{"start":{"line":119,"column":54},"end":{"line":119,"column":61}},"38":{"start":{"line":120,"column":8},"end":{"line":120,"column":47}},"39":{"start":{"line":120,"column":39},"end":{"line":120,"column":46}},"40":{"start":{"line":121,"column":8},"end":{"line":121,"column":38}},"41":{"start":{"line":122,"column":8},"end":{"line":122,"column":31}},"42":{"start":{"line":123,"column":8},"end":{"line":123,"column":40}},"43":{"start":{"line":129,"column":8},"end":{"line":129,"column":42}},"44":{"start":{"line":129,"column":34},"end":{"line":129,"column":41}},"45":{"start":{"line":130,"column":8},"end":{"line":130,"column":47}},"46":{"start":{"line":130,"column":39},"end":{"line":130,"column":46}},"47":{"start":{"line":131,"column":8},"end":{"line":131,"column":62}},"48":{"start":{"line":131,"column":54},"end":{"line":131,"column":61}},"49":{"start":{"line":132,"column":8},"end":{"line":132,"column":59}},"50":{"start":{"line":132,"column":51},"end":{"line":132,"column":58}},"51":{"start":{"line":133,"column":8},"end":{"line":133,"column":33}},"52":{"start":{"line":134,"column":8},"end":{"line":134,"column":31}},"53":{"start":{"line":135,"column":8},"end":{"line":135,"column":45}},"54":{"start":{"line":136,"column":8},"end":{"line":136,"column":35}},"55":{"start":{"line":137,"column":8},"end":{"line":137,"column":19}},"56":{"start":{"line":141,"column":8},"end":{"line":141,"column":40}},"57":{"start":{"line":142,"column":8},"end":{"line":142,"column":34}},"58":{"start":{"line":143,"column":8},"end":{"line":143,"column":38}},"59":{"start":{"line":144,"column":8},"end":{"line":144,"column":43}},"60":{"start":{"line":148,"column":8},"end":{"line":148,"column":37}},"61":{"start":{"line":149,"column":8},"end":{"line":149,"column":34}}},"branchMap":{"1":{"line":15,"type":"if","locations":[{"start":{"line":15,"column":8},"end":{"line":15,"column":8}},{"start":{"line":15,"column":8},"end":{"line":15,"column":8}}]},"2":{"line":58,"type":"if","locations":[{"start":{"line":58,"column":8},"end":{"line":58,"column":8}},{"start":{"line":58,"column":8},"end":{"line":58,"column":8}}]},"3":{"line":59,"type":"if","locations":[{"start":{"line":59,"column":8},"end":{"line":59,"column":8}},{"start":{"line":59,"column":8},"end":{"line":59,"column":8}}]},"4":{"line":76,"type":"if","locations":[{"start":{"line":76,"column":8},"end":{"line":76,"column":8}},{"start":{"line":76,"column":8},"end":{"line":76,"column":8}}]},"5":{"line":84,"type":"if","locations":[{"start":{"line":84,"column":8},"end":{"line":84,"column":8}},{"start":{"line":84,"column":8},"end":{"line":84,"column":8}}]},"6":{"line":85,"type":"if","locations":[{"start":{"line":85,"column":8},"end":{"line":85,"column":8}},{"start":{"line":85,"column":8},"end":{"line":85,"column":8}}]},"7":{"line":86,"type":"if","locations":[{"start":{"line":86,"column":8},"end":{"line":86,"column":8}},{"start":{"line":86,"column":8},"end":{"line":86,"column":8}}]},"8":{"line":118,"type":"if","locations":[{"start":{"line":118,"column":8},"end":{"line":118,"column":8}},{"start":{"line":118,"column":8},"end":{"line":118,"column":8}}]},"9":{"line":119,"type":"if","locations":[{"start":{"line":119,"column":8},"end":{"line":119,"column":8}},{"start":{"line":119,"column":8},"end":{"line":119,"column":8}}]},"10":{"line":120,"type":"if","locations":[{"start":{"line":120,"column":8},"end":{"line":120,"column":8}},{"start":{"line":120,"column":8},"end":{"line":120,"column":8}}]},"11":{"line":129,"type":"if","locations":[{"start":{"line":129,"column":8},"end":{"line":129,"column":8}},{"start":{"line":129,"column":8},"end":{"line":129,"column":8}}]},"12":{"line":130,"type":"if","locations":[{"start":{"line":130,"column":8},"end":{"line":130,"column":8}},{"start":{"line":130,"column":8},"end":{"line":130,"column":8}}]},"13":{"line":131,"type":"if","locations":[{"start":{"line":131,"column":8},"end":{"line":131,"column":8}},{"start":{"line":131,"column":8},"end":{"line":131,"column":8}}]},"14":{"line":132,"type":"if","locations":[{"start":{"line":132,"column":8},"end":{"line":132,"column":8}},{"start":{"line":132,"column":8},"end":{"line":132,"column":8}}]}}},"contracts/FuturXe.sol":{"l":{"30":33,"35":4,"37":4,"41":0,"65":33,"66":33,"67":33,"68":33,"69":33,"74":8,"81":6,"84":6,"86":2,"89":2,"91":2,"94":2,"96":2,"104":9,"107":9,"110":1,"113":0,"115":0,"116":0,"117":0,"120":0,"122":0,"127":6,"132":17,"133":17,"134":17,"139":4,"140":4,"142":4,"143":4,"148":0,"149":0,"154":0,"159":0,"164":0},"path":"/home/honeybadger/playground/oz_unittest/contracts/FuturXe.sol","s":{"1":33,"2":4,"3":0,"4":33,"5":33,"6":33,"7":33,"8":33,"9":8,"10":6,"11":0,"12":6,"13":4,"14":2,"15":0,"16":2,"17":2,"18":2,"19":2,"20":9,"21":0,"22":9,"23":8,"24":1,"25":1,"26":0,"27":0,"28":0,"29":0,"30":0,"31":0,"32":0,"33":6,"34":17,"35":17,"36":17,"37":4,"38":4,"39":4,"40":4,"41":0,"42":0,"43":0,"44":0,"45":0},"b":{"1":[0,4],"2":[0,6],"3":[4,2],"4":[0,2],"5":[0,9],"6":[8,1],"7":[1,0],"8":[0,0]},"f":{"1":33,"2":4,"3":0,"4":33,"5":8,"6":6,"7":9,"8":6,"9":17,"10":4,"11":0,"12":0,"13":0,"14":0},"fnMap":{"1":{"name":"constructor","line":29,"loc":{"start":{"line":29,"column":4},"end":{"line":29,"column":18}}},"2":{"name":"onlyOwner","line":34,"loc":{"start":{"line":34,"column":4},"end":{"line":34,"column":22}}},"3":{"name":"transferOwnership","line":40,"loc":{"start":{"line":40,"column":58},"end":{"line":40,"column":3}}},"4":{"name":"constructor","line":64,"loc":{"start":{"line":64,"column":4},"end":{"line":64,"column":88}}},"5":{"name":"balanceOf","line":73,"loc":{"start":{"line":73,"column":4},"end":{"line":73,"column":71}}},"6":{"name":"transfer","line":78,"loc":{"start":{"line":78,"column":4},"end":{"line":78,"column":66}}},"7":{"name":"transferFrom","line":101,"loc":{"start":{"line":101,"column":4},"end":{"line":101,"column":84}}},"8":{"name":"allowance","line":126,"loc":{"start":{"line":126,"column":4},"end":{"line":126,"column":91}}},"9":{"name":"approve","line":131,"loc":{"start":{"line":131,"column":4},"end":{"line":131,"column":76}}},"10":{"name":"mintToken","line":138,"loc":{"start":{"line":138,"column":69},"end":{"line":138,"column":2}}},"11":{"name":"freezeAccount","line":147,"loc":{"start":{"line":147,"column":64},"end":{"line":147,"column":3}}},"12":{"name":"changeName","line":153,"loc":{"start":{"line":153,"column":46},"end":{"line":153,"column":3}}},"13":{"name":"changeSymbol","line":158,"loc":{"start":{"line":158,"column":50},"end":{"line":158,"column":3}}},"14":{"name":"changeDecimals","line":163,"loc":{"start":{"line":163,"column":53},"end":{"line":163,"column":3}}}},"statementMap":{"1":{"start":{"line":30,"column":8},"end":{"line":30,"column":25}},"2":{"start":{"line":35,"column":8},"end":{"line":35,"column":37}},"3":{"start":{"line":41,"column":8},"end":{"line":41,"column":24}},"4":{"start":{"line":65,"column":8},"end":{"line":65,"column":45}},"5":{"start":{"line":66,"column":8},"end":{"line":66,"column":36}},"6":{"start":{"line":67,"column":8},"end":{"line":67,"column":38}},"7":{"start":{"line":68,"column":8},"end":{"line":68,"column":39}},"8":{"start":{"line":69,"column":8},"end":{"line":69,"column":45}},"9":{"start":{"line":74,"column":8},"end":{"line":74,"column":31}},"10":{"start":{"line":81,"column":8},"end":{"line":81,"column":51}},"11":{"start":{"line":81,"column":39},"end":{"line":81,"column":51}},"12":{"start":{"line":84,"column":8},"end":{"line":84,"column":53}},"13":{"start":{"line":84,"column":41},"end":{"line":84,"column":53}},"14":{"start":{"line":86,"column":8},"end":{"line":86,"column":60}},"15":{"start":{"line":86,"column":48},"end":{"line":86,"column":60}},"16":{"start":{"line":89,"column":8},"end":{"line":89,"column":36}},"17":{"start":{"line":91,"column":8},"end":{"line":91,"column":28}},"18":{"start":{"line":94,"column":8},"end":{"line":94,"column":38}},"19":{"start":{"line":96,"column":8},"end":{"line":96,"column":19}},"20":{"start":{"line":104,"column":8},"end":{"line":104,"column":51}},"21":{"start":{"line":104,"column":39},"end":{"line":104,"column":51}},"22":{"start":{"line":107,"column":8},"end":{"line":107,"column":47}},"23":{"start":{"line":107,"column":35},"end":{"line":107,"column":47}},"24":{"start":{"line":110,"column":8},"end":{"line":110,"column":61}},"25":{"start":{"line":110,"column":49},"end":{"line":110,"column":61}},"26":{"start":{"line":113,"column":8},"end":{"line":113,"column":60}},"27":{"start":{"line":113,"column":48},"end":{"line":113,"column":60}},"28":{"start":{"line":115,"column":8},"end":{"line":115,"column":30}},"29":{"start":{"line":116,"column":8},"end":{"line":116,"column":41}},"30":{"start":{"line":117,"column":8},"end":{"line":117,"column":28}},"31":{"start":{"line":120,"column":8},"end":{"line":120,"column":32}},"32":{"start":{"line":122,"column":8},"end":{"line":122,"column":19}},"33":{"start":{"line":127,"column":8},"end":{"line":127,"column":40}},"34":{"start":{"line":132,"column":8},"end":{"line":132,"column":46}},"35":{"start":{"line":133,"column":8},"end":{"line":133,"column":46}},"36":{"start":{"line":134,"column":8},"end":{"line":134,"column":19}},"37":{"start":{"line":139,"column":8},"end":{"line":139,"column":39}},"38":{"start":{"line":140,"column":8},"end":{"line":140,"column":34}},"39":{"start":{"line":142,"column":8},"end":{"line":142,"column":37}},"40":{"start":{"line":143,"column":8},"end":{"line":143,"column":42}},"41":{"start":{"line":148,"column":8},"end":{"line":148,"column":37}},"42":{"start":{"line":149,"column":8},"end":{"line":149,"column":34}},"43":{"start":{"line":154,"column":8},"end":{"line":154,"column":19}},"44":{"start":{"line":159,"column":8},"end":{"line":159,"column":23}},"45":{"start":{"line":164,"column":8},"end":{"line":164,"column":27}}},"branchMap":{"1":{"line":35,"type":"if","locations":[{"start":{"line":35,"column":8},"end":{"line":35,"column":8}},{"start":{"line":35,"column":8},"end":{"line":35,"column":8}}]},"2":{"line":81,"type":"if","locations":[{"start":{"line":81,"column":8},"end":{"line":81,"column":8}},{"start":{"line":81,"column":8},"end":{"line":81,"column":8}}]},"3":{"line":84,"type":"if","locations":[{"start":{"line":84,"column":8},"end":{"line":84,"column":8}},{"start":{"line":84,"column":8},"end":{"line":84,"column":8}}]},"4":{"line":86,"type":"if","locations":[{"start":{"line":86,"column":8},"end":{"line":86,"column":8}},{"start":{"line":86,"column":8},"end":{"line":86,"column":8}}]},"5":{"line":104,"type":"if","locations":[{"start":{"line":104,"column":8},"end":{"line":104,"column":8}},{"start":{"line":104,"column":8},"end":{"line":104,"column":8}}]},"6":{"line":107,"type":"if","locations":[{"start":{"line":107,"column":8},"end":{"line":107,"column":8}},{"start":{"line":107,"column":8},"end":{"line":107,"column":8}}]},"7":{"line":110,"type":"if","locations":[{"start":{"line":110,"column":8},"end":{"line":110,"column":8}},{"start":{"line":110,"column":8},"end":{"line":110,"column":8}}]},"8":{"line":113,"type":"if","locations":[{"start":{"line":113,"column":8},"end":{"line":113,"column":8}},{"start":{"line":113,"column":8},"end":{"line":113,"column":8}}]}}}}