{"contracts/EIP20.sol":{"l":{"32":25,"33":25,"34":25,"35":25,"36":25,"40":7,"41":5,"42":5,"43":5,"44":5,"48":12,"49":12,"50":6,"51":6,"52":6,"53":6,"55":6,"56":6,"60":8,"64":17,"65":17,"66":17,"70":6},"path":"/home/honeybadger/playground/oz_unittest/test/Consensys/contracts/EIP20.sol","s":{"1":25,"2":25,"3":25,"4":25,"5":25,"6":7,"7":5,"8":5,"9":5,"10":5,"11":12,"12":12,"13":6,"14":6,"15":6,"16":6,"17":6,"18":6,"19":8,"20":17,"21":17,"22":17,"23":6},"b":{"1":[5,2],"2":[6,6],"3":[6,0]},"f":{"1":25,"2":7,"3":12,"4":8,"5":17,"6":6},"fnMap":{"1":{"name":"constructor","line":26,"loc":{"start":{"line":26,"column":4},"end":{"line":31,"column":14}}},"2":{"name":"transfer","line":39,"loc":{"start":{"line":39,"column":4},"end":{"line":39,"column":78}}},"3":{"name":"transferFrom","line":47,"loc":{"start":{"line":47,"column":4},"end":{"line":47,"column":97}}},"4":{"name":"balanceOf","line":59,"loc":{"start":{"line":59,"column":4},"end":{"line":59,"column":74}}},"5":{"name":"approve","line":63,"loc":{"start":{"line":63,"column":4},"end":{"line":63,"column":82}}},"6":{"name":"allowance","line":69,"loc":{"start":{"line":69,"column":4},"end":{"line":69,"column":94}}}},"statementMap":{"1":{"start":{"line":32,"column":8},"end":{"line":32,"column":44}},"2":{"start":{"line":33,"column":8},"end":{"line":33,"column":35}},"3":{"start":{"line":34,"column":8},"end":{"line":34,"column":24}},"4":{"start":{"line":35,"column":8},"end":{"line":35,"column":31}},"5":{"start":{"line":36,"column":8},"end":{"line":36,"column":28}},"6":{"start":{"line":40,"column":8},"end":{"line":40,"column":46}},"7":{"start":{"line":41,"column":8},"end":{"line":41,"column":37}},"8":{"start":{"line":42,"column":8},"end":{"line":42,"column":30}},"9":{"start":{"line":43,"column":8},"end":{"line":43,"column":46}},"10":{"start":{"line":44,"column":8},"end":{"line":44,"column":19}},"11":{"start":{"line":48,"column":8},"end":{"line":48,"column":54}},"12":{"start":{"line":49,"column":8},"end":{"line":49,"column":64}},"13":{"start":{"line":50,"column":8},"end":{"line":50,"column":30}},"14":{"start":{"line":51,"column":8},"end":{"line":51,"column":32}},"15":{"start":{"line":52,"column":8},"end":{"line":52,"column":2112}},"16":{"start":{"line":53,"column":12},"end":{"line":53,"column":47}},"17":{"start":{"line":55,"column":8},"end":{"line":55,"column":41}},"18":{"start":{"line":56,"column":8},"end":{"line":56,"column":19}},"19":{"start":{"line":60,"column":8},"end":{"line":60,"column":31}},"20":{"start":{"line":64,"column":8},"end":{"line":64,"column":45}},"21":{"start":{"line":65,"column":8},"end":{"line":65,"column":51}},"22":{"start":{"line":66,"column":8},"end":{"line":66,"column":19}},"23":{"start":{"line":70,"column":8},"end":{"line":70,"column":40}}},"branchMap":{"1":{"line":40,"type":"if","locations":[{"start":{"line":40,"column":8},"end":{"line":40,"column":8}},{"start":{"line":40,"column":8},"end":{"line":40,"column":8}}]},"2":{"line":49,"type":"if","locations":[{"start":{"line":49,"column":8},"end":{"line":49,"column":8}},{"start":{"line":49,"column":8},"end":{"line":49,"column":8}}]},"3":{"line":52,"type":"if","locations":[{"start":{"line":52,"column":8},"end":{"line":52,"column":8}},{"start":{"line":52,"column":8},"end":{"line":52,"column":8}}]}}},"contracts/EIP20Interface.sol":{"l":{},"path":"/home/honeybadger/playground/oz_unittest/test/Consensys/contracts/EIP20Interface.sol","s":{},"b":{},"f":{},"fnMap":{},"statementMap":{},"branchMap":{}}}