{
"contracts/FuturXe.sol":{"l":{"31":20,"36":0,"38":0,"42":0,"66":20,"67":20,"68":20,"69":20,"70":20,"75":8,"82":5,"85":5,"87":4,"90":4,"92":4,"95":4,"97":4,"105":6,"108":6,"111":4,"114":1,"116":1,"117":1,"118":1,"121":1,"123":1,"128":5,"133":14,"134":14,"135":14,"140":0,"141":0,"143":0,"144":0,"149":0,"150":0,"155":0,"160":0,"165":0},"path":"/home/honeybadger/playground/oz_unittest/test/FuturXe/contracts/FuturXe.sol","s":{"1":20,"2":0,"3":0,"4":20,"5":20,"6":20,"7":20,"8":20,"9":8,"10":5,"11":0,"12":5,"13":1,"14":4,"15":0,"16":4,"17":4,"18":4,"19":4,"20":6,"21":0,"22":6,"23":2,"24":4,"25":3,"26":1,"27":0,"28":1,"29":1,"30":1,"31":1,"32":1,"33":5,"34":14,"35":14,"36":14,"37":0,"38":0,"39":0,"40":0,"41":0,"42":0,"43":0,"44":0,"45":0},"b":{"1":[0,0],"2":[0,5],"3":[1,4],"4":[0,4],"5":[0,6],"6":[2,4],"7":[3,1],"8":[0,1]},"f":{"1":20,"2":0,"3":0,"4":20,"5":8,"6":5,"7":6,"8":5,"9":14,"10":0,"11":0,"12":0,"13":0,"14":0},"fnMap":{"1":{"name":"constructor","line":30,"loc":{"start":{"line":30,"column":4},"end":{"line":30,"column":18}}},"2":{"name":"onlyOwner","line":35,"loc":{"start":{"line":35,"column":4},"end":{"line":35,"column":22}}},"3":{"name":"transferOwnership","line":41,"loc":{"start":{"line":41,"column":58},"end":{"line":41,"column":3}}},"4":{"name":"constructor","line":65,"loc":{"start":{"line":65,"column":4},"end":{"line":65,"column":88}}},"5":{"name":"balanceOf","line":74,"loc":{"start":{"line":74,"column":4},"end":{"line":74,"column":71}}},"6":{"name":"transfer","line":79,"loc":{"start":{"line":79,"column":4},"end":{"line":79,"column":66}}},"7":{"name":"transferFrom","line":102,"loc":{"start":{"line":102,"column":4},"end":{"line":102,"column":84}}},"8":{"name":"allowance","line":127,"loc":{"start":{"line":127,"column":4},"end":{"line":127,"column":91}}},"9":{"name":"approve","line":132,"loc":{"start":{"line":132,"column":4},"end":{"line":132,"column":76}}},"10":{"name":"mintToken","line":139,"loc":{"start":{"line":139,"column":69},"end":{"line":139,"column":2}}},"11":{"name":"freezeAccount","line":148,"loc":{"start":{"line":148,"column":64},"end":{"line":148,"column":3}}},"12":{"name":"changeName","line":154,"loc":{"start":{"line":154,"column":46},"end":{"line":154,"column":3}}},"13":{"name":"changeSymbol","line":159,"loc":{"start":{"line":159,"column":50},"end":{"line":159,"column":3}}},"14":{"name":"changeDecimals","line":164,"loc":{"start":{"line":164,"column":53},"end":{"line":164,"column":3}}}},"statementMap":{"1":{"start":{"line":31,"column":8},"end":{"line":31,"column":25}},"2":{"start":{"line":36,"column":8},"end":{"line":36,"column":37}},"3":{"start":{"line":42,"column":8},"end":{"line":42,"column":24}},"4":{"start":{"line":66,"column":8},"end":{"line":66,"column":45}},"5":{"start":{"line":67,"column":8},"end":{"line":67,"column":36}},"6":{"start":{"line":68,"column":8},"end":{"line":68,"column":38}},"7":{"start":{"line":69,"column":8},"end":{"line":69,"column":39}},"8":{"start":{"line":70,"column":8},"end":{"line":70,"column":45}},"9":{"start":{"line":75,"column":8},"end":{"line":75,"column":31}},"10":{"start":{"line":82,"column":8},"end":{"line":82,"column":51}},"11":{"start":{"line":82,"column":39},"end":{"line":82,"column":51}},"12":{"start":{"line":85,"column":8},"end":{"line":85,"column":53}},"13":{"start":{"line":85,"column":41},"end":{"line":85,"column":53}},"14":{"start":{"line":87,"column":8},"end":{"line":87,"column":60}},"15":{"start":{"line":87,"column":48},"end":{"line":87,"column":60}},"16":{"start":{"line":90,"column":8},"end":{"line":90,"column":36}},"17":{"start":{"line":92,"column":8},"end":{"line":92,"column":28}},"18":{"start":{"line":95,"column":8},"end":{"line":95,"column":38}},"19":{"start":{"line":97,"column":8},"end":{"line":97,"column":19}},"20":{"start":{"line":105,"column":8},"end":{"line":105,"column":51}},"21":{"start":{"line":105,"column":39},"end":{"line":105,"column":51}},"22":{"start":{"line":108,"column":8},"end":{"line":108,"column":47}},"23":{"start":{"line":108,"column":35},"end":{"line":108,"column":47}},"24":{"start":{"line":111,"column":8},"end":{"line":111,"column":61}},"25":{"start":{"line":111,"column":49},"end":{"line":111,"column":61}},"26":{"start":{"line":114,"column":8},"end":{"line":114,"column":60}},"27":{"start":{"line":114,"column":48},"end":{"line":114,"column":60}},"28":{"start":{"line":116,"column":8},"end":{"line":116,"column":30}},"29":{"start":{"line":117,"column":8},"end":{"line":117,"column":41}},"30":{"start":{"line":118,"column":8},"end":{"line":118,"column":28}},"31":{"start":{"line":121,"column":8},"end":{"line":121,"column":32}},"32":{"start":{"line":123,"column":8},"end":{"line":123,"column":19}},"33":{"start":{"line":128,"column":8},"end":{"line":128,"column":40}},"34":{"start":{"line":133,"column":8},"end":{"line":133,"column":46}},"35":{"start":{"line":134,"column":8},"end":{"line":134,"column":46}},"36":{"start":{"line":135,"column":8},"end":{"line":135,"column":19}},"37":{"start":{"line":140,"column":8},"end":{"line":140,"column":39}},"38":{"start":{"line":141,"column":8},"end":{"line":141,"column":34}},"39":{"start":{"line":143,"column":8},"end":{"line":143,"column":37}},"40":{"start":{"line":144,"column":8},"end":{"line":144,"column":42}},"41":{"start":{"line":149,"column":8},"end":{"line":149,"column":37}},"42":{"start":{"line":150,"column":8},"end":{"line":150,"column":34}},"43":{"start":{"line":155,"column":8},"end":{"line":155,"column":19}},"44":{"start":{"line":160,"column":8},"end":{"line":160,"column":23}},"45":{"start":{"line":165,"column":8},"end":{"line":165,"column":27}}},"branchMap":{"1":{"line":36,"type":"if","locations":[{"start":{"line":36,"column":8},"end":{"line":36,"column":8}},{"start":{"line":36,"column":8},"end":{"line":36,"column":8}}]},"2":{"line":82,"type":"if","locations":[{"start":{"line":82,"column":8},"end":{"line":82,"column":8}},{"start":{"line":82,"column":8},"end":{"line":82,"column":8}}]},"3":{"line":85,"type":"if","locations":[{"start":{"line":85,"column":8},"end":{"line":85,"column":8}},{"start":{"line":85,"column":8},"end":{"line":85,"column":8}}]},"4":{"line":87,"type":"if","locations":[{"start":{"line":87,"column":8},"end":{"line":87,"column":8}},{"start":{"line":87,"column":8},"end":{"line":87,"column":8}}]},"5":{"line":105,"type":"if","locations":[{"start":{"line":105,"column":8},"end":{"line":105,"column":8}},{"start":{"line":105,"column":8},"end":{"line":105,"column":8}}]},"6":{"line":108,"type":"if","locations":[{"start":{"line":108,"column":8},"end":{"line":108,"column":8}},{"start":{"line":108,"column":8},"end":{"line":108,"column":8}}]},"7":{"line":111,"type":"if","locations":[{"start":{"line":111,"column":8},"end":{"line":111,"column":8}},{"start":{"line":111,"column":8},"end":{"line":111,"column":8}}]},"8":{"line":114,"type":"if","locations":[{"start":{"line":114,"column":8},"end":{"line":114,"column":8}},{"start":{"line":114,"column":8},"end":{"line":114,"column":8}}]}}}}
