TN:
SF:/home/honeybadger/playground/oz_unittest/test/FuturXe/contracts/FuturXe.sol
FN:30,constructor
FN:35,onlyOwner
FN:41,transferOwnership
FN:65,constructor
FN:74,balanceOf
FN:79,transfer
FN:102,transferFrom
FN:127,allowance
FN:132,approve
FN:139,mintToken
FN:148,freezeAccount
FN:154,changeName
FN:159,changeSymbol
FN:164,changeDecimals
FNF:14
FNH:7
FNDA:20,constructor
FNDA:0,onlyOwner
FNDA:0,transferOwnership
FNDA:20,constructor
FNDA:8,balanceOf
FNDA:5,transfer
FNDA:6,transferFrom
FNDA:5,allowance
FNDA:14,approve
FNDA:0,mintToken
FNDA:0,freezeAccount
FNDA:0,changeName
FNDA:0,changeSymbol
FNDA:0,changeDecimals
DA:31,20
DA:36,0
DA:38,0
DA:42,0
DA:66,20
DA:67,20
DA:68,20
DA:69,20
DA:70,20
DA:75,8
DA:82,5
DA:85,5
DA:87,4
DA:90,4
DA:92,4
DA:95,4
DA:97,4
DA:105,6
DA:108,6
DA:111,4
DA:114,1
DA:116,1
DA:117,1
DA:118,1
DA:121,1
DA:123,1
DA:128,5
DA:133,14
DA:134,14
DA:135,14
DA:140,0
DA:141,0
DA:143,0
DA:144,0
DA:149,0
DA:150,0
DA:155,0
DA:160,0
DA:165,0
LF:39
LH:27
BRDA:36,1,0,0
BRDA:36,1,1,0
BRDA:82,2,0,0
BRDA:82,2,1,5
BRDA:85,3,0,1
BRDA:85,3,1,4
BRDA:87,4,0,0
BRDA:87,4,1,4
BRDA:105,5,0,0
BRDA:105,5,1,6
BRDA:108,6,0,2
BRDA:108,6,1,4
BRDA:111,7,0,3
BRDA:111,7,1,1
BRDA:114,8,0,0
BRDA:114,8,1,1
BRF:16
BRH:10
end_of_record
