{
"contracts/INT.sol":{"l":{"7":20,"11":0,"12":0,"16":0,"38":20,"39":20,"40":20,"41":20,"42":20,"47":0,"48":0,"49":0,"50":0,"51":0,"52":0,"59":10,"67":12,"68":0,"69":0,"70":0,"78":14,"79":14,"88":0,"89":0,"90":0,"91":0,"98":0,"99":0,"100":0,"101":0,"102":0,"106":0,"107":0,"108":0,"109":0,"110":0,"111":0,"112":0,"134":10,"135":10,"136":4,"137":0,"138":0,"139":0,"140":0,"141":0,"148":0,"149":0,"150":0,"151":0,"158":0,"159":0,"166":0,"167":0,"172":0,"173":0,"179":0,"180":0,"181":0},"path":"/home/honeybadger/playground/oz_unittest/test/INTToken/contracts/INT.sol","s":{"1":20,"2":0,"3":0,"4":20,"5":20,"6":20,"7":20,"8":20,"9":0,"10":0,"11":0,"12":0,"13":0,"14":0,"15":10,"16":12,"17":0,"18":0,"19":0,"20":14,"21":14,"22":0,"23":0,"24":0,"25":0,"26":0,"27":0,"28":0,"29":0,"30":0,"31":0,"32":0,"33":0,"34":0,"35":0,"36":0,"37":0,"38":10,"39":10,"40":4,"41":0,"42":0,"43":0,"44":0,"45":0,"46":0,"47":0,"48":0,"49":0,"50":0,"51":0,"52":0,"53":0,"54":0,"55":0,"56":0,"57":0,"58":0},"b":{"1":[0,0],"2":[0,0],"3":[0,0],"4":[0,0],"5":[0,12],"6":[0,0],"7":[0,0],"8":[0,0],"9":[0,0],"10":[10,0],"11":[4,6],"12":[0,4],"13":[0,0],"14":[0,0],"15":[0,0]},"f":{"1":20,"2":0,"3":0,"4":20,"5":0,"6":10,"7":12,"8":14,"9":0,"10":0,"11":0,"12":20,"13":10,"14":0,"15":0,"16":0,"17":0,"18":0},"fnMap":{"1":{"name":"constructor","line":6,"loc":{"start":{"line":6,"column":2},"end":{"line":6,"column":18}}},"2":{"name":"onlyOwner","line":10,"loc":{"start":{"line":10,"column":2},"end":{"line":10,"column":20}}},"3":{"name":"transferOwnership","line":15,"loc":{"start":{"line":15,"column":55},"end":{"line":15,"column":3}}},"4":{"name":"constructor","line":32,"loc":{"start":{"line":32,"column":2},"end":{"line":37,"column":9}}},"5":{"name":"_transfer","line":46,"loc":{"start":{"line":46,"column":2},"end":{"line":46,"column":70}}},"6":{"name":"transfer","line":58,"loc":{"start":{"line":58,"column":2},"end":{"line":58,"column":48}}},"7":{"name":"transferFrom","line":66,"loc":{"start":{"line":66,"column":2},"end":{"line":66,"column":90}}},"8":{"name":"approve","line":76,"loc":{"start":{"line":76,"column":2},"end":{"line":77,"column":30}}},"9":{"name":"approveAndCall","line":86,"loc":{"start":{"line":86,"column":2},"end":{"line":87,"column":30}}},"10":{"name":"burn","line":97,"loc":{"start":{"line":97,"column":2},"end":{"line":97,"column":54}}},"11":{"name":"burnFrom","line":105,"loc":{"start":{"line":105,"column":2},"end":{"line":105,"column":73}}},"12":{"name":"constructor","line":130,"loc":{"start":{"line":130,"column":62},"end":{"line":130,"column":3}}},"13":{"name":"_transfer","line":133,"loc":{"start":{"line":133,"column":2},"end":{"line":133,"column":70}}},"14":{"name":"mintToken","line":147,"loc":{"start":{"line":147,"column":67},"end":{"line":147,"column":3}}},"15":{"name":"freezeAccount","line":157,"loc":{"start":{"line":157,"column":62},"end":{"line":157,"column":3}}},"16":{"name":"setPrices","line":165,"loc":{"start":{"line":165,"column":72},"end":{"line":165,"column":3}}},"17":{"name":"buy","line":171,"loc":{"start":{"line":171,"column":2},"end":{"line":171,"column":24}}},"18":{"name":"sell","line":178,"loc":{"start":{"line":178,"column":2},"end":{"line":178,"column":31}}}},"statementMap":{"1":{"start":{"line":7,"column":6},"end":{"line":7,"column":23}},"2":{"start":{"line":11,"column":6},"end":{"line":11,"column":33}},"3":{"start":{"line":16,"column":6},"end":{"line":16,"column":21}},"4":{"start":{"line":38,"column":6},"end":{"line":38,"column":42}},"5":{"start":{"line":39,"column":6},"end":{"line":39,"column":32}},"6":{"start":{"line":40,"column":6},"end":{"line":40,"column":21}},"7":{"start":{"line":41,"column":6},"end":{"line":41,"column":25}},"8":{"start":{"line":42,"column":6},"end":{"line":42,"column":28}},"9":{"start":{"line":47,"column":6},"end":{"line":47,"column":25}},"10":{"start":{"line":48,"column":6},"end":{"line":48,"column":40}},"11":{"start":{"line":49,"column":6},"end":{"line":49,"column":55}},"12":{"start":{"line":50,"column":6},"end":{"line":50,"column":31}},"13":{"start":{"line":51,"column":6},"end":{"line":51,"column":29}},"14":{"start":{"line":52,"column":6},"end":{"line":52,"column":33}},"15":{"start":{"line":59,"column":6},"end":{"line":59,"column":39}},"16":{"start":{"line":67,"column":6},"end":{"line":67,"column":52}},"17":{"start":{"line":68,"column":6},"end":{"line":68,"column":43}},"18":{"start":{"line":69,"column":6},"end":{"line":69,"column":34}},"19":{"start":{"line":70,"column":6},"end":{"line":70,"column":17}},"20":{"start":{"line":78,"column":6},"end":{"line":78,"column":45}},"21":{"start":{"line":79,"column":6},"end":{"line":79,"column":17}},"22":{"start":{"line":88,"column":6},"end":{"line":88,"column":55}},"23":{"start":{"line":89,"column":6},"end":{"line":89,"column":3918}},"24":{"start":{"line":90,"column":10},"end":{"line":90,"column":70}},"25":{"start":{"line":91,"column":10},"end":{"line":91,"column":21}},"26":{"start":{"line":98,"column":6},"end":{"line":98,"column":45}},"27":{"start":{"line":99,"column":6},"end":{"line":99,"column":36}},"28":{"start":{"line":100,"column":6},"end":{"line":100,"column":26}},"29":{"start":{"line":101,"column":6},"end":{"line":101,"column":29}},"30":{"start":{"line":102,"column":6},"end":{"line":102,"column":17}},"31":{"start":{"line":106,"column":6},"end":{"line":106,"column":40}},"32":{"start":{"line":107,"column":6},"end":{"line":107,"column":52}},"33":{"start":{"line":108,"column":6},"end":{"line":108,"column":31}},"34":{"start":{"line":109,"column":6},"end":{"line":109,"column":43}},"35":{"start":{"line":110,"column":6},"end":{"line":110,"column":26}},"36":{"start":{"line":111,"column":6},"end":{"line":111,"column":24}},"37":{"start":{"line":112,"column":6},"end":{"line":112,"column":17}},"38":{"start":{"line":134,"column":6},"end":{"line":134,"column":25}},"39":{"start":{"line":135,"column":6},"end":{"line":135,"column":40}},"40":{"start":{"line":136,"column":6},"end":{"line":136,"column":55}},"41":{"start":{"line":137,"column":6},"end":{"line":137,"column":35}},"42":{"start":{"line":138,"column":6},"end":{"line":138,"column":33}},"43":{"start":{"line":139,"column":6},"end":{"line":139,"column":31}},"44":{"start":{"line":140,"column":6},"end":{"line":140,"column":29}},"45":{"start":{"line":141,"column":6},"end":{"line":141,"column":33}},"46":{"start":{"line":148,"column":6},"end":{"line":148,"column":38}},"47":{"start":{"line":149,"column":6},"end":{"line":149,"column":32}},"48":{"start":{"line":150,"column":6},"end":{"line":150,"column":36}},"49":{"start":{"line":151,"column":6},"end":{"line":151,"column":41}},"50":{"start":{"line":158,"column":6},"end":{"line":158,"column":35}},"51":{"start":{"line":159,"column":6},"end":{"line":159,"column":32}},"52":{"start":{"line":166,"column":6},"end":{"line":166,"column":29}},"53":{"start":{"line":167,"column":6},"end":{"line":167,"column":27}},"54":{"start":{"line":172,"column":6},"end":{"line":172,"column":40}},"55":{"start":{"line":173,"column":6},"end":{"line":173,"column":40}},"56":{"start":{"line":179,"column":6},"end":{"line":179,"column":48}},"57":{"start":{"line":180,"column":6},"end":{"line":180,"column":40}},"58":{"start":{"line":181,"column":6},"end":{"line":181,"column":44}}},"branchMap":{"1":{"line":11,"type":"if","locations":[{"start":{"line":11,"column":6},"end":{"line":11,"column":6}},{"start":{"line":11,"column":6},"end":{"line":11,"column":6}}]},"2":{"line":47,"type":"if","locations":[{"start":{"line":47,"column":6},"end":{"line":47,"column":6}},{"start":{"line":47,"column":6},"end":{"line":47,"column":6}}]},"3":{"line":48,"type":"if","locations":[{"start":{"line":48,"column":6},"end":{"line":48,"column":6}},{"start":{"line":48,"column":6},"end":{"line":48,"column":6}}]},"4":{"line":49,"type":"if","locations":[{"start":{"line":49,"column":6},"end":{"line":49,"column":6}},{"start":{"line":49,"column":6},"end":{"line":49,"column":6}}]},"5":{"line":67,"type":"if","locations":[{"start":{"line":67,"column":6},"end":{"line":67,"column":6}},{"start":{"line":67,"column":6},"end":{"line":67,"column":6}}]},"6":{"line":89,"type":"if","locations":[{"start":{"line":89,"column":6},"end":{"line":89,"column":6}},{"start":{"line":89,"column":6},"end":{"line":89,"column":6}}]},"7":{"line":98,"type":"if","locations":[{"start":{"line":98,"column":6},"end":{"line":98,"column":6}},{"start":{"line":98,"column":6},"end":{"line":98,"column":6}}]},"8":{"line":106,"type":"if","locations":[{"start":{"line":106,"column":6},"end":{"line":106,"column":6}},{"start":{"line":106,"column":6},"end":{"line":106,"column":6}}]},"9":{"line":107,"type":"if","locations":[{"start":{"line":107,"column":6},"end":{"line":107,"column":6}},{"start":{"line":107,"column":6},"end":{"line":107,"column":6}}]},"10":{"line":134,"type":"if","locations":[{"start":{"line":134,"column":6},"end":{"line":134,"column":6}},{"start":{"line":134,"column":6},"end":{"line":134,"column":6}}]},"11":{"line":135,"type":"if","locations":[{"start":{"line":135,"column":6},"end":{"line":135,"column":6}},{"start":{"line":135,"column":6},"end":{"line":135,"column":6}}]},"12":{"line":136,"type":"if","locations":[{"start":{"line":136,"column":6},"end":{"line":136,"column":6}},{"start":{"line":136,"column":6},"end":{"line":136,"column":6}}]},"13":{"line":137,"type":"if","locations":[{"start":{"line":137,"column":6},"end":{"line":137,"column":6}},{"start":{"line":137,"column":6},"end":{"line":137,"column":6}}]},"14":{"line":138,"type":"if","locations":[{"start":{"line":138,"column":6},"end":{"line":138,"column":6}},{"start":{"line":138,"column":6},"end":{"line":138,"column":6}}]},"15":{"line":179,"type":"if","locations":[{"start":{"line":179,"column":6},"end":{"line":179,"column":6}},{"start":{"line":179,"column":6},"end":{"line":179,"column":6}}]}}}}
