TN:
SF:/home/honeybadger/playground/oz_unittest/test/INTToken/contracts/INT.sol
FN:6,constructor
FN:10,onlyOwner
FN:15,transferOwnership
FN:32,constructor
FN:46,_transfer
FN:58,transfer
FN:66,transferFrom
FN:76,approve
FN:86,approveAndCall
FN:97,burn
FN:105,burnFrom
FN:130,constructor
FN:133,_transfer
FN:147,mintToken
FN:157,freezeAccount
FN:165,setPrices
FN:171,buy
FN:178,sell
FNF:18
FNH:7
FNDA:20,constructor
FNDA:0,onlyOwner
FNDA:0,transferOwnership
FNDA:20,constructor
FNDA:0,_transfer
FNDA:10,transfer
FNDA:12,transferFrom
FNDA:14,approve
FNDA:0,approveAndCall
FNDA:0,burn
FNDA:0,burnFrom
FNDA:20,constructor
FNDA:10,_transfer
FNDA:0,mintToken
FNDA:0,freezeAccount
FNDA:0,setPrices
FNDA:0,buy
FNDA:0,sell
DA:7,20
DA:11,0
DA:12,0
DA:16,0
DA:38,20
DA:39,20
DA:40,20
DA:41,20
DA:42,20
DA:47,0
DA:48,0
DA:49,0
DA:50,0
DA:51,0
DA:52,0
DA:59,10
DA:67,12
DA:68,0
DA:69,0
DA:70,0
DA:78,14
DA:79,14
DA:88,0
DA:89,0
DA:90,0
DA:91,0
DA:98,0
DA:99,0
DA:100,0
DA:101,0
DA:102,0
DA:106,0
DA:107,0
DA:108,0
DA:109,0
DA:110,0
DA:111,0
DA:112,0
DA:134,10
DA:135,10
DA:136,4
DA:137,0
DA:138,0
DA:139,0
DA:140,0
DA:141,0
DA:148,0
DA:149,0
DA:150,0
DA:151,0
DA:158,0
DA:159,0
DA:166,0
DA:167,0
DA:172,0
DA:173,0
DA:179,0
DA:180,0
DA:181,0
LF:59
LH:13
BRDA:11,1,0,0
BRDA:11,1,1,0
BRDA:47,2,0,0
BRDA:47,2,1,0
BRDA:48,3,0,0
BRDA:48,3,1,0
BRDA:49,4,0,0
BRDA:49,4,1,0
BRDA:67,5,0,0
BRDA:67,5,1,12
BRDA:89,6,0,0
BRDA:89,6,1,0
BRDA:98,7,0,0
BRDA:98,7,1,0
BRDA:106,8,0,0
BRDA:106,8,1,0
BRDA:107,9,0,0
BRDA:107,9,1,0
BRDA:134,10,0,10
BRDA:134,10,1,0
BRDA:135,11,0,4
BRDA:135,11,1,6
BRDA:136,12,0,0
BRDA:136,12,1,4
BRDA:137,13,0,0
BRDA:137,13,1,0
BRDA:138,14,0,0
BRDA:138,14,1,0
BRDA:179,15,0,0
BRDA:179,15,1,0
BRF:30
BRH:5
end_of_record
