TN:
SF:/home/honeybadger/playground/oz_unittest/test/Consensys/contracts/EIP20.sol
FN:26,constructor
FN:39,transfer
FN:47,transferFrom
FN:59,balanceOf
FN:63,approve
FN:69,allowance
FNF:6
FNH:6
FNDA:25,constructor
FNDA:7,transfer
FNDA:12,transferFrom
FNDA:8,balanceOf
FNDA:17,approve
FNDA:6,allowance
DA:32,25
DA:33,25
DA:34,25
DA:35,25
DA:36,25
DA:40,7
DA:41,5
DA:42,5
DA:43,5
DA:44,5
DA:48,12
DA:49,12
DA:50,6
DA:51,6
DA:52,6
DA:53,6
DA:55,6
DA:56,6
DA:60,8
DA:64,17
DA:65,17
DA:66,17
DA:70,6
LF:23
LH:23
BRDA:40,1,0,5
BRDA:40,1,1,2
BRDA:49,2,0,6
BRDA:49,2,1,6
BRDA:52,3,0,6
BRDA:52,3,1,0
BRF:6
BRH:5
end_of_record
TN:
SF:/home/honeybadger/playground/oz_unittest/test/Consensys/contracts/EIP20Interface.sol
FNF:0
FNH:0
LF:0
LH:0
BRF:0
BRH:0
end_of_record
