{
"contracts/SwiftCoin.sol":{"l":{"10":20,"14":0,"15":0,"19":0,"47":20,"48":20,"49":20,"50":20,"51":20,"56":0,"57":0,"58":0,"59":0,"60":0,"66":14,"67":14,"73":0,"74":0,"75":0,"76":0,"82":0,"83":0,"84":0,"85":0,"86":0,"87":0,"88":0,"89":0,"94":0,"118":6,"119":4,"120":4,"121":4,"122":4,"123":4,"129":9,"130":9,"131":5,"132":5,"133":3,"134":3,"135":3,"136":3,"137":3,"141":0,"142":0,"143":0,"144":0,"148":0,"149":0,"153":0,"154":0,"158":0,"159":0,"160":0,"161":0,"162":0,"166":0,"167":0,"168":0,"169":0,"170":0,"172":0},"path":"/home/honeybadger/playground/oz_unittest/test/SwiftCoin/contracts/SwiftCoin.sol","s":{"1":20,"2":0,"3":0,"4":20,"5":20,"6":20,"7":20,"8":20,"9":0,"10":0,"11":0,"12":0,"13":0,"14":14,"15":14,"16":0,"17":0,"18":0,"19":0,"20":0,"21":0,"22":0,"23":0,"24":0,"25":0,"26":0,"27":0,"28":6,"29":4,"30":4,"31":4,"32":4,"33":4,"34":9,"35":9,"36":5,"37":5,"38":3,"39":3,"40":3,"41":3,"42":3,"43":0,"44":0,"45":0,"46":0,"47":0,"48":0,"49":0,"50":0,"51":0,"52":0,"53":0,"54":0,"55":0,"56":0,"57":0,"58":0,"59":0,"60":0},"b":{"1":[0,0],"2":[0,0],"3":[0,0],"4":[0,0],"5":[0,0],"6":[0,0],"7":[0,0],"8":[2,4],"9":[0,4],"10":[0,4],"11":[0,9],"12":[4,5],"13":[0,5],"14":[2,3],"15":[0,0],"16":[0,0],"17":[0,0]},"f":{"1":20,"2":0,"3":0,"4":20,"5":0,"6":14,"7":0,"8":0,"9":0,"10":20,"11":6,"12":9,"13":0,"14":0,"15":0,"16":0,"17":0},"fnMap":{"1":{"name":"constructor","line":9,"loc":{"start":{"line":9,"column":4},"end":{"line":9,"column":18}}},"2":{"name":"onlyOwner","line":13,"loc":{"start":{"line":13,"column":4},"end":{"line":13,"column":20}}},"3":{"name":"transferOwnership","line":18,"loc":{"start":{"line":18,"column":57},"end":{"line":18,"column":3}}},"4":{"name":"constructor","line":41,"loc":{"start":{"line":41,"column":4},"end":{"line":46,"column":11}}},"5":{"name":"transfer","line":55,"loc":{"start":{"line":55,"column":4},"end":{"line":55,"column":48}}},"6":{"name":"approve","line":64,"loc":{"start":{"line":64,"column":4},"end":{"line":65,"column":32}}},"7":{"name":"approveAndCall","line":71,"loc":{"start":{"line":71,"column":4},"end":{"line":72,"column":32}}},"8":{"name":"transferFrom","line":81,"loc":{"start":{"line":81,"column":4},"end":{"line":81,"column":90}}},"9":{"name":"","line":93,"loc":{"start":{"line":93,"column":4},"end":{"line":93,"column":13}}},"10":{"name":"constructor","line":114,"loc":{"start":{"line":114,"column":64},"end":{"line":114,"column":3}}},"11":{"name":"transfer","line":117,"loc":{"start":{"line":117,"column":4},"end":{"line":117,"column":48}}},"12":{"name":"transferFrom","line":128,"loc":{"start":{"line":128,"column":4},"end":{"line":128,"column":90}}},"13":{"name":"mintToken","line":140,"loc":{"start":{"line":140,"column":69},"end":{"line":140,"column":3}}},"14":{"name":"freezeAccount","line":147,"loc":{"start":{"line":147,"column":64},"end":{"line":147,"column":3}}},"15":{"name":"setPrices","line":152,"loc":{"start":{"line":152,"column":74},"end":{"line":152,"column":3}}},"16":{"name":"buy","line":157,"loc":{"start":{"line":157,"column":4},"end":{"line":157,"column":24}}},"17":{"name":"sell","line":165,"loc":{"start":{"line":165,"column":4},"end":{"line":165,"column":31}}}},"statementMap":{"1":{"start":{"line":10,"column":8},"end":{"line":10,"column":25}},"2":{"start":{"line":14,"column":8},"end":{"line":14,"column":38}},"3":{"start":{"line":19,"column":8},"end":{"line":19,"column":23}},"4":{"start":{"line":47,"column":8},"end":{"line":47,"column":44}},"5":{"start":{"line":48,"column":8},"end":{"line":48,"column":34}},"6":{"start":{"line":49,"column":8},"end":{"line":49,"column":23}},"7":{"start":{"line":50,"column":8},"end":{"line":50,"column":27}},"8":{"start":{"line":51,"column":8},"end":{"line":51,"column":30}},"9":{"start":{"line":56,"column":8},"end":{"line":56,"column":49}},"10":{"start":{"line":57,"column":8},"end":{"line":57,"column":59}},"11":{"start":{"line":58,"column":8},"end":{"line":58,"column":38}},"12":{"start":{"line":59,"column":8},"end":{"line":59,"column":31}},"13":{"start":{"line":60,"column":8},"end":{"line":60,"column":40}},"14":{"start":{"line":66,"column":8},"end":{"line":66,"column":47}},"15":{"start":{"line":67,"column":8},"end":{"line":67,"column":19}},"16":{"start":{"line":73,"column":8},"end":{"line":73,"column":57}},"17":{"start":{"line":74,"column":8},"end":{"line":74,"column":2822}},"18":{"start":{"line":75,"column":12},"end":{"line":75,"column":72}},"19":{"start":{"line":76,"column":12},"end":{"line":76,"column":23}},"20":{"start":{"line":82,"column":8},"end":{"line":82,"column":44}},"21":{"start":{"line":83,"column":8},"end":{"line":83,"column":59}},"22":{"start":{"line":84,"column":8},"end":{"line":84,"column":56}},"23":{"start":{"line":85,"column":8},"end":{"line":85,"column":33}},"24":{"start":{"line":86,"column":8},"end":{"line":86,"column":31}},"25":{"start":{"line":87,"column":8},"end":{"line":87,"column":45}},"26":{"start":{"line":88,"column":8},"end":{"line":88,"column":35}},"27":{"start":{"line":89,"column":8},"end":{"line":89,"column":19}},"28":{"start":{"line":118,"column":8},"end":{"line":118,"column":49}},"29":{"start":{"line":119,"column":8},"end":{"line":119,"column":59}},"30":{"start":{"line":120,"column":8},"end":{"line":120,"column":44}},"31":{"start":{"line":121,"column":8},"end":{"line":121,"column":38}},"32":{"start":{"line":122,"column":8},"end":{"line":122,"column":31}},"33":{"start":{"line":123,"column":8},"end":{"line":123,"column":40}},"34":{"start":{"line":129,"column":8},"end":{"line":129,"column":39}},"35":{"start":{"line":130,"column":8},"end":{"line":130,"column":44}},"36":{"start":{"line":131,"column":8},"end":{"line":131,"column":59}},"37":{"start":{"line":132,"column":8},"end":{"line":132,"column":56}},"38":{"start":{"line":133,"column":8},"end":{"line":133,"column":33}},"39":{"start":{"line":134,"column":8},"end":{"line":134,"column":31}},"40":{"start":{"line":135,"column":8},"end":{"line":135,"column":45}},"41":{"start":{"line":136,"column":8},"end":{"line":136,"column":35}},"42":{"start":{"line":137,"column":8},"end":{"line":137,"column":19}},"43":{"start":{"line":141,"column":8},"end":{"line":141,"column":40}},"44":{"start":{"line":142,"column":8},"end":{"line":142,"column":34}},"45":{"start":{"line":143,"column":8},"end":{"line":143,"column":38}},"46":{"start":{"line":144,"column":8},"end":{"line":144,"column":43}},"47":{"start":{"line":148,"column":8},"end":{"line":148,"column":37}},"48":{"start":{"line":149,"column":8},"end":{"line":149,"column":34}},"49":{"start":{"line":153,"column":8},"end":{"line":153,"column":31}},"50":{"start":{"line":154,"column":8},"end":{"line":154,"column":29}},"51":{"start":{"line":158,"column":8},"end":{"line":158,"column":42}},"52":{"start":{"line":159,"column":8},"end":{"line":159,"column":43}},"53":{"start":{"line":160,"column":8},"end":{"line":160,"column":38}},"54":{"start":{"line":161,"column":8},"end":{"line":161,"column":32}},"55":{"start":{"line":162,"column":8},"end":{"line":162,"column":41}},"56":{"start":{"line":166,"column":8},"end":{"line":166,"column":50}},"57":{"start":{"line":167,"column":8},"end":{"line":167,"column":32}},"58":{"start":{"line":168,"column":8},"end":{"line":168,"column":38}},"59":{"start":{"line":169,"column":8},"end":{"line":169,"column":7269}},"60":{"start":{"line":172,"column":12},"end":{"line":172,"column":45}}},"branchMap":{"1":{"line":14,"type":"if","locations":[{"start":{"line":14,"column":8},"end":{"line":14,"column":8}},{"start":{"line":14,"column":8},"end":{"line":14,"column":8}}]},"2":{"line":56,"type":"if","locations":[{"start":{"line":56,"column":8},"end":{"line":56,"column":8}},{"start":{"line":56,"column":8},"end":{"line":56,"column":8}}]},"3":{"line":57,"type":"if","locations":[{"start":{"line":57,"column":8},"end":{"line":57,"column":8}},{"start":{"line":57,"column":8},"end":{"line":57,"column":8}}]},"4":{"line":74,"type":"if","locations":[{"start":{"line":74,"column":8},"end":{"line":74,"column":8}},{"start":{"line":74,"column":8},"end":{"line":74,"column":8}}]},"5":{"line":82,"type":"if","locations":[{"start":{"line":82,"column":8},"end":{"line":82,"column":8}},{"start":{"line":82,"column":8},"end":{"line":82,"column":8}}]},"6":{"line":83,"type":"if","locations":[{"start":{"line":83,"column":8},"end":{"line":83,"column":8}},{"start":{"line":83,"column":8},"end":{"line":83,"column":8}}]},"7":{"line":84,"type":"if","locations":[{"start":{"line":84,"column":8},"end":{"line":84,"column":8}},{"start":{"line":84,"column":8},"end":{"line":84,"column":8}}]},"8":{"line":118,"type":"if","locations":[{"start":{"line":118,"column":8},"end":{"line":118,"column":8}},{"start":{"line":118,"column":8},"end":{"line":118,"column":8}}]},"9":{"line":119,"type":"if","locations":[{"start":{"line":119,"column":8},"end":{"line":119,"column":8}},{"start":{"line":119,"column":8},"end":{"line":119,"column":8}}]},"10":{"line":120,"type":"if","locations":[{"start":{"line":120,"column":8},"end":{"line":120,"column":8}},{"start":{"line":120,"column":8},"end":{"line":120,"column":8}}]},"11":{"line":129,"type":"if","locations":[{"start":{"line":129,"column":8},"end":{"line":129,"column":8}},{"start":{"line":129,"column":8},"end":{"line":129,"column":8}}]},"12":{"line":130,"type":"if","locations":[{"start":{"line":130,"column":8},"end":{"line":130,"column":8}},{"start":{"line":130,"column":8},"end":{"line":130,"column":8}}]},"13":{"line":131,"type":"if","locations":[{"start":{"line":131,"column":8},"end":{"line":131,"column":8}},{"start":{"line":131,"column":8},"end":{"line":131,"column":8}}]},"14":{"line":132,"type":"if","locations":[{"start":{"line":132,"column":8},"end":{"line":132,"column":8}},{"start":{"line":132,"column":8},"end":{"line":132,"column":8}}]},"15":{"line":159,"type":"if","locations":[{"start":{"line":159,"column":8},"end":{"line":159,"column":8}},{"start":{"line":159,"column":8},"end":{"line":159,"column":8}}]},"16":{"line":166,"type":"if","locations":[{"start":{"line":166,"column":8},"end":{"line":166,"column":8}},{"start":{"line":166,"column":8},"end":{"line":166,"column":8}}]},"17":{"line":169,"type":"if","locations":[{"start":{"line":169,"column":8},"end":{"line":169,"column":8}},{"start":{"line":169,"column":8},"end":{"line":169,"column":8}}]}}}}
