TN:
SF:/home/honeybadger/playground/oz_unittest/test/SwiftCoin/contracts/SwiftCoin.sol
FN:9,constructor
FN:13,onlyOwner
FN:18,transferOwnership
FN:41,constructor
FN:55,transfer
FN:64,approve
FN:71,approveAndCall
FN:81,transferFrom
FN:93,
FN:114,constructor
FN:117,transfer
FN:128,transferFrom
FN:140,mintToken
FN:147,freezeAccount
FN:152,setPrices
FN:157,buy
FN:165,sell
FNF:17
FNH:6
FNDA:20,constructor
FNDA:0,onlyOwner
FNDA:0,transferOwnership
FNDA:20,constructor
FNDA:0,transfer
FNDA:14,approve
FNDA:0,approveAndCall
FNDA:0,transferFrom
FNDA:0,
FNDA:20,constructor
FNDA:6,transfer
FNDA:9,transferFrom
FNDA:0,mintToken
FNDA:0,freezeAccount
FNDA:0,setPrices
FNDA:0,buy
FNDA:0,sell
DA:10,20
DA:14,0
DA:15,0
DA:19,0
DA:47,20
DA:48,20
DA:49,20
DA:50,20
DA:51,20
DA:56,0
DA:57,0
DA:58,0
DA:59,0
DA:60,0
DA:66,14
DA:67,14
DA:73,0
DA:74,0
DA:75,0
DA:76,0
DA:82,0
DA:83,0
DA:84,0
DA:85,0
DA:86,0
DA:87,0
DA:88,0
DA:89,0
DA:94,0
DA:118,6
DA:119,4
DA:120,4
DA:121,4
DA:122,4
DA:123,4
DA:129,9
DA:130,9
DA:131,5
DA:132,5
DA:133,3
DA:134,3
DA:135,3
DA:136,3
DA:137,3
DA:141,0
DA:142,0
DA:143,0
DA:144,0
DA:148,0
DA:149,0
DA:153,0
DA:154,0
DA:158,0
DA:159,0
DA:160,0
DA:161,0
DA:162,0
DA:166,0
DA:167,0
DA:168,0
DA:169,0
DA:170,0
DA:172,0
LF:63
LH:23
BRDA:14,1,0,0
BRDA:14,1,1,0
BRDA:56,2,0,0
BRDA:56,2,1,0
BRDA:57,3,0,0
BRDA:57,3,1,0
BRDA:74,4,0,0
BRDA:74,4,1,0
BRDA:82,5,0,0
BRDA:82,5,1,0
BRDA:83,6,0,0
BRDA:83,6,1,0
BRDA:84,7,0,0
BRDA:84,7,1,0
BRDA:118,8,0,2
BRDA:118,8,1,4
BRDA:119,9,0,0
BRDA:119,9,1,4
BRDA:120,10,0,0
BRDA:120,10,1,4
BRDA:129,11,0,0
BRDA:129,11,1,9
BRDA:130,12,0,4
BRDA:130,12,1,5
BRDA:131,13,0,0
BRDA:131,13,1,5
BRDA:132,14,0,2
BRDA:132,14,1,3
BRDA:159,15,0,0
BRDA:159,15,1,0
BRDA:166,16,0,0
BRDA:166,16,1,0
BRDA:169,17,0,0
BRDA:169,17,1,0
BRF:34
BRH:10
end_of_record
