{"contracts/Context.sol":{"l":{"20":88,"24":0,"25":0},"path":"/home/honeybadger/playground/oz_unittest/test/OpenZeppelin/contracts/Context.sol","s":{"1":88,"2":0},"b":{},"f":{"1":25,"2":88,"3":0},"fnMap":{"1":{"name":"constructor","line":16,"loc":{"start":{"line":16,"column":4},"end":{"line":16,"column":25}}},"2":{"name":"_msgSender","line":19,"loc":{"start":{"line":19,"column":4},"end":{"line":19,"column":63}}},"3":{"name":"_msgData","line":23,"loc":{"start":{"line":23,"column":4},"end":{"line":23,"column":58}}}},"statementMap":{"1":{"start":{"line":20,"column":8},"end":{"line":20,"column":25}},"2":{"start":{"line":25,"column":8},"end":{"line":25,"column":23}}},"branchMap":{}},"contracts/ERC20.sol":{"l":{"45":1,"52":8,"64":8,"65":4,"72":6,"83":18,"84":16,"100":14,"101":6,"102":4,"118":0,"119":0,"137":0,"138":0,"156":22,"157":20,"159":16,"160":10,"161":10,"174":25,"176":25,"177":25,"178":25,"193":0,"195":0,"196":0,"197":0,"214":22,"215":22,"217":20,"218":20,"228":0,"229":0},"path":"/home/honeybadger/playground/oz_unittest/test/OpenZeppelin/contracts/ERC20.sol","s":{"1":1,"2":8,"3":8,"4":4,"5":6,"6":18,"7":16,"8":14,"9":6,"10":4,"11":0,"12":0,"13":0,"14":0,"15":22,"16":20,"17":16,"18":10,"19":10,"20":25,"21":25,"22":25,"23":25,"24":0,"25":0,"26":0,"27":0,"28":22,"29":22,"30":20,"31":20,"32":0,"33":0},"b":{"1":[20,2],"2":[16,4],"3":[25,0],"4":[0,0],"5":[22,0],"6":[20,2]},"f":{"1":1,"2":8,"3":8,"4":6,"5":18,"6":14,"7":0,"8":0,"9":22,"10":25,"11":0,"12":22,"13":0},"fnMap":{"1":{"name":"totalSupply","line":44,"loc":{"start":{"line":44,"column":4},"end":{"line":44,"column":54}}},"2":{"name":"balanceOf","line":51,"loc":{"start":{"line":51,"column":4},"end":{"line":51,"column":67}}},"3":{"name":"transfer","line":63,"loc":{"start":{"line":63,"column":4},"end":{"line":63,"column":76}}},"4":{"name":"allowance","line":71,"loc":{"start":{"line":71,"column":4},"end":{"line":71,"column":82}}},"5":{"name":"approve","line":82,"loc":{"start":{"line":82,"column":4},"end":{"line":82,"column":73}}},"6":{"name":"transferFrom","line":99,"loc":{"start":{"line":99,"column":4},"end":{"line":99,"column":96}}},"7":{"name":"increaseAllowance","line":117,"loc":{"start":{"line":117,"column":4},"end":{"line":117,"column":87}}},"8":{"name":"decreaseAllowance","line":136,"loc":{"start":{"line":136,"column":4},"end":{"line":136,"column":92}}},"9":{"name":"_transfer","line":155,"loc":{"start":{"line":155,"column":4},"end":{"line":155,"column":80}}},"10":{"name":"_mint","line":173,"loc":{"start":{"line":173,"column":4},"end":{"line":173,"column":58}}},"11":{"name":"_burn","line":192,"loc":{"start":{"line":192,"column":4},"end":{"line":192,"column":58}}},"12":{"name":"_approve","line":213,"loc":{"start":{"line":213,"column":4},"end":{"line":213,"column":76}}},"13":{"name":"_burnFrom","line":227,"loc":{"start":{"line":227,"column":4},"end":{"line":227,"column":62}}}},"statementMap":{"1":{"start":{"line":45,"column":8},"end":{"line":45,"column":27}},"2":{"start":{"line":52,"column":8},"end":{"line":52,"column":33}},"3":{"start":{"line":64,"column":8},"end":{"line":64,"column":49}},"4":{"start":{"line":65,"column":8},"end":{"line":65,"column":19}},"5":{"start":{"line":72,"column":8},"end":{"line":72,"column":42}},"6":{"start":{"line":83,"column":8},"end":{"line":83,"column":46}},"7":{"start":{"line":84,"column":8},"end":{"line":84,"column":19}},"8":{"start":{"line":100,"column":8},"end":{"line":100,"column":43}},"9":{"start":{"line":101,"column":8},"end":{"line":101,"column":128}},"10":{"start":{"line":102,"column":8},"end":{"line":102,"column":19}},"11":{"start":{"line":118,"column":8},"end":{"line":118,"column":90}},"12":{"start":{"line":119,"column":8},"end":{"line":119,"column":19}},"13":{"start":{"line":137,"column":8},"end":{"line":137,"column":136}},"14":{"start":{"line":138,"column":8},"end":{"line":138,"column":19}},"15":{"start":{"line":156,"column":8},"end":{"line":156,"column":77}},"16":{"start":{"line":157,"column":8},"end":{"line":157,"column":78}},"17":{"start":{"line":159,"column":8},"end":{"line":159,"column":98}},"18":{"start":{"line":160,"column":8},"end":{"line":160,"column":62}},"19":{"start":{"line":161,"column":8},"end":{"line":161,"column":48}},"20":{"start":{"line":174,"column":8},"end":{"line":174,"column":72}},"21":{"start":{"line":176,"column":8},"end":{"line":176,"column":46}},"22":{"start":{"line":177,"column":8},"end":{"line":177,"column":58}},"23":{"start":{"line":178,"column":8},"end":{"line":178,"column":50}},"24":{"start":{"line":193,"column":8},"end":{"line":193,"column":74}},"25":{"start":{"line":195,"column":8},"end":{"line":195,"column":96}},"26":{"start":{"line":196,"column":8},"end":{"line":196,"column":46}},"27":{"start":{"line":197,"column":8},"end":{"line":197,"column":50}},"28":{"start":{"line":214,"column":8},"end":{"line":214,"column":75}},"29":{"start":{"line":215,"column":8},"end":{"line":215,"column":75}},"30":{"start":{"line":217,"column":8},"end":{"line":217,"column":43}},"31":{"start":{"line":218,"column":8},"end":{"line":218,"column":45}},"32":{"start":{"line":228,"column":8},"end":{"line":228,"column":29}},"33":{"start":{"line":229,"column":8},"end":{"line":229,"column":126}}},"branchMap":{"1":{"line":156,"type":"if","locations":[{"start":{"line":156,"column":8},"end":{"line":156,"column":8}},{"start":{"line":156,"column":8},"end":{"line":156,"column":8}}]},"2":{"line":157,"type":"if","locations":[{"start":{"line":157,"column":8},"end":{"line":157,"column":8}},{"start":{"line":157,"column":8},"end":{"line":157,"column":8}}]},"3":{"line":174,"type":"if","locations":[{"start":{"line":174,"column":8},"end":{"line":174,"column":8}},{"start":{"line":174,"column":8},"end":{"line":174,"column":8}}]},"4":{"line":193,"type":"if","locations":[{"start":{"line":193,"column":8},"end":{"line":193,"column":8}},{"start":{"line":193,"column":8},"end":{"line":193,"column":8}}]},"5":{"line":214,"type":"if","locations":[{"start":{"line":214,"column":8},"end":{"line":214,"column":8}},{"start":{"line":214,"column":8},"end":{"line":214,"column":8}}]},"6":{"line":215,"type":"if","locations":[{"start":{"line":215,"column":8},"end":{"line":215,"column":8}},{"start":{"line":215,"column":8},"end":{"line":215,"column":8}}]}}},"contracts/ERC20Detailed.sol":{"l":{"19":25,"20":25,"21":25,"28":0,"36":0,"52":0},"path":"/home/honeybadger/playground/oz_unittest/test/OpenZeppelin/contracts/ERC20Detailed.sol","s":{"1":25,"2":25,"3":25,"4":0,"5":0,"6":0},"b":{},"f":{"1":25,"2":0,"3":0,"4":0},"fnMap":{"1":{"name":"constructor","line":18,"loc":{"start":{"line":18,"column":4},"end":{"line":18,"column":79}}},"2":{"name":"name","line":27,"loc":{"start":{"line":27,"column":4},"end":{"line":27,"column":53}}},"3":{"name":"symbol","line":35,"loc":{"start":{"line":35,"column":4},"end":{"line":35,"column":55}}},"4":{"name":"decimals","line":51,"loc":{"start":{"line":51,"column":4},"end":{"line":51,"column":49}}}},"statementMap":{"1":{"start":{"line":19,"column":8},"end":{"line":19,"column":19}},"2":{"start":{"line":20,"column":8},"end":{"line":20,"column":23}},"3":{"start":{"line":21,"column":8},"end":{"line":21,"column":27}},"4":{"start":{"line":28,"column":8},"end":{"line":28,"column":20}},"5":{"start":{"line":36,"column":8},"end":{"line":36,"column":22}},"6":{"start":{"line":52,"column":8},"end":{"line":52,"column":24}}},"branchMap":{}},"contracts/ERC20Mintable.sol":{"l":{"21":0,"22":0},"path":"/home/honeybadger/playground/oz_unittest/test/OpenZeppelin/contracts/ERC20Mintable.sol","s":{"1":0,"2":0},"b":{},"f":{"1":0},"fnMap":{"1":{"name":"mint","line":20,"loc":{"start":{"line":20,"column":67},"end":{"line":20,"column":18}}}},"statementMap":{"1":{"start":{"line":21,"column":8},"end":{"line":21,"column":29}},"2":{"start":{"line":22,"column":8},"end":{"line":22,"column":19}}},"branchMap":{}},"contracts/ERC20Mock.sol":{"l":{"8":0,"12":0,"16":0,"20":0,"24":0,"28":0},"path":"/home/honeybadger/playground/oz_unittest/test/OpenZeppelin/contracts/ERC20Mock.sol","s":{"1":0,"2":0,"3":0,"4":0,"5":0,"6":0},"b":{},"f":{"1":0,"2":0,"3":0,"4":0,"5":0,"6":0},"fnMap":{"1":{"name":"constructor","line":7,"loc":{"start":{"line":7,"column":4},"end":{"line":7,"column":69}}},"2":{"name":"mint","line":11,"loc":{"start":{"line":11,"column":4},"end":{"line":11,"column":55}}},"3":{"name":"burn","line":15,"loc":{"start":{"line":15,"column":4},"end":{"line":15,"column":55}}},"4":{"name":"burnFrom","line":19,"loc":{"start":{"line":19,"column":4},"end":{"line":19,"column":59}}},"5":{"name":"transferInternal","line":23,"loc":{"start":{"line":23,"column":4},"end":{"line":23,"column":75}}},"6":{"name":"approveInternal","line":27,"loc":{"start":{"line":27,"column":4},"end":{"line":27,"column":80}}}},"statementMap":{"1":{"start":{"line":8,"column":8},"end":{"line":8,"column":44}},"2":{"start":{"line":12,"column":8},"end":{"line":12,"column":29}},"3":{"start":{"line":16,"column":8},"end":{"line":16,"column":29}},"4":{"start":{"line":20,"column":8},"end":{"line":20,"column":33}},"5":{"start":{"line":24,"column":8},"end":{"line":24,"column":33}},"6":{"start":{"line":28,"column":8},"end":{"line":28,"column":38}}},"branchMap":{}},"contracts/MinterRole.sol":{"l":{"15":25,"19":0,"20":0,"24":0,"28":0,"32":0,"36":25,"37":25,"41":0,"42":0},"path":"/home/honeybadger/playground/oz_unittest/test/OpenZeppelin/contracts/MinterRole.sol","s":{"1":25,"2":0,"3":0,"4":0,"5":0,"6":25,"7":25,"8":0,"9":0},"b":{"1":[0,0]},"f":{"1":25,"2":0,"3":0,"4":0,"5":0,"6":25,"7":0},"fnMap":{"1":{"name":"constructor","line":14,"loc":{"start":{"line":14,"column":4},"end":{"line":14,"column":25}}},"2":{"name":"onlyMinter","line":18,"loc":{"start":{"line":18,"column":4},"end":{"line":18,"column":23}}},"3":{"name":"isMinter","line":23,"loc":{"start":{"line":23,"column":4},"end":{"line":23,"column":63}}},"4":{"name":"addMinter","line":27,"loc":{"start":{"line":27,"column":56},"end":{"line":27,"column":3}}},"5":{"name":"renounceMinter","line":31,"loc":{"start":{"line":31,"column":4},"end":{"line":31,"column":34}}},"6":{"name":"_addMinter","line":35,"loc":{"start":{"line":35,"column":4},"end":{"line":35,"column":47}}},"7":{"name":"_removeMinter","line":40,"loc":{"start":{"line":40,"column":4},"end":{"line":40,"column":50}}}},"statementMap":{"1":{"start":{"line":15,"column":8},"end":{"line":15,"column":31}},"2":{"start":{"line":19,"column":8},"end":{"line":19,"column":90}},"3":{"start":{"line":24,"column":8},"end":{"line":24,"column":36}},"4":{"start":{"line":28,"column":8},"end":{"line":28,"column":26}},"5":{"start":{"line":32,"column":8},"end":{"line":32,"column":34}},"6":{"start":{"line":36,"column":8},"end":{"line":36,"column":28}},"7":{"start":{"line":37,"column":8},"end":{"line":37,"column":33}},"8":{"start":{"line":41,"column":8},"end":{"line":41,"column":31}},"9":{"start":{"line":42,"column":8},"end":{"line":42,"column":35}}},"branchMap":{"1":{"line":19,"type":"if","locations":[{"start":{"line":19,"column":8},"end":{"line":19,"column":8}},{"start":{"line":19,"column":8},"end":{"line":19,"column":8}}]}}},"contracts/OpenZeppelin.sol":{"l":{"13":25},"path":"/home/honeybadger/playground/oz_unittest/test/OpenZeppelin/contracts/OpenZeppelin.sol","s":{"1":25},"b":{},"f":{"1":25},"fnMap":{"1":{"name":"constructor","line":12,"loc":{"start":{"line":12,"column":39},"end":{"line":12,"column":11}}}},"statementMap":{"1":{"start":{"line":13,"column":4},"end":{"line":13,"column":35}}},"branchMap":{}},"contracts/Ownable.sol":{"l":{"22":25,"23":25,"24":25,"31":0,"38":0,"39":0,"46":0,"57":0,"58":0,"66":0,"73":0,"74":0,"75":0},"path":"/home/honeybadger/playground/oz_unittest/test/OpenZeppelin/contracts/Ownable.sol","s":{"1":25,"2":25,"3":25,"4":0,"5":0,"6":0,"7":0,"8":0,"9":0,"10":0,"11":0,"12":0},"b":{"1":[0,0],"2":[0,0]},"f":{"1":25,"2":0,"3":0,"4":0,"5":0,"6":0,"7":0},"fnMap":{"1":{"name":"constructor","line":21,"loc":{"start":{"line":21,"column":4},"end":{"line":21,"column":25}}},"2":{"name":"owner","line":30,"loc":{"start":{"line":30,"column":4},"end":{"line":30,"column":48}}},"3":{"name":"onlyOwner","line":37,"loc":{"start":{"line":37,"column":4},"end":{"line":37,"column":22}}},"4":{"name":"isOwner","line":45,"loc":{"start":{"line":45,"column":4},"end":{"line":45,"column":47}}},"5":{"name":"renounceOwnership","line":56,"loc":{"start":{"line":56,"column":48},"end":{"line":56,"column":3}}},"6":{"name":"transferOwnership","line":65,"loc":{"start":{"line":65,"column":64},"end":{"line":65,"column":3}}},"7":{"name":"_transferOwnership","line":72,"loc":{"start":{"line":72,"column":4},"end":{"line":72,"column":56}}}},"statementMap":{"1":{"start":{"line":22,"column":8},"end":{"line":22,"column":40}},"2":{"start":{"line":23,"column":8},"end":{"line":23,"column":25}},"3":{"start":{"line":24,"column":8},"end":{"line":24,"column":56}},"4":{"start":{"line":31,"column":8},"end":{"line":31,"column":21}},"5":{"start":{"line":38,"column":8},"end":{"line":38,"column":61}},"6":{"start":{"line":46,"column":8},"end":{"line":46,"column":37}},"7":{"start":{"line":57,"column":8},"end":{"line":57,"column":53}},"8":{"start":{"line":58,"column":8},"end":{"line":58,"column":26}},"9":{"start":{"line":66,"column":8},"end":{"line":66,"column":35}},"10":{"start":{"line":73,"column":8},"end":{"line":73,"column":80}},"11":{"start":{"line":74,"column":8},"end":{"line":74,"column":51}},"12":{"start":{"line":75,"column":8},"end":{"line":75,"column":24}}},"branchMap":{"1":{"line":38,"type":"if","locations":[{"start":{"line":38,"column":8},"end":{"line":38,"column":8}},{"start":{"line":38,"column":8},"end":{"line":38,"column":8}}]},"2":{"line":73,"type":"if","locations":[{"start":{"line":73,"column":8},"end":{"line":73,"column":8}},{"start":{"line":73,"column":8},"end":{"line":73,"column":8}}]}}},"contracts/Roles.sol":{"l":{"16":25,"17":25,"24":0,"25":0,"33":25,"34":25},"path":"/home/honeybadger/playground/oz_unittest/test/OpenZeppelin/contracts/Roles.sol","s":{"1":25,"2":25,"3":0,"4":0,"5":25,"6":25},"b":{"1":[25,0],"2":[0,0],"3":[25,0]},"f":{"1":25,"2":0,"3":25},"fnMap":{"1":{"name":"add","line":15,"loc":{"start":{"line":15,"column":4},"end":{"line":15,"column":59}}},"2":{"name":"remove","line":23,"loc":{"start":{"line":23,"column":4},"end":{"line":23,"column":62}}},"3":{"name":"has","line":32,"loc":{"start":{"line":32,"column":4},"end":{"line":32,"column":79}}}},"statementMap":{"1":{"start":{"line":16,"column":8},"end":{"line":16,"column":70}},"2":{"start":{"line":17,"column":8},"end":{"line":17,"column":34}},"3":{"start":{"line":24,"column":8},"end":{"line":24,"column":71}},"4":{"start":{"line":25,"column":8},"end":{"line":25,"column":35}},"5":{"start":{"line":33,"column":8},"end":{"line":33,"column":75}},"6":{"start":{"line":34,"column":8},"end":{"line":34,"column":35}}},"branchMap":{"1":{"line":16,"type":"if","locations":[{"start":{"line":16,"column":8},"end":{"line":16,"column":8}},{"start":{"line":16,"column":8},"end":{"line":16,"column":8}}]},"2":{"line":24,"type":"if","locations":[{"start":{"line":24,"column":8},"end":{"line":24,"column":8}},{"start":{"line":24,"column":8},"end":{"line":24,"column":8}}]},"3":{"line":33,"type":"if","locations":[{"start":{"line":33,"column":8},"end":{"line":33,"column":8}},{"start":{"line":33,"column":8},"end":{"line":33,"column":8}}]}}},"contracts/SafeMath.sol":{"l":{"27":60,"28":60,"30":60,"43":0,"58":22,"59":14,"61":14,"77":0,"78":0,"81":0,"82":0,"84":0,"99":0,"117":0,"118":0,"121":0,"136":0,"153":0,"154":0},"path":"/home/honeybadger/playground/oz_unittest/test/OpenZeppelin/contracts/SafeMath.sol","s":{"1":60,"2":60,"3":60,"4":0,"5":22,"6":14,"7":14,"8":0,"9":0,"10":0,"11":0,"12":0,"13":0,"14":0,"15":0,"16":0,"17":0,"18":0,"19":0},"b":{"1":[60,0],"2":[14,8],"3":[0,0],"4":[0,0],"5":[0,0],"6":[0,0]},"f":{"1":60,"2":0,"3":22,"4":0,"5":0,"6":0,"7":0,"8":0},"fnMap":{"1":{"name":"add","line":26,"loc":{"start":{"line":26,"column":4},"end":{"line":26,"column":68}}},"2":{"name":"sub","line":42,"loc":{"start":{"line":42,"column":4},"end":{"line":42,"column":68}}},"3":{"name":"sub","line":57,"loc":{"start":{"line":57,"column":4},"end":{"line":57,"column":96}}},"4":{"name":"mul","line":73,"loc":{"start":{"line":73,"column":4},"end":{"line":73,"column":68}}},"5":{"name":"div","line":98,"loc":{"start":{"line":98,"column":4},"end":{"line":98,"column":68}}},"6":{"name":"div","line":115,"loc":{"start":{"line":115,"column":4},"end":{"line":115,"column":96}}},"7":{"name":"mod","line":135,"loc":{"start":{"line":135,"column":4},"end":{"line":135,"column":68}}},"8":{"name":"mod","line":152,"loc":{"start":{"line":152,"column":4},"end":{"line":152,"column":96}}}},"statementMap":{"1":{"start":{"line":27,"column":8},"end":{"line":27,"column":25}},"2":{"start":{"line":28,"column":8},"end":{"line":28,"column":53}},"3":{"start":{"line":30,"column":8},"end":{"line":30,"column":16}},"4":{"start":{"line":43,"column":8},"end":{"line":43,"column":58}},"5":{"start":{"line":58,"column":8},"end":{"line":58,"column":36}},"6":{"start":{"line":59,"column":8},"end":{"line":59,"column":25}},"7":{"start":{"line":61,"column":8},"end":{"line":61,"column":16}},"8":{"start":{"line":77,"column":8},"end":{"line":77,"column":2463}},"9":{"start":{"line":78,"column":12},"end":{"line":78,"column":20}},"10":{"start":{"line":81,"column":8},"end":{"line":81,"column":25}},"11":{"start":{"line":82,"column":8},"end":{"line":82,"column":63}},"12":{"start":{"line":84,"column":8},"end":{"line":84,"column":16}},"13":{"start":{"line":99,"column":8},"end":{"line":99,"column":54}},"14":{"start":{"line":117,"column":8},"end":{"line":117,"column":35}},"15":{"start":{"line":118,"column":8},"end":{"line":118,"column":25}},"16":{"start":{"line":121,"column":8},"end":{"line":121,"column":16}},"17":{"start":{"line":136,"column":8},"end":{"line":136,"column":52}},"18":{"start":{"line":153,"column":8},"end":{"line":153,"column":36}},"19":{"start":{"line":154,"column":8},"end":{"line":154,"column":20}}},"branchMap":{"1":{"line":28,"type":"if","locations":[{"start":{"line":28,"column":8},"end":{"line":28,"column":8}},{"start":{"line":28,"column":8},"end":{"line":28,"column":8}}]},"2":{"line":58,"type":"if","locations":[{"start":{"line":58,"column":8},"end":{"line":58,"column":8}},{"start":{"line":58,"column":8},"end":{"line":58,"column":8}}]},"3":{"line":77,"type":"if","locations":[{"start":{"line":77,"column":8},"end":{"line":77,"column":8}},{"start":{"line":77,"column":8},"end":{"line":77,"column":8}}]},"4":{"line":82,"type":"if","locations":[{"start":{"line":82,"column":8},"end":{"line":82,"column":8}},{"start":{"line":82,"column":8},"end":{"line":82,"column":8}}]},"5":{"line":117,"type":"if","locations":[{"start":{"line":117,"column":8},"end":{"line":117,"column":8}},{"start":{"line":117,"column":8},"end":{"line":117,"column":8}}]},"6":{"line":153,"type":"if","locations":[{"start":{"line":153,"column":8},"end":{"line":153,"column":8}},{"start":{"line":153,"column":8},"end":{"line":153,"column":8}}]}}}}