{
"contracts/TetherToken.sol":{"l":{"13":15,"14":2,"16":13,"17":13,"18":13,"23":15,"25":15,"29":27,"30":19,"34":7,"35":7,"36":7,"53":20,"60":0,"61":0,"69":0,"70":0,"117":47,"118":47,"127":6,"128":6,"129":0,"131":6,"132":6,"133":4,"134":4,"135":0,"136":0,"138":4,"147":9,"172":9,"177":9,"178":9,"179":0,"181":9,"182":9,"184":3,"185":3,"186":3,"187":3,"188":0,"189":0,"191":3,"205":16,"207":12,"208":12,"218":3,"239":15,"240":15,"247":0,"248":0,"255":0,"256":0,"263":0,"264":0,"272":0,"276":0,"282":0,"283":0,"287":0,"288":0,"292":0,"293":0,"294":0,"295":0,"296":0,"331":20,"332":20,"333":20,"334":20,"335":20,"336":20,"341":6,"342":6,"343":0,"345":6,"351":9,"352":9,"353":0,"355":9,"361":9,"362":0,"364":9,"370":16,"371":0,"373":16,"379":3,"380":0,"382":3,"388":0,"389":0,"390":0,"395":1,"396":0,"398":1,"407":0,"408":0,"410":0,"411":0,"412":0,"421":0,"422":0,"424":0,"425":0,"426":0,"431":0,"432":0,"434":0,"435":0,"437":0},"path":"/home/honeybadger/playground/oz_unittest/test/TetherToken/contracts/TetherToken.sol","s":{"1":15,"2":2,"3":13,"4":13,"5":13,"6":15,"7":15,"8":27,"9":19,"10":7,"11":7,"12":7,"13":20,"14":0,"15":0,"16":0,"17":47,"18":6,"19":6,"20":0,"21":6,"22":6,"23":4,"24":4,"25":0,"26":0,"27":4,"28":9,"29":9,"30":9,"31":9,"32":0,"33":9,"34":9,"35":3,"36":3,"37":3,"38":3,"39":0,"40":0,"41":3,"42":16,"43":12,"44":12,"45":3,"46":15,"47":0,"48":0,"49":0,"50":0,"51":0,"52":0,"53":0,"54":0,"55":0,"56":0,"57":0,"58":0,"59":0,"60":0,"61":0,"62":0,"63":20,"64":20,"65":20,"66":20,"67":20,"68":20,"69":6,"70":6,"71":0,"72":6,"73":9,"74":9,"75":0,"76":9,"77":9,"78":0,"79":9,"80":16,"81":0,"82":16,"83":3,"84":0,"85":3,"86":0,"87":0,"88":0,"89":1,"90":0,"91":1,"92":0,"93":0,"94":0,"95":0,"96":0,"97":0,"98":0,"99":0,"100":0,"101":0,"102":0,"103":0,"104":0,"105":0,"106":0},"b":{"1":[2,13],"2":[13,0],"3":[19,8],"4":[7,0],"5":[0,0],"6":[0,0],"7":[47,0],"8":[0,6],"9":[0,4],"10":[0,9],"11":[9,0],"12":[0,3],"13":[12,4],"14":[15,0],"15":[0,0],"16":[0,0],"17":[6,0],"18":[0,6],"19":[9,0],"20":[0,9],"21":[0,9],"22":[0,16],"23":[0,3],"24":[0,1],"25":[0,0],"26":[0,0],"27":[0,0],"28":[0,0],"29":[0,0],"30":[0,0]},"f":{"1":15,"2":15,"3":27,"4":7,"5":20,"6":0,"7":0,"8":47,"9":6,"10":9,"11":9,"12":16,"13":3,"14":15,"15":0,"16":0,"17":0,"18":0,"19":0,"20":0,"21":0,"22":0,"23":20,"24":6,"25":9,"26":9,"27":16,"28":3,"29":0,"30":1,"31":0,"32":0,"33":0},"fnMap":{"1":{"name":"mul","line":12,"loc":{"start":{"line":12,"column":4},"end":{"line":12,"column":68}}},"2":{"name":"div","line":21,"loc":{"start":{"line":21,"column":4},"end":{"line":21,"column":68}}},"3":{"name":"sub","line":28,"loc":{"start":{"line":28,"column":4},"end":{"line":28,"column":68}}},"4":{"name":"add","line":33,"loc":{"start":{"line":33,"column":4},"end":{"line":33,"column":68}}},"5":{"name":"constructor","line":52,"loc":{"start":{"line":52,"column":4},"end":{"line":52,"column":27}}},"6":{"name":"onlyOwner","line":59,"loc":{"start":{"line":59,"column":4},"end":{"line":59,"column":22}}},"7":{"name":"transferOwnership","line":68,"loc":{"start":{"line":68,"column":64},"end":{"line":68,"column":3}}},"8":{"name":"onlyPayloadSize","line":116,"loc":{"start":{"line":116,"column":4},"end":{"line":116,"column":37}}},"9":{"name":"transfer","line":126,"loc":{"start":{"line":126,"column":77},"end":{"line":126,"column":3}}},"10":{"name":"balanceOf","line":146,"loc":{"start":{"line":146,"column":4},"end":{"line":146,"column":75}}},"11":{"name":"transferFrom","line":171,"loc":{"start":{"line":171,"column":96},"end":{"line":171,"column":3}}},"12":{"name":"approve","line":199,"loc":{"start":{"line":199,"column":81},"end":{"line":199,"column":3}}},"13":{"name":"allowance","line":217,"loc":{"start":{"line":217,"column":4},"end":{"line":217,"column":95}}},"14":{"name":"whenNotPaused","line":238,"loc":{"start":{"line":238,"column":2},"end":{"line":238,"column":26}}},"15":{"name":"whenPaused","line":246,"loc":{"start":{"line":246,"column":2},"end":{"line":246,"column":23}}},"16":{"name":"pause","line":254,"loc":{"start":{"line":254,"column":41},"end":{"line":254,"column":10}}},"17":{"name":"unpause","line":262,"loc":{"start":{"line":262,"column":40},"end":{"line":262,"column":10}}},"18":{"name":"getBlackListStatus","line":271,"loc":{"start":{"line":271,"column":4},"end":{"line":271,"column":78}}},"19":{"name":"getOwner","line":275,"loc":{"start":{"line":275,"column":4},"end":{"line":275,"column":57}}},"20":{"name":"addBlackList","line":281,"loc":{"start":{"line":281,"column":61},"end":{"line":281,"column":3}}},"21":{"name":"removeBlackList","line":286,"loc":{"start":{"line":286,"column":67},"end":{"line":286,"column":3}}},"22":{"name":"destroyBlackFunds","line":291,"loc":{"start":{"line":291,"column":73},"end":{"line":291,"column":3}}},"23":{"name":"constructor","line":330,"loc":{"start":{"line":330,"column":4},"end":{"line":330,"column":96}}},"24":{"name":"transfer","line":340,"loc":{"start":{"line":340,"column":67},"end":{"line":340,"column":3}}},"25":{"name":"transferFrom","line":350,"loc":{"start":{"line":350,"column":86},"end":{"line":350,"column":3}}},"26":{"name":"balanceOf","line":360,"loc":{"start":{"line":360,"column":4},"end":{"line":360,"column":64}}},"27":{"name":"approve","line":369,"loc":{"start":{"line":369,"column":81},"end":{"line":369,"column":3}}},"28":{"name":"allowance","line":378,"loc":{"start":{"line":378,"column":4},"end":{"line":378,"column":95}}},"29":{"name":"deprecate","line":387,"loc":{"start":{"line":387,"column":64},"end":{"line":387,"column":3}}},"30":{"name":"totalSupply","line":394,"loc":{"start":{"line":394,"column":4},"end":{"line":394,"column":55}}},"31":{"name":"issue","line":406,"loc":{"start":{"line":406,"column":47},"end":{"line":406,"column":3}}},"32":{"name":"redeem","line":420,"loc":{"start":{"line":420,"column":48},"end":{"line":420,"column":3}}},"33":{"name":"setParams","line":429,"loc":{"start":{"line":429,"column":75},"end":{"line":429,"column":3}}}},"statementMap":{"1":{"start":{"line":13,"column":8},"end":{"line":13,"column":292}},"2":{"start":{"line":14,"column":12},"end":{"line":14,"column":20}},"3":{"start":{"line":16,"column":8},"end":{"line":16,"column":25}},"4":{"start":{"line":17,"column":8},"end":{"line":17,"column":25}},"5":{"start":{"line":18,"column":8},"end":{"line":18,"column":16}},"6":{"start":{"line":23,"column":8},"end":{"line":23,"column":25}},"7":{"start":{"line":25,"column":8},"end":{"line":25,"column":16}},"8":{"start":{"line":29,"column":8},"end":{"line":29,"column":21}},"9":{"start":{"line":30,"column":8},"end":{"line":30,"column":20}},"10":{"start":{"line":34,"column":8},"end":{"line":34,"column":25}},"11":{"start":{"line":35,"column":8},"end":{"line":35,"column":21}},"12":{"start":{"line":36,"column":8},"end":{"line":36,"column":16}},"13":{"start":{"line":53,"column":8},"end":{"line":53,"column":25}},"14":{"start":{"line":60,"column":8},"end":{"line":60,"column":35}},"15":{"start":{"line":69,"column":8},"end":{"line":69,"column":1819}},"16":{"start":{"line":70,"column":12},"end":{"line":70,"column":27}},"17":{"start":{"line":117,"column":8},"end":{"line":117,"column":45}},"18":{"start":{"line":127,"column":8},"end":{"line":127,"column":59}},"19":{"start":{"line":128,"column":8},"end":{"line":128,"column":3600}},"20":{"start":{"line":129,"column":12},"end":{"line":129,"column":27}},"21":{"start":{"line":131,"column":8},"end":{"line":131,"column":41}},"22":{"start":{"line":132,"column":8},"end":{"line":132,"column":62}},"23":{"start":{"line":133,"column":8},"end":{"line":133,"column":52}},"24":{"start":{"line":134,"column":8},"end":{"line":134,"column":3835}},"25":{"start":{"line":135,"column":12},"end":{"line":135,"column":53}},"26":{"start":{"line":136,"column":12},"end":{"line":136,"column":43}},"27":{"start":{"line":138,"column":8},"end":{"line":138,"column":44}},"28":{"start":{"line":147,"column":8},"end":{"line":147,"column":31}},"29":{"start":{"line":172,"column":8},"end":{"line":172,"column":51}},"30":{"start":{"line":177,"column":8},"end":{"line":177,"column":59}},"31":{"start":{"line":178,"column":8},"end":{"line":178,"column":5427}},"32":{"start":{"line":179,"column":12},"end":{"line":179,"column":27}},"33":{"start":{"line":181,"column":8},"end":{"line":181,"column":5499}},"34":{"start":{"line":182,"column":12},"end":{"line":182,"column":62}},"35":{"start":{"line":184,"column":8},"end":{"line":184,"column":41}},"36":{"start":{"line":185,"column":8},"end":{"line":185,"column":52}},"37":{"start":{"line":186,"column":8},"end":{"line":186,"column":52}},"38":{"start":{"line":187,"column":8},"end":{"line":187,"column":5764}},"39":{"start":{"line":188,"column":12},"end":{"line":188,"column":53}},"40":{"start":{"line":189,"column":12},"end":{"line":189,"column":38}},"41":{"start":{"line":191,"column":8},"end":{"line":191,"column":39}},"42":{"start":{"line":205,"column":8},"end":{"line":205,"column":72}},"43":{"start":{"line":207,"column":8},"end":{"line":207,"column":45}},"44":{"start":{"line":208,"column":8},"end":{"line":208,"column":45}},"45":{"start":{"line":218,"column":8},"end":{"line":218,"column":40}},"46":{"start":{"line":239,"column":4},"end":{"line":239,"column":19}},"47":{"start":{"line":247,"column":4},"end":{"line":247,"column":18}},"48":{"start":{"line":255,"column":4},"end":{"line":255,"column":16}},"49":{"start":{"line":256,"column":4},"end":{"line":256,"column":10}},"50":{"start":{"line":263,"column":4},"end":{"line":263,"column":17}},"51":{"start":{"line":264,"column":4},"end":{"line":264,"column":12}},"52":{"start":{"line":272,"column":8},"end":{"line":272,"column":36}},"53":{"start":{"line":276,"column":8},"end":{"line":276,"column":20}},"54":{"start":{"line":282,"column":8},"end":{"line":282,"column":38}},"55":{"start":{"line":283,"column":8},"end":{"line":283,"column":32}},"56":{"start":{"line":287,"column":8},"end":{"line":287,"column":42}},"57":{"start":{"line":288,"column":8},"end":{"line":288,"column":37}},"58":{"start":{"line":292,"column":8},"end":{"line":292,"column":47}},"59":{"start":{"line":293,"column":8},"end":{"line":293,"column":53}},"60":{"start":{"line":294,"column":8},"end":{"line":294,"column":37}},"61":{"start":{"line":295,"column":8},"end":{"line":295,"column":33}},"62":{"start":{"line":296,"column":8},"end":{"line":296,"column":56}},"63":{"start":{"line":331,"column":8},"end":{"line":331,"column":36}},"64":{"start":{"line":332,"column":8},"end":{"line":332,"column":19}},"65":{"start":{"line":333,"column":8},"end":{"line":333,"column":23}},"66":{"start":{"line":334,"column":8},"end":{"line":334,"column":27}},"67":{"start":{"line":335,"column":8},"end":{"line":335,"column":39}},"68":{"start":{"line":336,"column":8},"end":{"line":336,"column":25}},"69":{"start":{"line":341,"column":8},"end":{"line":341,"column":42}},"70":{"start":{"line":342,"column":8},"end":{"line":342,"column":10719}},"71":{"start":{"line":343,"column":12},"end":{"line":343,"column":99}},"72":{"start":{"line":345,"column":12},"end":{"line":345,"column":46}},"73":{"start":{"line":351,"column":8},"end":{"line":351,"column":37}},"74":{"start":{"line":352,"column":8},"end":{"line":352,"column":11134}},"75":{"start":{"line":353,"column":12},"end":{"line":353,"column":110}},"76":{"start":{"line":355,"column":12},"end":{"line":355,"column":57}},"77":{"start":{"line":361,"column":8},"end":{"line":361,"column":11510}},"78":{"start":{"line":362,"column":12},"end":{"line":362,"column":72}},"79":{"start":{"line":364,"column":12},"end":{"line":364,"column":39}},"80":{"start":{"line":370,"column":8},"end":{"line":370,"column":11846}},"81":{"start":{"line":371,"column":12},"end":{"line":371,"column":103}},"82":{"start":{"line":373,"column":12},"end":{"line":373,"column":50}},"83":{"start":{"line":379,"column":8},"end":{"line":379,"column":12239}},"84":{"start":{"line":380,"column":12},"end":{"line":380,"column":77}},"85":{"start":{"line":382,"column":12},"end":{"line":382,"column":52}},"86":{"start":{"line":388,"column":8},"end":{"line":388,"column":24}},"87":{"start":{"line":389,"column":8},"end":{"line":389,"column":41}},"88":{"start":{"line":390,"column":8},"end":{"line":390,"column":34}},"89":{"start":{"line":395,"column":8},"end":{"line":395,"column":12789}},"90":{"start":{"line":396,"column":12},"end":{"line":396,"column":63}},"91":{"start":{"line":398,"column":12},"end":{"line":398,"column":31}},"92":{"start":{"line":407,"column":8},"end":{"line":407,"column":52}},"93":{"start":{"line":408,"column":8},"end":{"line":408,"column":58}},"94":{"start":{"line":410,"column":8},"end":{"line":410,"column":32}},"95":{"start":{"line":411,"column":8},"end":{"line":411,"column":29}},"96":{"start":{"line":412,"column":8},"end":{"line":412,"column":20}},"97":{"start":{"line":421,"column":8},"end":{"line":421,"column":38}},"98":{"start":{"line":422,"column":8},"end":{"line":422,"column":41}},"99":{"start":{"line":424,"column":8},"end":{"line":424,"column":29}},"100":{"start":{"line":425,"column":8},"end":{"line":425,"column":32}},"101":{"start":{"line":426,"column":8},"end":{"line":426,"column":21}},"102":{"start":{"line":431,"column":8},"end":{"line":431,"column":35}},"103":{"start":{"line":432,"column":8},"end":{"line":432,"column":30}},"104":{"start":{"line":434,"column":8},"end":{"line":434,"column":39}},"105":{"start":{"line":435,"column":8},"end":{"line":435,"column":47}},"106":{"start":{"line":437,"column":8},"end":{"line":437,"column":42}}},"branchMap":{"1":{"line":13,"type":"if","locations":[{"start":{"line":13,"column":8},"end":{"line":13,"column":8}},{"start":{"line":13,"column":8},"end":{"line":13,"column":8}}]},"2":{"line":17,"type":"if","locations":[{"start":{"line":17,"column":8},"end":{"line":17,"column":8}},{"start":{"line":17,"column":8},"end":{"line":17,"column":8}}]},"3":{"line":29,"type":"if","locations":[{"start":{"line":29,"column":8},"end":{"line":29,"column":8}},{"start":{"line":29,"column":8},"end":{"line":29,"column":8}}]},"4":{"line":35,"type":"if","locations":[{"start":{"line":35,"column":8},"end":{"line":35,"column":8}},{"start":{"line":35,"column":8},"end":{"line":35,"column":8}}]},"5":{"line":60,"type":"if","locations":[{"start":{"line":60,"column":8},"end":{"line":60,"column":8}},{"start":{"line":60,"column":8},"end":{"line":60,"column":8}}]},"6":{"line":69,"type":"if","locations":[{"start":{"line":69,"column":8},"end":{"line":69,"column":8}},{"start":{"line":69,"column":8},"end":{"line":69,"column":8}}]},"7":{"line":117,"type":"if","locations":[{"start":{"line":117,"column":8},"end":{"line":117,"column":8}},{"start":{"line":117,"column":8},"end":{"line":117,"column":8}}]},"8":{"line":128,"type":"if","locations":[{"start":{"line":128,"column":8},"end":{"line":128,"column":8}},{"start":{"line":128,"column":8},"end":{"line":128,"column":8}}]},"9":{"line":134,"type":"if","locations":[{"start":{"line":134,"column":8},"end":{"line":134,"column":8}},{"start":{"line":134,"column":8},"end":{"line":134,"column":8}}]},"10":{"line":178,"type":"if","locations":[{"start":{"line":178,"column":8},"end":{"line":178,"column":8}},{"start":{"line":178,"column":8},"end":{"line":178,"column":8}}]},"11":{"line":181,"type":"if","locations":[{"start":{"line":181,"column":8},"end":{"line":181,"column":8}},{"start":{"line":181,"column":8},"end":{"line":181,"column":8}}]},"12":{"line":187,"type":"if","locations":[{"start":{"line":187,"column":8},"end":{"line":187,"column":8}},{"start":{"line":187,"column":8},"end":{"line":187,"column":8}}]},"13":{"line":205,"type":"if","locations":[{"start":{"line":205,"column":8},"end":{"line":205,"column":8}},{"start":{"line":205,"column":8},"end":{"line":205,"column":8}}]},"14":{"line":239,"type":"if","locations":[{"start":{"line":239,"column":4},"end":{"line":239,"column":4}},{"start":{"line":239,"column":4},"end":{"line":239,"column":4}}]},"15":{"line":247,"type":"if","locations":[{"start":{"line":247,"column":4},"end":{"line":247,"column":4}},{"start":{"line":247,"column":4},"end":{"line":247,"column":4}}]},"16":{"line":292,"type":"if","locations":[{"start":{"line":292,"column":8},"end":{"line":292,"column":8}},{"start":{"line":292,"column":8},"end":{"line":292,"column":8}}]},"17":{"line":341,"type":"if","locations":[{"start":{"line":341,"column":8},"end":{"line":341,"column":8}},{"start":{"line":341,"column":8},"end":{"line":341,"column":8}}]},"18":{"line":342,"type":"if","locations":[{"start":{"line":342,"column":8},"end":{"line":342,"column":8}},{"start":{"line":342,"column":8},"end":{"line":342,"column":8}}]},"19":{"line":351,"type":"if","locations":[{"start":{"line":351,"column":8},"end":{"line":351,"column":8}},{"start":{"line":351,"column":8},"end":{"line":351,"column":8}}]},"20":{"line":352,"type":"if","locations":[{"start":{"line":352,"column":8},"end":{"line":352,"column":8}},{"start":{"line":352,"column":8},"end":{"line":352,"column":8}}]},"21":{"line":361,"type":"if","locations":[{"start":{"line":361,"column":8},"end":{"line":361,"column":8}},{"start":{"line":361,"column":8},"end":{"line":361,"column":8}}]},"22":{"line":370,"type":"if","locations":[{"start":{"line":370,"column":8},"end":{"line":370,"column":8}},{"start":{"line":370,"column":8},"end":{"line":370,"column":8}}]},"23":{"line":379,"type":"if","locations":[{"start":{"line":379,"column":8},"end":{"line":379,"column":8}},{"start":{"line":379,"column":8},"end":{"line":379,"column":8}}]},"24":{"line":395,"type":"if","locations":[{"start":{"line":395,"column":8},"end":{"line":395,"column":8}},{"start":{"line":395,"column":8},"end":{"line":395,"column":8}}]},"25":{"line":407,"type":"if","locations":[{"start":{"line":407,"column":8},"end":{"line":407,"column":8}},{"start":{"line":407,"column":8},"end":{"line":407,"column":8}}]},"26":{"line":408,"type":"if","locations":[{"start":{"line":408,"column":8},"end":{"line":408,"column":8}},{"start":{"line":408,"column":8},"end":{"line":408,"column":8}}]},"27":{"line":421,"type":"if","locations":[{"start":{"line":421,"column":8},"end":{"line":421,"column":8}},{"start":{"line":421,"column":8},"end":{"line":421,"column":8}}]},"28":{"line":422,"type":"if","locations":[{"start":{"line":422,"column":8},"end":{"line":422,"column":8}},{"start":{"line":422,"column":8},"end":{"line":422,"column":8}}]},"29":{"line":431,"type":"if","locations":[{"start":{"line":431,"column":8},"end":{"line":431,"column":8}},{"start":{"line":431,"column":8},"end":{"line":431,"column":8}}]},"30":{"line":432,"type":"if","locations":[{"start":{"line":432,"column":8},"end":{"line":432,"column":8}},{"start":{"line":432,"column":8},"end":{"line":432,"column":8}}]}}}}
