TN:
SF:/home/honeybadger/playground/oz_unittest/test/TetherToken/contracts/TetherToken.sol
FN:12,mul
FN:21,div
FN:28,sub
FN:33,add
FN:52,constructor
FN:59,onlyOwner
FN:68,transferOwnership
FN:116,onlyPayloadSize
FN:126,transfer
FN:146,balanceOf
FN:171,transferFrom
FN:199,approve
FN:217,allowance
FN:238,whenNotPaused
FN:246,whenPaused
FN:254,pause
FN:262,unpause
FN:271,getBlackListStatus
FN:275,getOwner
FN:281,addBlackList
FN:286,removeBlackList
FN:291,destroyBlackFunds
FN:330,constructor
FN:340,transfer
FN:350,transferFrom
FN:360,balanceOf
FN:369,approve
FN:378,allowance
FN:387,deprecate
FN:394,totalSupply
FN:406,issue
FN:420,redeem
FN:429,setParams
FNF:33
FNH:19
FNDA:15,mul
FNDA:15,div
FNDA:27,sub
FNDA:7,add
FNDA:20,constructor
FNDA:0,onlyOwner
FNDA:0,transferOwnership
FNDA:47,onlyPayloadSize
FNDA:6,transfer
FNDA:9,balanceOf
FNDA:9,transferFrom
FNDA:16,approve
FNDA:3,allowance
FNDA:15,whenNotPaused
FNDA:0,whenPaused
FNDA:0,pause
FNDA:0,unpause
FNDA:0,getBlackListStatus
FNDA:0,getOwner
FNDA:0,addBlackList
FNDA:0,removeBlackList
FNDA:0,destroyBlackFunds
FNDA:20,constructor
FNDA:6,transfer
FNDA:9,transferFrom
FNDA:9,balanceOf
FNDA:16,approve
FNDA:3,allowance
FNDA:0,deprecate
FNDA:1,totalSupply
FNDA:0,issue
FNDA:0,redeem
FNDA:0,setParams
DA:13,15
DA:14,2
DA:16,13
DA:17,13
DA:18,13
DA:23,15
DA:25,15
DA:29,27
DA:30,19
DA:34,7
DA:35,7
DA:36,7
DA:53,20
DA:60,0
DA:61,0
DA:69,0
DA:70,0
DA:117,47
DA:118,47
DA:127,6
DA:128,6
DA:129,0
DA:131,6
DA:132,6
DA:133,4
DA:134,4
DA:135,0
DA:136,0
DA:138,4
DA:147,9
DA:172,9
DA:177,9
DA:178,9
DA:179,0
DA:181,9
DA:182,9
DA:184,3
DA:185,3
DA:186,3
DA:187,3
DA:188,0
DA:189,0
DA:191,3
DA:205,16
DA:207,12
DA:208,12
DA:218,3
DA:239,15
DA:240,15
DA:247,0
DA:248,0
DA:255,0
DA:256,0
DA:263,0
DA:264,0
DA:272,0
DA:276,0
DA:282,0
DA:283,0
DA:287,0
DA:288,0
DA:292,0
DA:293,0
DA:294,0
DA:295,0
DA:296,0
DA:331,20
DA:332,20
DA:333,20
DA:334,20
DA:335,20
DA:336,20
DA:341,6
DA:342,6
DA:343,0
DA:345,6
DA:351,9
DA:352,9
DA:353,0
DA:355,9
DA:361,9
DA:362,0
DA:364,9
DA:370,16
DA:371,0
DA:373,16
DA:379,3
DA:380,0
DA:382,3
DA:388,0
DA:389,0
DA:390,0
DA:395,1
DA:396,0
DA:398,1
DA:407,0
DA:408,0
DA:410,0
DA:411,0
DA:412,0
DA:421,0
DA:422,0
DA:424,0
DA:425,0
DA:426,0
DA:431,0
DA:432,0
DA:434,0
DA:435,0
DA:437,0
LF:110
LH:59
BRDA:13,1,0,2
BRDA:13,1,1,13
BRDA:17,2,0,13
BRDA:17,2,1,0
BRDA:29,3,0,19
BRDA:29,3,1,8
BRDA:35,4,0,7
BRDA:35,4,1,0
BRDA:60,5,0,0
BRDA:60,5,1,0
BRDA:69,6,0,0
BRDA:69,6,1,0
BRDA:117,7,0,47
BRDA:117,7,1,0
BRDA:128,8,0,0
BRDA:128,8,1,6
BRDA:134,9,0,0
BRDA:134,9,1,4
BRDA:178,10,0,0
BRDA:178,10,1,9
BRDA:181,11,0,9
BRDA:181,11,1,0
BRDA:187,12,0,0
BRDA:187,12,1,3
BRDA:205,13,0,12
BRDA:205,13,1,4
BRDA:239,14,0,15
BRDA:239,14,1,0
BRDA:247,15,0,0
BRDA:247,15,1,0
BRDA:292,16,0,0
BRDA:292,16,1,0
BRDA:341,17,0,6
BRDA:341,17,1,0
BRDA:342,18,0,0
BRDA:342,18,1,6
BRDA:351,19,0,9
BRDA:351,19,1,0
BRDA:352,20,0,0
BRDA:352,20,1,9
BRDA:361,21,0,0
BRDA:361,21,1,9
BRDA:370,22,0,0
BRDA:370,22,1,16
BRDA:379,23,0,0
BRDA:379,23,1,3
BRDA:395,24,0,0
BRDA:395,24,1,1
BRDA:407,25,0,0
BRDA:407,25,1,0
BRDA:408,26,0,0
BRDA:408,26,1,0
BRDA:421,27,0,0
BRDA:421,27,1,0
BRDA:422,28,0,0
BRDA:422,28,1,0
BRDA:431,29,0,0
BRDA:431,29,1,0
BRDA:432,30,0,0
BRDA:432,30,1,0
BRF:60
BRH:23
end_of_record
