TN:
SF:/home/honeybadger/playground/oz_unittest/contracts/AmberToken.sol
FN:26,only_owner
FN:33,setOwner
FN:59,constructor
FN:64,mint
FN:75,mintLocked
FN:86,finalise
FN:96,currentPhase
FN:107,unlockTokens
FN:122,transfer
FN:136,transferFrom
FN:149,approve
FN:162,balanceOf
FN:167,allowance
FN:175,when_owns
FN:181,when_has_allowance
FN:187,when_liquid
FN:216,constructor
FN:221,only_admin
FN:223,only_prepurchaser
FN:226,is_valid_buyin
FN:228,is_under_cap_with
FN:230,only_certified
FN:242,only_before_period
FN:244,only_during_period
FN:246,only_during_paused_period
FN:248,only_after_sale
FN:258,when_allocations_uninitialised
FN:260,when_allocatable_liquid
FN:262,when_allocatable_locked
FN:264,when_allocations_complete
FN:286,notePrepurchase
FN:304,specialPurchase
FN:325,
FN:338,purchaseTo
FN:353,processPurchase
FN:365,buyinReturn
FN:400,pause
FN:414,unpause
FN:431,initialiseAllocations
FN:447,allocateLiquid
FN:465,allocateLocked
FN:482,finalise
FNF:42
FNH:7
FNDA:4,only_owner
FNDA:0,setOwner
FNDA:28,constructor
FNDA:4,mint
FNDA:0,mintLocked
FNDA:0,finalise
FNDA:0,currentPhase
FNDA:0,unlockTokens
FNDA:0,transfer
FNDA:0,transferFrom
FNDA:0,approve
FNDA:3,balanceOf
FNDA:0,allowance
FNDA:14,when_owns
FNDA:2,when_has_allowance
FNDA:26,when_liquid
FNDA:0,constructor
FNDA:0,only_admin
FNDA:0,only_prepurchaser
FNDA:0,is_valid_buyin
FNDA:0,is_under_cap_with
FNDA:0,only_certified
FNDA:0,only_before_period
FNDA:0,only_during_period
FNDA:0,only_during_paused_period
FNDA:0,only_after_sale
FNDA:0,when_allocations_uninitialised
FNDA:0,when_allocatable_liquid
FNDA:0,when_allocatable_locked
FNDA:0,when_allocations_complete
FNDA:0,notePrepurchase
FNDA:0,specialPurchase
FNDA:0,
FNDA:0,purchaseTo
FNDA:0,processPurchase
FNDA:0,buyinReturn
FNDA:0,pause
FNDA:0,unpause
FNDA:0,initialiseAllocations
FNDA:0,allocateLiquid
FNDA:0,allocateLocked
FNDA:0,finalise
DA:27,4
DA:28,4
DA:34,0
DA:35,0
DA:67,4
DA:68,4
DA:69,4
DA:78,0
DA:79,0
DA:80,0
DA:89,0
DA:90,0
DA:91,0
DA:101,0
DA:102,0
DA:103,0
DA:110,0
DA:111,0
DA:112,0
DA:113,0
DA:114,0
DA:115,0
DA:125,0
DA:126,0
DA:127,0
DA:129,0
DA:139,0
DA:140,0
DA:141,0
DA:142,0
DA:144,0
DA:154,0
DA:155,0
DA:156,0
DA:158,0
DA:163,3
DA:171,0
DA:176,14
DA:177,6
DA:182,2
DA:183,2
DA:188,26
DA:189,0
DA:217,0
DA:290,0
DA:291,0
DA:292,0
DA:293,0
DA:308,0
DA:309,0
DA:312,0
DA:313,0
DA:314,0
DA:315,0
DA:316,0
DA:329,0
DA:342,0
DA:357,0
DA:358,0
DA:359,0
DA:360,0
DA:361,0
DA:371,0
DA:375,0
DA:378,0
DA:379,0
DA:381,0
DA:382,0
DA:384,0
DA:385,0
DA:387,0
DA:388,0
DA:390,0
DA:403,0
DA:404,0
DA:417,0
DA:418,0
DA:433,0
DA:434,0
DA:435,0
DA:451,0
DA:452,0
DA:453,0
DA:469,0
DA:470,0
DA:471,0
DA:485,0
LF:87
LH:11
BRDA:27,1,0,4
BRDA:27,1,1,0
BRDA:101,2,0,0
BRDA:101,2,1,0
BRDA:113,3,0,0
BRDA:113,3,1,0
BRDA:154,4,0,0
BRDA:154,4,1,0
BRDA:176,5,0,6
BRDA:176,5,1,8
BRDA:182,6,0,2
BRDA:182,6,1,0
BRDA:188,7,0,0
BRDA:188,7,1,26
BRDA:221,8,0,0
BRDA:221,8,1,0
BRDA:223,9,0,0
BRDA:223,9,1,0
BRDA:226,10,0,0
BRDA:226,10,1,0
BRDA:228,11,0,0
BRDA:228,11,1,0
BRDA:230,12,0,0
BRDA:230,12,1,0
BRDA:242,13,0,0
BRDA:242,13,1,0
BRDA:244,14,0,0
BRDA:244,14,1,0
BRDA:246,15,0,0
BRDA:246,15,1,0
BRDA:248,16,0,0
BRDA:248,16,1,0
BRDA:258,17,0,0
BRDA:258,17,1,0
BRDA:260,18,0,0
BRDA:260,18,1,0
BRDA:262,19,0,0
BRDA:262,19,1,0
BRDA:264,20,0,0
BRDA:264,20,1,0
BRDA:309,21,0,0
BRDA:309,21,1,0
BRDA:371,22,0,0
BRDA:371,22,1,0
BRDA:378,23,0,0
BRDA:378,23,1,0
BRDA:381,24,0,0
BRDA:381,24,1,0
BRDA:384,25,0,0
BRDA:384,25,1,0
BRDA:387,26,0,0
BRDA:387,26,1,0
BRF:52
BRH:5
end_of_record
TN:
SF:/home/honeybadger/playground/oz_unittest/contracts/BitAseanToken.sol
FN:10,constructor
FN:14,onlyOwner
FN:43,constructor
FN:57,transfer
FN:66,approve
FN:73,approveAndCall
FN:83,transferFrom
FN:95,
FN:113,constructor
FN:117,transfer
FN:128,transferFrom
FN:140,mintToken
FN:147,freezeAccount
FNF:13
FNH:8
FNDA:33,constructor
FNDA:4,onlyOwner
FNDA:33,constructor
FNDA:0,transfer
FNDA:17,approve
FNDA:0,approveAndCall
FNDA:0,transferFrom
FNDA:0,
FNDA:33,constructor
FNDA:10,transfer
FNDA:17,transferFrom
FNDA:4,mintToken
FNDA:0,freezeAccount
DA:11,33
DA:15,4
DA:16,4
DA:49,33
DA:50,33
DA:51,33
DA:52,33
DA:53,33
DA:58,0
DA:59,0
DA:60,0
DA:61,0
DA:62,0
DA:68,17
DA:69,17
DA:75,0
DA:76,0
DA:77,0
DA:78,0
DA:84,0
DA:85,0
DA:86,0
DA:87,0
DA:88,0
DA:89,0
DA:90,0
DA:91,0
DA:96,0
DA:118,10
DA:119,2
DA:120,2
DA:121,2
DA:122,2
DA:123,2
DA:129,17
DA:130,17
DA:131,1
DA:132,1
DA:133,1
DA:134,1
DA:135,1
DA:136,1
DA:137,1
DA:141,4
DA:142,4
DA:143,4
DA:144,4
DA:148,0
DA:149,0
LF:49
LH:29
BRDA:15,1,0,0
BRDA:15,1,1,4
BRDA:58,2,0,0
BRDA:58,2,1,0
BRDA:59,3,0,0
BRDA:59,3,1,0
BRDA:76,4,0,0
BRDA:76,4,1,0
BRDA:84,5,0,0
BRDA:84,5,1,0
BRDA:85,6,0,0
BRDA:85,6,1,0
BRDA:86,7,0,0
BRDA:86,7,1,0
BRDA:118,8,0,8
BRDA:118,8,1,2
BRDA:119,9,0,0
BRDA:119,9,1,2
BRDA:120,10,0,0
BRDA:120,10,1,2
BRDA:129,11,0,0
BRDA:129,11,1,17
BRDA:130,12,0,16
BRDA:130,12,1,1
BRDA:131,13,0,0
BRDA:131,13,1,1
BRDA:132,14,0,0
BRDA:132,14,1,1
BRF:28
BRH:10
end_of_record
TN:
SF:/home/honeybadger/playground/oz_unittest/contracts/FuturXe.sol
FN:29,constructor
FN:34,onlyOwner
FN:40,transferOwnership
FN:64,constructor
FN:73,balanceOf
FN:78,transfer
FN:101,transferFrom
FN:126,allowance
FN:131,approve
FN:138,mintToken
FN:147,freezeAccount
FN:153,changeName
FN:158,changeSymbol
FN:163,changeDecimals
FNF:14
FNH:9
FNDA:33,constructor
FNDA:4,onlyOwner
FNDA:0,transferOwnership
FNDA:33,constructor
FNDA:8,balanceOf
FNDA:6,transfer
FNDA:9,transferFrom
FNDA:6,allowance
FNDA:17,approve
FNDA:4,mintToken
FNDA:0,freezeAccount
FNDA:0,changeName
FNDA:0,changeSymbol
FNDA:0,changeDecimals
DA:30,33
DA:35,4
DA:37,4
DA:41,0
DA:65,33
DA:66,33
DA:67,33
DA:68,33
DA:69,33
DA:74,8
DA:81,6
DA:84,6
DA:86,2
DA:89,2
DA:91,2
DA:94,2
DA:96,2
DA:104,9
DA:107,9
DA:110,1
DA:113,0
DA:115,0
DA:116,0
DA:117,0
DA:120,0
DA:122,0
DA:127,6
DA:132,17
DA:133,17
DA:134,17
DA:139,4
DA:140,4
DA:142,4
DA:143,4
DA:148,0
DA:149,0
DA:154,0
DA:159,0
DA:164,0
LF:39
LH:27
BRDA:35,1,0,0
BRDA:35,1,1,4
BRDA:81,2,0,0
BRDA:81,2,1,6
BRDA:84,3,0,4
BRDA:84,3,1,2
BRDA:86,4,0,0
BRDA:86,4,1,2
BRDA:104,5,0,0
BRDA:104,5,1,9
BRDA:107,6,0,8
BRDA:107,6,1,1
BRDA:110,7,0,1
BRDA:110,7,1,0
BRDA:113,8,0,0
BRDA:113,8,1,0
BRF:16
BRH:9
end_of_record
