TN:
SF:/home/honeybadger/playground/oz_unittest/contracts/AmberToken.sol
FN:27,only_owner
FN:34,setOwner
FN:60,constructor
FN:65,mint
FN:76,mintLocked
FN:87,finalise
FN:97,currentPhase
FN:108,unlockTokens
FN:123,transfer
FN:137,transferFrom
FN:150,approve
FN:163,balanceOf
FN:168,allowance
FN:176,when_owns
FN:182,when_has_allowance
FN:188,when_liquid
FN:217,constructor
FN:222,only_admin
FN:224,only_prepurchaser
FN:227,is_valid_buyin
FN:229,is_under_cap_with
FN:231,only_certified
FN:243,only_before_period
FN:245,only_during_period
FN:247,only_during_paused_period
FN:249,only_after_sale
FN:259,when_allocations_uninitialised
FN:261,when_allocatable_liquid
FN:263,when_allocatable_locked
FN:265,when_allocations_complete
FN:287,notePrepurchase
FN:305,specialPurchase
FN:326,
FN:339,purchaseTo
FN:354,processPurchase
FN:366,buyinReturn
FN:401,pause
FN:415,unpause
FN:432,initialiseAllocations
FN:448,allocateLiquid
FN:466,allocateLocked
FN:483,finalise
FNF:42
FNH:7
FNDA:4,only_owner
FNDA:0,setOwner
FNDA:24,constructor
FNDA:4,mint
FNDA:0,mintLocked
FNDA:0,finalise
FNDA:0,currentPhase
FNDA:0,unlockTokens
FNDA:0,transfer
FNDA:0,transferFrom
FNDA:0,approve
FNDA:3,balanceOf
FNDA:0,allowance
FNDA:14,when_owns
FNDA:2,when_has_allowance
FNDA:26,when_liquid
FNDA:0,constructor
FNDA:0,only_admin
FNDA:0,only_prepurchaser
FNDA:0,is_valid_buyin
FNDA:0,is_under_cap_with
FNDA:0,only_certified
FNDA:0,only_before_period
FNDA:0,only_during_period
FNDA:0,only_during_paused_period
FNDA:0,only_after_sale
FNDA:0,when_allocations_uninitialised
FNDA:0,when_allocatable_liquid
FNDA:0,when_allocatable_locked
FNDA:0,when_allocations_complete
FNDA:0,notePrepurchase
FNDA:0,specialPurchase
FNDA:0,
FNDA:0,purchaseTo
FNDA:0,processPurchase
FNDA:0,buyinReturn
FNDA:0,pause
FNDA:0,unpause
FNDA:0,initialiseAllocations
FNDA:0,allocateLiquid
FNDA:0,allocateLocked
FNDA:0,finalise
DA:28,4
DA:29,4
DA:35,0
DA:36,0
DA:68,4
DA:69,4
DA:70,4
DA:79,0
DA:80,0
DA:81,0
DA:90,0
DA:91,0
DA:92,0
DA:102,0
DA:103,0
DA:104,0
DA:111,0
DA:112,0
DA:113,0
DA:114,0
DA:115,0
DA:116,0
DA:126,0
DA:127,0
DA:128,0
DA:130,0
DA:140,0
DA:141,0
DA:142,0
DA:143,0
DA:145,0
DA:155,0
DA:156,0
DA:157,0
DA:159,0
DA:164,3
DA:172,0
DA:177,14
DA:178,6
DA:183,2
DA:184,2
DA:189,26
DA:190,0
DA:218,0
DA:291,0
DA:292,0
DA:293,0
DA:294,0
DA:309,0
DA:310,0
DA:313,0
DA:314,0
DA:315,0
DA:316,0
DA:317,0
DA:330,0
DA:343,0
DA:358,0
DA:359,0
DA:360,0
DA:361,0
DA:362,0
DA:372,0
DA:376,0
DA:379,0
DA:380,0
DA:382,0
DA:383,0
DA:385,0
DA:386,0
DA:388,0
DA:389,0
DA:391,0
DA:404,0
DA:405,0
DA:418,0
DA:419,0
DA:434,0
DA:435,0
DA:436,0
DA:452,0
DA:453,0
DA:454,0
DA:470,0
DA:471,0
DA:472,0
DA:486,0
LF:87
LH:11
BRDA:28,1,0,4
BRDA:28,1,1,0
BRDA:102,2,0,0
BRDA:102,2,1,0
BRDA:114,3,0,0
BRDA:114,3,1,0
BRDA:155,4,0,0
BRDA:155,4,1,0
BRDA:177,5,0,6
BRDA:177,5,1,8
BRDA:183,6,0,2
BRDA:183,6,1,0
BRDA:189,7,0,0
BRDA:189,7,1,26
BRDA:222,8,0,0
BRDA:222,8,1,0
BRDA:224,9,0,0
BRDA:224,9,1,0
BRDA:227,10,0,0
BRDA:227,10,1,0
BRDA:229,11,0,0
BRDA:229,11,1,0
BRDA:231,12,0,0
BRDA:231,12,1,0
BRDA:243,13,0,0
BRDA:243,13,1,0
BRDA:245,14,0,0
BRDA:245,14,1,0
BRDA:247,15,0,0
BRDA:247,15,1,0
BRDA:249,16,0,0
BRDA:249,16,1,0
BRDA:259,17,0,0
BRDA:259,17,1,0
BRDA:261,18,0,0
BRDA:261,18,1,0
BRDA:263,19,0,0
BRDA:263,19,1,0
BRDA:265,20,0,0
BRDA:265,20,1,0
BRDA:310,21,0,0
BRDA:310,21,1,0
BRDA:372,22,0,0
BRDA:372,22,1,0
BRDA:379,23,0,0
BRDA:379,23,1,0
BRDA:382,24,0,0
BRDA:382,24,1,0
BRDA:385,25,0,0
BRDA:385,25,1,0
BRDA:388,26,0,0
BRDA:388,26,1,0
BRF:52
BRH:5
end_of_record
TN:
SF:/home/honeybadger/playground/oz_unittest/contracts/BitAseanToken.sol
FN:11,constructor
FN:15,onlyOwner
FN:44,constructor
FN:58,transfer
FN:67,approve
FN:74,approveAndCall
FN:84,transferFrom
FN:96,
FN:114,constructor
FN:118,transfer
FN:129,transferFrom
FN:141,mintToken
FN:148,freezeAccount
FNF:13
FNH:8
FNDA:29,constructor
FNDA:4,onlyOwner
FNDA:29,constructor
FNDA:0,transfer
FNDA:17,approve
FNDA:0,approveAndCall
FNDA:0,transferFrom
FNDA:0,
FNDA:29,constructor
FNDA:10,transfer
FNDA:17,transferFrom
FNDA:4,mintToken
FNDA:0,freezeAccount
DA:12,29
DA:16,4
DA:17,4
DA:50,29
DA:51,29
DA:52,29
DA:53,29
DA:54,29
DA:59,0
DA:60,0
DA:61,0
DA:62,0
DA:63,0
DA:69,17
DA:70,17
DA:76,0
DA:77,0
DA:78,0
DA:79,0
DA:85,0
DA:86,0
DA:87,0
DA:88,0
DA:89,0
DA:90,0
DA:91,0
DA:92,0
DA:97,0
DA:119,10
DA:120,2
DA:121,2
DA:122,2
DA:123,2
DA:124,2
DA:130,17
DA:131,17
DA:132,1
DA:133,1
DA:134,1
DA:135,1
DA:136,1
DA:137,1
DA:138,1
DA:142,4
DA:143,4
DA:144,4
DA:145,4
DA:149,0
DA:150,0
LF:49
LH:29
BRDA:16,1,0,0
BRDA:16,1,1,4
BRDA:59,2,0,0
BRDA:59,2,1,0
BRDA:60,3,0,0
BRDA:60,3,1,0
BRDA:77,4,0,0
BRDA:77,4,1,0
BRDA:85,5,0,0
BRDA:85,5,1,0
BRDA:86,6,0,0
BRDA:86,6,1,0
BRDA:87,7,0,0
BRDA:87,7,1,0
BRDA:119,8,0,8
BRDA:119,8,1,2
BRDA:120,9,0,0
BRDA:120,9,1,2
BRDA:121,10,0,0
BRDA:121,10,1,2
BRDA:130,11,0,0
BRDA:130,11,1,17
BRDA:131,12,0,16
BRDA:131,12,1,1
BRDA:132,13,0,0
BRDA:132,13,1,1
BRDA:133,14,0,0
BRDA:133,14,1,1
BRF:28
BRH:10
end_of_record
TN:
SF:/home/honeybadger/playground/oz_unittest/contracts/FuturXe.sol
FN:30,constructor
FN:35,onlyOwner
FN:41,transferOwnership
FN:65,constructor
FN:74,balanceOf
FN:79,transfer
FN:102,transferFrom
FN:127,allowance
FN:132,approve
FN:139,mintToken
FN:148,freezeAccount
FN:154,changeName
FN:159,changeSymbol
FN:164,changeDecimals
FNF:14
FNH:9
FNDA:29,constructor
FNDA:4,onlyOwner
FNDA:0,transferOwnership
FNDA:29,constructor
FNDA:8,balanceOf
FNDA:6,transfer
FNDA:9,transferFrom
FNDA:6,allowance
FNDA:17,approve
FNDA:4,mintToken
FNDA:0,freezeAccount
FNDA:0,changeName
FNDA:0,changeSymbol
FNDA:0,changeDecimals
DA:31,29
DA:36,4
DA:38,4
DA:42,0
DA:66,29
DA:67,29
DA:68,29
DA:69,29
DA:70,29
DA:75,8
DA:82,6
DA:85,6
DA:87,2
DA:90,2
DA:92,2
DA:95,2
DA:97,2
DA:105,9
DA:108,9
DA:111,1
DA:114,0
DA:116,0
DA:117,0
DA:118,0
DA:121,0
DA:123,0
DA:128,6
DA:133,17
DA:134,17
DA:135,17
DA:140,4
DA:141,4
DA:143,4
DA:144,4
DA:149,0
DA:150,0
DA:155,0
DA:160,0
DA:165,0
LF:39
LH:27
BRDA:36,1,0,0
BRDA:36,1,1,4
BRDA:82,2,0,0
BRDA:82,2,1,6
BRDA:85,3,0,4
BRDA:85,3,1,2
BRDA:87,4,0,0
BRDA:87,4,1,2
BRDA:105,5,0,0
BRDA:105,5,1,9
BRDA:108,6,0,8
BRDA:108,6,1,1
BRDA:111,7,0,1
BRDA:111,7,1,0
BRDA:114,8,0,0
BRDA:114,8,1,0
BRF:16
BRH:9
end_of_record
TN:
SF:/home/honeybadger/playground/oz_unittest/contracts/INT.sol
FN:6,constructor
FN:10,onlyOwner
FN:15,transferOwnership
FN:32,constructor
FN:46,_transfer
FN:58,transfer
FN:66,transferFrom
FN:76,approve
FN:86,approveAndCall
FN:97,burn
FN:105,burnFrom
FN:130,constructor
FN:133,_transfer
FN:147,mintToken
FN:157,freezeAccount
FN:165,setPrices
FN:171,buy
FN:178,sell
FNF:18
FNH:10
FNDA:38,constructor
FNDA:4,onlyOwner
FNDA:0,transferOwnership
FNDA:38,constructor
FNDA:0,_transfer
FNDA:12,transfer
FNDA:18,transferFrom
FNDA:22,approve
FNDA:0,approveAndCall
FNDA:0,burn
FNDA:10,burnFrom
FNDA:38,constructor
FNDA:12,_transfer
FNDA:4,mintToken
FNDA:0,freezeAccount
FNDA:0,setPrices
FNDA:0,buy
FNDA:0,sell
DA:7,38
DA:11,4
DA:12,4
DA:16,0
DA:38,38
DA:39,38
DA:40,38
DA:41,38
DA:42,38
DA:47,0
DA:48,0
DA:49,0
DA:50,0
DA:51,0
DA:52,0
DA:59,12
DA:67,18
DA:68,0
DA:69,0
DA:70,0
DA:78,22
DA:79,22
DA:88,0
DA:89,0
DA:90,0
DA:91,0
DA:98,0
DA:99,0
DA:100,0
DA:101,0
DA:102,0
DA:106,10
DA:107,0
DA:108,0
DA:109,0
DA:110,0
DA:111,0
DA:112,0
DA:134,12
DA:135,10
DA:136,0
DA:137,0
DA:138,0
DA:139,0
DA:140,0
DA:141,0
DA:148,4
DA:149,4
DA:150,4
DA:151,4
DA:158,0
DA:159,0
DA:166,0
DA:167,0
DA:172,0
DA:173,0
DA:179,0
DA:180,0
DA:181,0
LF:59
LH:19
BRDA:11,1,0,4
BRDA:11,1,1,0
BRDA:47,2,0,0
BRDA:47,2,1,0
BRDA:48,3,0,0
BRDA:48,3,1,0
BRDA:49,4,0,0
BRDA:49,4,1,0
BRDA:67,5,0,0
BRDA:67,5,1,18
BRDA:89,6,0,0
BRDA:89,6,1,0
BRDA:98,7,0,0
BRDA:98,7,1,0
BRDA:106,8,0,0
BRDA:106,8,1,10
BRDA:107,9,0,0
BRDA:107,9,1,0
BRDA:134,10,0,10
BRDA:134,10,1,2
BRDA:135,11,0,0
BRDA:135,11,1,10
BRDA:136,12,0,0
BRDA:136,12,1,0
BRDA:137,13,0,0
BRDA:137,13,1,0
BRDA:138,14,0,0
BRDA:138,14,1,0
BRDA:179,15,0,0
BRDA:179,15,1,0
BRF:30
BRH:6
end_of_record
TN:
SF:/home/honeybadger/playground/oz_unittest/contracts/SwiftCoin.sol
FN:9,constructor
FN:13,onlyOwner
FN:18,transferOwnership
FN:41,constructor
FN:55,transfer
FN:64,approve
FN:71,approveAndCall
FN:81,transferFrom
FN:93,
FN:114,constructor
FN:117,transfer
FN:128,transferFrom
FN:140,mintToken
FN:147,freezeAccount
FN:152,setPrices
FN:157,buy
FN:165,sell
FNF:17
FNH:8
FNDA:29,constructor
FNDA:4,onlyOwner
FNDA:0,transferOwnership
FNDA:29,constructor
FNDA:0,transfer
FNDA:17,approve
FNDA:0,approveAndCall
FNDA:0,transferFrom
FNDA:0,
FNDA:29,constructor
FNDA:10,transfer
FNDA:17,transferFrom
FNDA:4,mintToken
FNDA:0,freezeAccount
FNDA:0,setPrices
FNDA:0,buy
FNDA:0,sell
DA:10,29
DA:14,4
DA:15,4
DA:19,0
DA:47,29
DA:48,29
DA:49,29
DA:50,29
DA:51,29
DA:56,0
DA:57,0
DA:58,0
DA:59,0
DA:60,0
DA:66,17
DA:67,17
DA:73,0
DA:74,0
DA:75,0
DA:76,0
DA:82,0
DA:83,0
DA:84,0
DA:85,0
DA:86,0
DA:87,0
DA:88,0
DA:89,0
DA:94,0
DA:118,10
DA:119,2
DA:120,2
DA:121,2
DA:122,2
DA:123,2
DA:129,17
DA:130,17
DA:131,1
DA:132,1
DA:133,1
DA:134,1
DA:135,1
DA:136,1
DA:137,1
DA:141,4
DA:142,4
DA:143,4
DA:144,4
DA:148,0
DA:149,0
DA:153,0
DA:154,0
DA:158,0
DA:159,0
DA:160,0
DA:161,0
DA:162,0
DA:166,0
DA:167,0
DA:168,0
DA:169,0
DA:170,0
DA:172,0
LF:63
LH:29
BRDA:14,1,0,0
BRDA:14,1,1,4
BRDA:56,2,0,0
BRDA:56,2,1,0
BRDA:57,3,0,0
BRDA:57,3,1,0
BRDA:74,4,0,0
BRDA:74,4,1,0
BRDA:82,5,0,0
BRDA:82,5,1,0
BRDA:83,6,0,0
BRDA:83,6,1,0
BRDA:84,7,0,0
BRDA:84,7,1,0
BRDA:118,8,0,8
BRDA:118,8,1,2
BRDA:119,9,0,0
BRDA:119,9,1,2
BRDA:120,10,0,0
BRDA:120,10,1,2
BRDA:129,11,0,0
BRDA:129,11,1,17
BRDA:130,12,0,16
BRDA:130,12,1,1
BRDA:131,13,0,0
BRDA:131,13,1,1
BRDA:132,14,0,0
BRDA:132,14,1,1
BRDA:159,15,0,0
BRDA:159,15,1,0
BRDA:166,16,0,0
BRDA:166,16,1,0
BRDA:169,17,0,0
BRDA:169,17,1,0
BRF:34
BRH:10
end_of_record
TN:
SF:/home/honeybadger/playground/oz_unittest/contracts/TetherToken.sol
FN:12,mul
FN:21,div
FN:28,sub
FN:33,add
FN:52,constructor
FN:59,onlyOwner
FN:68,transferOwnership
FN:116,onlyPayloadSize
FN:126,transfer
FN:146,balanceOf
FN:171,transferFrom
FN:199,approve
FN:217,allowance
FN:238,whenNotPaused
FN:246,whenPaused
FN:254,pause
FN:262,unpause
FN:271,getBlackListStatus
FN:275,getOwner
FN:281,addBlackList
FN:286,removeBlackList
FN:291,destroyBlackFunds
FN:330,constructor
FN:340,transfer
FN:350,transferFrom
FN:360,balanceOf
FN:369,approve
FN:378,allowance
FN:387,deprecate
FN:394,totalSupply
FN:406,issue
FN:420,redeem
FN:429,setParams
FNF:33
FNH:19
FNDA:27,mul
FNDA:27,div
FNDA:59,sub
FNDA:3,add
FNDA:27,constructor
FNDA:0,onlyOwner
FNDA:0,transferOwnership
FNDA:65,onlyPayloadSize
FNDA:10,transfer
FNDA:3,balanceOf
FNDA:17,transferFrom
FNDA:19,approve
FNDA:2,allowance
FNDA:27,whenNotPaused
FNDA:0,whenPaused
FNDA:0,pause
FNDA:0,unpause
FNDA:0,getBlackListStatus
FNDA:0,getOwner
FNDA:0,addBlackList
FNDA:0,removeBlackList
FNDA:0,destroyBlackFunds
FNDA:27,constructor
FNDA:10,transfer
FNDA:17,transferFrom
FNDA:3,balanceOf
FNDA:19,approve
FNDA:2,allowance
FNDA:0,deprecate
FNDA:1,totalSupply
FNDA:0,issue
FNDA:0,redeem
FNDA:0,setParams
DA:13,27
DA:14,3
DA:16,24
DA:17,24
DA:18,24
DA:23,27
DA:25,27
DA:29,59
DA:30,35
DA:34,3
DA:35,3
DA:36,3
DA:53,27
DA:60,0
DA:61,0
DA:69,0
DA:70,0
DA:117,65
DA:118,65
DA:127,10
DA:128,10
DA:129,0
DA:131,10
DA:132,10
DA:133,2
DA:134,2
DA:135,0
DA:136,0
DA:138,2
DA:147,3
DA:172,17
DA:177,17
DA:178,17
DA:179,0
DA:181,17
DA:182,17
DA:184,11
DA:185,11
DA:186,1
DA:187,1
DA:188,0
DA:189,0
DA:191,1
DA:205,19
DA:207,15
DA:208,15
DA:218,2
DA:239,27
DA:240,27
DA:247,0
DA:248,0
DA:255,0
DA:256,0
DA:263,0
DA:264,0
DA:272,0
DA:276,0
DA:282,0
DA:283,0
DA:287,0
DA:288,0
DA:292,0
DA:293,0
DA:294,0
DA:295,0
DA:296,0
DA:331,27
DA:332,27
DA:333,27
DA:334,27
DA:335,27
DA:336,27
DA:341,10
DA:342,10
DA:343,0
DA:345,10
DA:351,17
DA:352,17
DA:353,0
DA:355,17
DA:361,3
DA:362,0
DA:364,3
DA:370,19
DA:371,0
DA:373,19
DA:379,2
DA:380,0
DA:382,2
DA:388,0
DA:389,0
DA:390,0
DA:395,1
DA:396,0
DA:398,1
DA:407,0
DA:408,0
DA:410,0
DA:411,0
DA:412,0
DA:421,0
DA:422,0
DA:424,0
DA:425,0
DA:426,0
DA:431,0
DA:432,0
DA:434,0
DA:435,0
DA:437,0
LF:110
LH:59
BRDA:13,1,0,3
BRDA:13,1,1,24
BRDA:17,2,0,24
BRDA:17,2,1,0
BRDA:29,3,0,35
BRDA:29,3,1,24
BRDA:35,4,0,3
BRDA:35,4,1,0
BRDA:60,5,0,0
BRDA:60,5,1,0
BRDA:69,6,0,0
BRDA:69,6,1,0
BRDA:117,7,0,65
BRDA:117,7,1,0
BRDA:128,8,0,0
BRDA:128,8,1,10
BRDA:134,9,0,0
BRDA:134,9,1,2
BRDA:178,10,0,0
BRDA:178,10,1,17
BRDA:181,11,0,17
BRDA:181,11,1,0
BRDA:187,12,0,0
BRDA:187,12,1,1
BRDA:205,13,0,15
BRDA:205,13,1,4
BRDA:239,14,0,27
BRDA:239,14,1,0
BRDA:247,15,0,0
BRDA:247,15,1,0
BRDA:292,16,0,0
BRDA:292,16,1,0
BRDA:341,17,0,10
BRDA:341,17,1,0
BRDA:342,18,0,0
BRDA:342,18,1,10
BRDA:351,19,0,17
BRDA:351,19,1,0
BRDA:352,20,0,0
BRDA:352,20,1,17
BRDA:361,21,0,0
BRDA:361,21,1,3
BRDA:370,22,0,0
BRDA:370,22,1,19
BRDA:379,23,0,0
BRDA:379,23,1,2
BRDA:395,24,0,0
BRDA:395,24,1,1
BRDA:407,25,0,0
BRDA:407,25,1,0
BRDA:408,26,0,0
BRDA:408,26,1,0
BRDA:421,27,0,0
BRDA:421,27,1,0
BRDA:422,28,0,0
BRDA:422,28,1,0
BRDA:431,29,0,0
BRDA:431,29,1,0
BRDA:432,30,0,0
BRDA:432,30,1,0
BRF:60
BRH:23
end_of_record
